Logging level: Normal
Provided extension output folder does not exist: /home/nikitafin/Documents/temp/creatly-backend/.vscode.
Switching to default: ./.vscode.
Dropping various extension output files at /home/nikitafin/Documents/temp/creatly-backend/.vscode
Configurations cached at /home/nikitafin/Documents/temp/creatly-backend/.vscode/configurationCache.log
No path to the makefile is defined in the settings file.
No folder path to the makefile is defined in the settings file.
Always pre-configure: false
Dry-run switches: --always-make,--keep-going,--print-directory
Additional compiler names: 
Exclude compiler names: 
No current configuration is defined in the workspace state. Assuming 'Default'.
No target defined in the workspace state. Assuming 'Default'.
No current launch configuration is set in the workspace state.
Default launch configuration: MIMode = undefined,
                    miDebuggerPath = undefined,
                    stopAtEntry = undefined,
                    symbolSearchPath = undefined
Configure on open: true
Configure on edit: true
Configure after command: true
Only .PHONY targets: false
Save before build or configure: true
Build before launch: true
Clear output before build: true
Ignore directory commands: true
compile_commands.json path: null
Deduced command 'make ' for configuration "Default"
Saving opened files before build.
Generating configuration cache with command: 'make --dry-run --always-make --keep-going --print-directory'
Writing the dry-run output: /home/nikitafin/Documents/temp/creatly-backend/.vscode/dryrun.log
Generating dry-run elapsed time: 0.036
Preprocessing: "/home/nikitafin/Documents/temp/creatly-backend/.vscode/dryrun.log"
Preprocess elapsed time: 0
Parsing for IntelliSense.
Updating the CppTools IntelliSense Configuration Provider.
Parsing dry-run output for CppTools Custom Configuration Provider.
Parsing for IntelliSense elapsed time: 0.002
Parsing for launch targets.
No launch configurations have been detected.
Complete list of launch targets: 
Parsing for launch targets elapsed time: 0.002
Generating parse content for build targets.
Generating targets information with command: 'make all --print-data-base --no-builtin-variables --no-builtin-rules --question'
Writing the dry-run output: /home/nikitafin/Documents/temp/creatly-backend/.vscode/targets.log
Generating dry-run elapsed time: 0.01
Parsing for build targets from: "/home/nikitafin/Documents/temp/creatly-backend/.vscode/targets.log"
Found the following 9 build targets defined in the makefile: build;debug;gen;lint;run;swag;test;test.coverage;test.integration
Complete list of build targets: build;debug;gen;lint;run;swag;test;test.coverage;test.integration
Parsing build targets elapsed time: 0.001
Configure finished. The status for all the subphases that ran:
loadFromCache: return code = -3, elapsed time = 0
generateParseContent: return code = 0, elapsed time = 0.036
preprocessParseContent: return code = 0, elapsed time = 0
parseIntelliSense: return code = 0, elapsed time = 0.002
parseLaunch: return code = 0, elapsed time = 0.002
dryrunTargets: return code = 2, elapsed time = 0.01
parseTargets: return code = 0, elapsed time = 0.001
Configure succeeded.
Configure elapsed time: 1.282
