[Info  - 16:32:06.31] Reading sessions from keychain...
[Info  - 16:32:06.89] Getting sessions for user:email...
[Info  - 16:32:06.89] Getting sessions for all scopes...
[Trace  - 16:32:06.192] Token acquired from secret storage.
[Info  - 16:32:06.192] Got stored sessions!
[Trace  - 16:32:06.193] Read the following session from the keychain with the following scopes: user:email
[Info  - 16:32:06.193] Got 1 verified sessions.
[Info  - 16:32:06.193] Got 1 sessions for user:email...
[Info  - 16:32:06.193] Got 1 sessions for ...
[Info  - 16:32:06.236] Getting sessions for read:user,repo,user:email,workflow...
[Info  - 16:32:06.240] Got 0 sessions for read:user,repo,user:email,workflow...
[Info  - 16:32:06.366] Getting sessions for repo,workflow...
[Info  - 16:32:06.367] Got 0 sessions for repo,workflow...
[Info  - 16:32:06.427] Getting sessions for read:user,repo,user:email...
[Info  - 16:32:06.427] Got 0 sessions for read:user,repo,user:email...
[Info  - 16:32:09.452] Logging in for the following scopes: repo workflow
[Info  - 16:32:09.467] Trying without local server... (repo workflow)
[Trace  - 16:32:17.206] Handling Uri...
[Info  - 16:32:17.207] Exchanging code for token...
[Info  - 16:32:17.708] Token exchange success!
[Info  - 16:32:17.708] Getting user info...
[Info  - 16:32:18.25] Got account info!
[Info  - 16:32:18.25] Storing 2 sessions...
[Info  - 16:32:18.38] Reading sessions from keychain...
[Info  - 16:32:18.38] Stored 2 sessions!
[Info  - 16:32:18.38] Login success!
[Trace  - 16:32:18.61] Token acquired from secret storage.
[Info  - 16:32:18.62] Got stored sessions!
[Trace  - 16:32:18.62] Read the following session from the keychain with the following scopes: user:email
[Trace  - 16:32:18.62] Read the following session from the keychain with the following scopes: repo workflow
[Info  - 16:32:18.62] Got 2 verified sessions.
[Info  - 16:32:18.70] Getting sessions for user:email...
[Info  - 16:32:18.71] Got 1 sessions for user:email...
[Info  - 16:32:18.95] Getting sessions for read:user,repo,user:email,workflow...
[Info  - 16:32:18.95] Got 0 sessions for read:user,repo,user:email,workflow...
[Info  - 16:32:18.348] Getting sessions for read:user,repo,user:email...
[Info  - 16:32:18.348] Got 0 sessions for read:user,repo,user:email...
