shfmt hasn't downloaded yet!Error: ENOENT: no such file or directory, stat '/home/nikitafin/.vscode/extensions/foxundermoon.shell-format-7.2.2/bin/shfmt_v3.3.1_linux_amd64'
Shfmt will be downloaded automatically!
download url: https://github.com/mvdan/sh/releases/download/v3.3.1/shfmt_v3.3.1_linux_amd64
download to: /home/nikitafin/.vscode/extensions/foxundermoon.shell-format-7.2.2/bin/shfmt_v3.3.1_linux_amd64
If the download fails, you can manually download it to the dest directory.
Or download to another directory, and then set the "shellformat.path" as the path
download shfmt page: https://github.com/mvdan/sh/releases
You can't use this plugin until the download is successful.
downloaded:[0.05%]
downloaded:[0.10%]
downloaded:[0.15%]
downloaded:[0.20%]
downloaded:[0.25%]
downloaded:[0.30%]
downloaded:[0.32%]
downloaded:[0.37%]
downloaded:[0.42%]
downloaded:[0.47%]
downloaded:[0.52%]
downloaded:[0.57%]
downloaded:[0.62%]
downloaded:[0.67%]
downloaded:[0.72%]
downloaded:[0.77%]
downloaded:[0.82%]
downloaded:[0.87%]
downloaded:[0.91%]
downloaded:[0.96%]
downloaded:[1.01%]
downloaded:[1.06%]
downloaded:[1.11%]
downloaded:[1.16%]
downloaded:[1.21%]
downloaded:[1.26%]
downloaded:[1.31%]
downloaded:[1.35%]
downloaded:[1.40%]
downloaded:[1.45%]
downloaded:[1.50%]
downloaded:[1.55%]
downloaded:[1.60%]
downloaded:[1.65%]
downloaded:[1.70%]
downloaded:[1.75%]
downloaded:[1.79%]
downloaded:[1.84%]
downloaded:[1.89%]
downloaded:[1.94%]
downloaded:[1.99%]
downloaded:[2.04%]
downloaded:[2.09%]
downloaded:[2.67%]
downloaded:[3.26%]
downloaded:[3.85%]
downloaded:[4.44%]
downloaded:[4.68%]
downloaded:[5.27%]
downloaded:[5.86%]
downloaded:[6.45%]
downloaded:[7.04%]
downloaded:[7.62%]
downloaded:[8.21%]
downloaded:[8.80%]
downloaded:[9.39%]
downloaded:[9.98%]
downloaded:[10.57%]
downloaded:[11.15%]
downloaded:[11.74%]
downloaded:[12.33%]
downloaded:[12.92%]
downloaded:[13.51%]
downloaded:[14.09%]
downloaded:[14.68%]
downloaded:[15.27%]
downloaded:[15.86%]
downloaded:[16.45%]
downloaded:[17.04%]
downloaded:[17.62%]
downloaded:[18.21%]
downloaded:[18.80%]
downloaded:[19.39%]
downloaded:[19.98%]
downloaded:[20.56%]
downloaded:[21.15%]
downloaded:[21.74%]
downloaded:[22.33%]
downloaded:[22.92%]
downloaded:[23.51%]
downloaded:[24.09%]
downloaded:[24.68%]
downloaded:[25.27%]
downloaded:[25.63%]
downloaded:[26.22%]
downloaded:[26.81%]
downloaded:[27.40%]
downloaded:[27.99%]
downloaded:[28.57%]
downloaded:[29.16%]
downloaded:[29.75%]
downloaded:[30.34%]
downloaded:[30.93%]
downloaded:[31.51%]
downloaded:[32.10%]
downloaded:[32.69%]
downloaded:[33.28%]
downloaded:[33.87%]
downloaded:[34.46%]
downloaded:[35.04%]
downloaded:[35.63%]
downloaded:[36.22%]
downloaded:[36.81%]
downloaded:[37.40%]
downloaded:[37.99%]
downloaded:[38.57%]
downloaded:[39.16%]
downloaded:[39.75%]
downloaded:[40.34%]
downloaded:[40.93%]
downloaded:[41.38%]
downloaded:[41.97%]
downloaded:[42.55%]
downloaded:[43.14%]
downloaded:[43.73%]
downloaded:[44.32%]
downloaded:[44.91%]
downloaded:[45.49%]
downloaded:[46.08%]
downloaded:[46.67%]
downloaded:[47.26%]
downloaded:[47.85%]
downloaded:[48.44%]
downloaded:[49.02%]
downloaded:[49.61%]
downloaded:[50.20%]
downloaded:[50.79%]
downloaded:[51.38%]
downloaded:[51.97%]
downloaded:[52.55%]
downloaded:[53.14%]
downloaded:[53.73%]
downloaded:[54.32%]
downloaded:[54.91%]
downloaded:[55.49%]
downloaded:[56.08%]
downloaded:[56.67%]
downloaded:[57.26%]
downloaded:[57.85%]
downloaded:[58.44%]
downloaded:[59.02%]
downloaded:[59.61%]
downloaded:[60.20%]
downloaded:[60.79%]
downloaded:[61.38%]
downloaded:[61.97%]
downloaded:[62.55%]
downloaded:[63.14%]
downloaded:[63.73%]
downloaded:[64.32%]
downloaded:[64.91%]
downloaded:[65.49%]
downloaded:[66.08%]
downloaded:[66.67%]
downloaded:[67.26%]
downloaded:[67.85%]
downloaded:[68.44%]
downloaded:[69.02%]
downloaded:[69.61%]
downloaded:[70.20%]
downloaded:[70.79%]
downloaded:[71.38%]
downloaded:[71.97%]
downloaded:[72.55%]
downloaded:[73.14%]
downloaded:[73.73%]
downloaded:[74.32%]
downloaded:[74.91%]
downloaded:[75.49%]
downloaded:[76.08%]
downloaded:[76.67%]
downloaded:[77.26%]
downloaded:[77.85%]
downloaded:[78.44%]
downloaded:[79.02%]
downloaded:[79.61%]
downloaded:[80.20%]
downloaded:[80.79%]
downloaded:[81.38%]
downloaded:[81.97%]
downloaded:[82.55%]
downloaded:[83.14%]
downloaded:[83.73%]
downloaded:[84.32%]
downloaded:[84.91%]
downloaded:[85.49%]
downloaded:[86.08%]
downloaded:[86.67%]
downloaded:[87.26%]
downloaded:[87.85%]
downloaded:[88.44%]
downloaded:[89.02%]
downloaded:[89.61%]
downloaded:[90.20%]
downloaded:[90.79%]
downloaded:[91.38%]
downloaded:[91.97%]
downloaded:[92.55%]
downloaded:[93.14%]
downloaded:[93.73%]
downloaded:[94.32%]
downloaded:[94.91%]
downloaded:[95.49%]
downloaded:[96.08%]
downloaded:[96.67%]
downloaded:[97.26%]
downloaded:[97.85%]
downloaded:[98.44%]
downloaded:[99.02%]
downloaded:[99.61%]
downloaded:[100.00%]
download success, You can use it successfully!
Start or issues can be submitted here https://git.io/shfmt
Effective shfmt flags: 
Effective shfmt flags: 
Effective shfmt flags: 
Effective shfmt flags: 
Effective shfmt flags: 
Effective shfmt flags: 
