[2022-05-23T16:32:05.936Z] Validating found git in: git
[2022-05-23T16:32:05.989Z] Using git 2.34.1 from git
[2022-05-23T16:32:06.057Z] > git rev-parse --show-toplevel [63ms]
[2022-05-23T16:32:06.180Z] > git rev-parse --git-dir --git-common-dir [119ms]
[2022-05-23T16:32:06.181Z] Open repository: /home/nikitafin/Documents/temp/creatly-backend
[2022-05-23T16:32:06.193Z] > git status -z -uall [5ms]
[2022-05-23T16:32:06.197Z] > git symbolic-ref --short HEAD [1ms]
[2022-05-23T16:32:06.201Z] > git for-each-ref --format=%(refname)%00%(upstream:short)%00%(objectname)%00%(upstream:track)%00%(upstream:remotename)%00%(upstream:remoteref) refs/heads/main refs/remotes/main [1ms]
[2022-05-23T16:32:06.214Z] > git remote --verbose [4ms]
[2022-05-23T16:32:06.214Z] > git for-each-ref --sort -committerdate --format %(refname) %(objectname) %(*objectname) [9ms]
[2022-05-23T16:32:06.228Z] > git config --get commit.template [5ms]
[2022-05-23T16:32:07.178Z] > git check-ignore -v -z --stdin [23ms]
[2022-05-23T16:32:07.183Z] > git fetch [997ms]
[2022-05-23T16:32:07.188Z] > git status -z -uall [1ms]
[2022-05-23T16:32:07.237Z] > git symbolic-ref --short HEAD [45ms]
[2022-05-23T16:32:07.244Z] > git for-each-ref --format=%(refname)%00%(upstream:short)%00%(objectname)%00%(upstream:track)%00%(upstream:remotename)%00%(upstream:remoteref) refs/heads/main refs/remotes/main [2ms]
[2022-05-23T16:32:07.255Z] > git config --local branch.main.github-pr-owner-number [22ms]
[2022-05-23T16:32:07.275Z] > git remote --verbose [20ms]
[2022-05-23T16:32:07.276Z] > git for-each-ref --sort -committerdate --format %(refname) %(objectname) %(*objectname) [26ms]
[2022-05-23T16:32:07.298Z] > git config --get commit.template [12ms]
[2022-05-23T16:32:07.692Z] > git check-ignore -v -z --stdin [4ms]
[2022-05-23T16:32:09.462Z] > git status -z -uall [2ms]
[2022-05-23T16:32:09.468Z] > git symbolic-ref --short HEAD [1ms]
[2022-05-23T16:32:09.476Z] > git for-each-ref --format=%(refname)%00%(upstream:short)%00%(objectname)%00%(upstream:track)%00%(upstream:remotename)%00%(upstream:remoteref) refs/heads/main refs/remotes/main [2ms]
[2022-05-23T16:32:09.492Z] > git for-each-ref --sort -committerdate --format %(refname) %(objectname) %(*objectname) [9ms]
[2022-05-23T16:32:09.492Z] > git remote --verbose [1ms]
[2022-05-23T16:32:09.501Z] > git config --get commit.template [0ms]
[2022-05-23T16:32:18.062Z] > git status -z -uall [1ms]
[2022-05-23T16:32:18.071Z] > git symbolic-ref --short HEAD [1ms]
[2022-05-23T16:32:18.080Z] > git for-each-ref --format=%(refname)%00%(upstream:short)%00%(objectname)%00%(upstream:track)%00%(upstream:remotename)%00%(upstream:remoteref) refs/heads/main refs/remotes/main [1ms]
[2022-05-23T16:32:18.095Z] > git for-each-ref --sort -committerdate --format %(refname) %(objectname) %(*objectname) [6ms]
[2022-05-23T16:32:18.096Z] > git remote --verbose [2ms]
[2022-05-23T16:32:18.105Z] > git config --get commit.template [1ms]
[2022-05-23T16:32:18.334Z] > git status -z -uall [220ms]
[2022-05-23T16:32:18.341Z] > git symbolic-ref --short HEAD [1ms]
[2022-05-23T16:32:18.348Z] > git for-each-ref --format=%(refname)%00%(upstream:short)%00%(objectname)%00%(upstream:track)%00%(upstream:remotename)%00%(upstream:remoteref) refs/heads/main refs/remotes/main [0ms]
[2022-05-23T16:32:18.363Z] > git for-each-ref --sort -committerdate --format %(refname) %(objectname) %(*objectname) [8ms]
[2022-05-23T16:32:18.363Z] > git remote --verbose [2ms]
[2022-05-23T16:32:18.378Z] > git config --get commit.template [9ms]
[2022-05-23T16:32:18.385Z] > git config --local branch.main.github-pr-owner-number [7ms]
[2022-05-23T16:32:20.012Z] > git status -z -uall [1ms]
[2022-05-23T16:32:20.021Z] > git symbolic-ref --short HEAD [0ms]
[2022-05-23T16:32:20.030Z] > git for-each-ref --format=%(refname)%00%(upstream:short)%00%(objectname)%00%(upstream:track)%00%(upstream:remotename)%00%(upstream:remoteref) refs/heads/main refs/remotes/main [1ms]
[2022-05-23T16:32:20.045Z] > git for-each-ref --sort -committerdate --format %(refname) %(objectname) %(*objectname) [7ms]
[2022-05-23T16:32:20.045Z] > git remote --verbose [1ms]
[2022-05-23T16:32:20.054Z] > git config --get commit.template [0ms]
[2022-05-23T16:33:03.077Z] > git check-ignore -v -z --stdin [1ms]
[2022-05-23T16:33:03.609Z] > git show --textconv :tests/admins_test.go [6ms]
[2022-05-23T16:33:03.610Z] > git ls-files --stage -- /home/nikitafin/Documents/temp/creatly-backend/tests/admins_test.go [1ms]
[2022-05-23T16:33:03.618Z] > git cat-file -s df3cac47c701831ba0da7bc77dfa75002e2419cd [1ms]
[2022-05-23T16:33:10.744Z] > git show --textconv :tests/admins_test.go [5ms]
[2022-05-23T16:33:10.744Z] > git ls-files --stage -- /home/nikitafin/Documents/temp/creatly-backend/tests/admins_test.go [1ms]
[2022-05-23T16:33:10.751Z] > git cat-file -s df3cac47c701831ba0da7bc77dfa75002e2419cd [1ms]
[2022-05-23T16:33:16.364Z] > git show --textconv :tests/admins_test.go [7ms]
[2022-05-23T16:33:16.365Z] > git ls-files --stage -- /home/nikitafin/Documents/temp/creatly-backend/tests/admins_test.go [1ms]
[2022-05-23T16:33:16.373Z] > git cat-file -s df3cac47c701831ba0da7bc77dfa75002e2419cd [1ms]
[2022-05-23T16:33:19.627Z] > git check-ignore -v -z --stdin [1ms]
[2022-05-23T16:33:20.664Z] > git check-ignore -v -z --stdin [1ms]
[2022-05-23T16:33:25.369Z] > git check-ignore -v -z --stdin [1ms]
[2022-05-23T16:33:25.576Z] > git show --textconv :cmd/app/main.go [5ms]
[2022-05-23T16:33:25.576Z] > git ls-files --stage -- /home/nikitafin/Documents/temp/creatly-backend/cmd/app/main.go [1ms]
[2022-05-23T16:33:25.586Z] > git cat-file -s 0331a403ebb109dd1d475665d37d86fba2972721 [2ms]
[2022-05-23T16:33:29.559Z] > git show --textconv :internal/app/app.go [5ms]
[2022-05-23T16:33:29.560Z] > git ls-files --stage -- /home/nikitafin/Documents/temp/creatly-backend/internal/app/app.go [1ms]
[2022-05-23T16:33:29.565Z] > git cat-file -s 612ce224a0ceb1d02c178d68fb5d6832b9ce7129 [1ms]
[2022-05-23T16:33:29.967Z] > git check-ignore -v -z --stdin [1ms]
[2022-05-23T16:34:03.750Z] > git show --textconv :internal/delivery/http/handler.go [5ms]
[2022-05-23T16:34:03.751Z] > git ls-files --stage -- /home/nikitafin/Documents/temp/creatly-backend/internal/delivery/http/handler.go [1ms]
[2022-05-23T16:34:03.758Z] > git cat-file -s 6a6b85fc149e6bc41e0e5fb1d2061f9c20d1d5f5 [1ms]
[2022-05-23T16:34:04.131Z] > git check-ignore -v -z --stdin [0ms]
[2022-05-23T16:34:16.038Z] > git show --textconv :internal/delivery/http/v1/handler.go [6ms]
[2022-05-23T16:34:16.039Z] > git ls-files --stage -- /home/nikitafin/Documents/temp/creatly-backend/internal/delivery/http/v1/handler.go [1ms]
[2022-05-23T16:34:16.046Z] > git cat-file -s 822d5ee048bcc348553886e3d3ecc140ea315a4f [0ms]
[2022-05-23T16:34:16.400Z] > git check-ignore -v -z --stdin [1ms]
[2022-05-23T16:34:32.006Z] > git show --textconv :internal/delivery/http/v1/users.go [7ms]
[2022-05-23T16:34:32.006Z] > git ls-files --stage -- /home/nikitafin/Documents/temp/creatly-backend/internal/delivery/http/v1/users.go [1ms]
[2022-05-23T16:34:32.013Z] > git cat-file -s 7e6130c38f3356e5804dcac18fcdb4f12dd1e0e9 [0ms]
[2022-05-23T16:35:07.809Z] > git fetch [502ms]
[2022-05-23T16:35:07.819Z] > git status -z -uall [2ms]
[2022-05-23T16:35:07.827Z] > git symbolic-ref --short HEAD [1ms]
[2022-05-23T16:35:07.835Z] > git for-each-ref --format=%(refname)%00%(upstream:short)%00%(objectname)%00%(upstream:track)%00%(upstream:remotename)%00%(upstream:remoteref) refs/heads/main refs/remotes/main [1ms]
[2022-05-23T16:35:07.847Z] > git for-each-ref --sort -committerdate --format %(refname) %(objectname) %(*objectname) [6ms]
[2022-05-23T16:35:07.848Z] > git remote --verbose [1ms]
[2022-05-23T16:35:07.857Z] > git config --get commit.template [0ms]
[2022-05-23T16:35:09.205Z] > git status -z -uall [1ms]
[2022-05-23T16:35:09.214Z] > git symbolic-ref --short HEAD [0ms]
[2022-05-23T16:35:09.223Z] > git for-each-ref --format=%(refname)%00%(upstream:short)%00%(objectname)%00%(upstream:track)%00%(upstream:remotename)%00%(upstream:remoteref) refs/heads/main refs/remotes/main [1ms]
[2022-05-23T16:35:09.244Z] > git for-each-ref --sort -committerdate --format %(refname) %(objectname) %(*objectname) [13ms]
[2022-05-23T16:35:09.245Z] > git ls-files --stage -- /home/nikitafin/Documents/temp/creatly-backend/internal/delivery/http/v1/users.go [1ms]
[2022-05-23T16:35:09.253Z] > git remote --verbose [16ms]
[2022-05-23T16:35:09.261Z] > git cat-file -s 7e6130c38f3356e5804dcac18fcdb4f12dd1e0e9 [9ms]
[2022-05-23T16:35:09.261Z] > git config --get commit.template [1ms]
[2022-05-23T16:35:09.277Z] > git show --textconv :internal/delivery/http/v1/users.go [1ms]
[2022-05-23T16:35:57.765Z] > git show --textconv :internal/delivery/http/v1/middleware.go [6ms]
[2022-05-23T16:35:57.766Z] > git ls-files --stage -- /home/nikitafin/Documents/temp/creatly-backend/internal/delivery/http/v1/middleware.go [1ms]
[2022-05-23T16:35:57.773Z] > git cat-file -s 90596ed2f138ca28f099bda2ee28256647e1e24d [1ms]
[2022-05-23T16:36:49.495Z] > git show --textconv :pkg/auth/manager.go [7ms]
[2022-05-23T16:36:49.496Z] > git ls-files --stage -- /home/nikitafin/Documents/temp/creatly-backend/pkg/auth/manager.go [1ms]
[2022-05-23T16:36:49.502Z] > git cat-file -s 308989d73b71218f721a6734af084e5c3bf556c2 [0ms]
[2022-05-23T16:36:49.778Z] > git check-ignore -v -z --stdin [2ms]
[2022-05-23T16:36:51.906Z] > git show --textconv :internal/delivery/http/v1/middleware.go [6ms]
[2022-05-23T16:36:51.906Z] > git ls-files --stage -- /home/nikitafin/Documents/temp/creatly-backend/internal/delivery/http/v1/middleware.go [0ms]
[2022-05-23T16:36:51.913Z] > git cat-file -s 90596ed2f138ca28f099bda2ee28256647e1e24d [1ms]
[2022-05-23T16:36:53.256Z] > git show --textconv :pkg/auth/manager.go [7ms]
[2022-05-23T16:36:53.256Z] > git ls-files --stage -- /home/nikitafin/Documents/temp/creatly-backend/pkg/auth/manager.go [1ms]
[2022-05-23T16:36:53.263Z] > git cat-file -s 308989d73b71218f721a6734af084e5c3bf556c2 [0ms]
[2022-05-23T16:37:10.554Z] > git show --textconv :internal/delivery/http/v1/middleware.go [8ms]
[2022-05-23T16:37:10.554Z] > git ls-files --stage -- /home/nikitafin/Documents/temp/creatly-backend/internal/delivery/http/v1/middleware.go [1ms]
[2022-05-23T16:37:10.562Z] > git cat-file -s 90596ed2f138ca28f099bda2ee28256647e1e24d [1ms]
[2022-05-23T16:37:13.624Z] > git show --textconv :pkg/auth/manager.go [8ms]
[2022-05-23T16:37:13.624Z] > git ls-files --stage -- /home/nikitafin/Documents/temp/creatly-backend/pkg/auth/manager.go [1ms]
[2022-05-23T16:37:13.633Z] > git cat-file -s 308989d73b71218f721a6734af084e5c3bf556c2 [1ms]
[2022-05-23T16:37:15.019Z] > git show --textconv :internal/delivery/http/v1/middleware.go [9ms]
[2022-05-23T16:37:15.020Z] > git ls-files --stage -- /home/nikitafin/Documents/temp/creatly-backend/internal/delivery/http/v1/middleware.go [3ms]
[2022-05-23T16:37:15.027Z] > git cat-file -s 90596ed2f138ca28f099bda2ee28256647e1e24d [1ms]
[2022-05-23T16:37:15.796Z] > git show --textconv :internal/delivery/http/v1/users.go [9ms]
[2022-05-23T16:37:15.797Z] > git ls-files --stage -- /home/nikitafin/Documents/temp/creatly-backend/internal/delivery/http/v1/users.go [3ms]
[2022-05-23T16:37:15.804Z] > git cat-file -s 7e6130c38f3356e5804dcac18fcdb4f12dd1e0e9 [0ms]
[2022-05-23T16:37:22.778Z] > git show --textconv :internal/delivery/http/v1/middleware.go [7ms]
[2022-05-23T16:37:22.778Z] > git ls-files --stage -- /home/nikitafin/Documents/temp/creatly-backend/internal/delivery/http/v1/middleware.go [1ms]
[2022-05-23T16:37:22.785Z] > git cat-file -s 90596ed2f138ca28f099bda2ee28256647e1e24d [0ms]
[2022-05-23T16:37:44.696Z] > git rev-parse --show-toplevel [17ms]
[2022-05-23T16:37:44.696Z] fatal: not a git repository (or any of the parent directories): .git
[2022-05-23T16:37:50.667Z] > git show --textconv :internal/delivery/http/v1/middleware.go [8ms]
[2022-05-23T16:37:50.668Z] > git ls-files --stage -- /home/nikitafin/Documents/temp/creatly-backend/internal/delivery/http/v1/middleware.go [2ms]
[2022-05-23T16:37:50.675Z] > git cat-file -s 90596ed2f138ca28f099bda2ee28256647e1e24d [1ms]
[2022-05-23T16:37:56.896Z] > git rev-parse --show-toplevel [20ms]
[2022-05-23T16:37:56.896Z] fatal: not a git repository (or any of the parent directories): .git
[2022-05-23T16:37:57.848Z] > git show --textconv :internal/delivery/http/v1/users.go [6ms]
[2022-05-23T16:37:57.848Z] > git ls-files --stage -- /home/nikitafin/Documents/temp/creatly-backend/internal/delivery/http/v1/users.go [0ms]
[2022-05-23T16:37:57.854Z] > git cat-file -s 7e6130c38f3356e5804dcac18fcdb4f12dd1e0e9 [1ms]
[2022-05-23T16:38:08.366Z] > git fetch [501ms]
[2022-05-23T16:38:08.376Z] > git status -z -uall [2ms]
[2022-05-23T16:38:08.384Z] > git symbolic-ref --short HEAD [1ms]
[2022-05-23T16:38:08.390Z] > git for-each-ref --format=%(refname)%00%(upstream:short)%00%(objectname)%00%(upstream:track)%00%(upstream:remotename)%00%(upstream:remoteref) refs/heads/main refs/remotes/main [1ms]
[2022-05-23T16:38:08.406Z] > git remote --verbose [2ms]
[2022-05-23T16:38:08.406Z] > git for-each-ref --sort -committerdate --format %(refname) %(objectname) %(*objectname) [8ms]
[2022-05-23T16:38:08.416Z] > git config --get commit.template [1ms]
[2022-05-23T16:38:09.525Z] > git ls-files --stage -- /home/nikitafin/Documents/temp/creatly-backend/internal/delivery/http/v1/users.go [0ms]
[2022-05-23T16:38:09.533Z] > git cat-file -s 7e6130c38f3356e5804dcac18fcdb4f12dd1e0e9 [1ms]
[2022-05-23T16:38:09.543Z] > git show --textconv :internal/delivery/http/v1/users.go [1ms]
[2022-05-23T16:45:50.309Z] > git fetch [640ms]
[2022-05-23T16:45:50.318Z] > git status -z -uall [2ms]
[2022-05-23T16:45:50.324Z] > git symbolic-ref --short HEAD [1ms]
[2022-05-23T16:45:50.330Z] > git for-each-ref --format=%(refname)%00%(upstream:short)%00%(objectname)%00%(upstream:track)%00%(upstream:remotename)%00%(upstream:remoteref) refs/heads/main refs/remotes/main [1ms]
[2022-05-23T16:45:50.344Z] > git for-each-ref --sort -committerdate --format %(refname) %(objectname) %(*objectname) [7ms]
[2022-05-23T16:45:50.344Z] > git remote --verbose [1ms]
[2022-05-23T16:45:50.352Z] > git config --get commit.template [1ms]
[2022-05-23T16:45:51.366Z] > git status -z -uall [2ms]
[2022-05-23T16:45:51.372Z] > git symbolic-ref --short HEAD [0ms]
[2022-05-23T16:45:51.380Z] > git for-each-ref --format=%(refname)%00%(upstream:short)%00%(objectname)%00%(upstream:track)%00%(upstream:remotename)%00%(upstream:remoteref) refs/heads/main refs/remotes/main [1ms]
[2022-05-23T16:45:51.392Z] > git for-each-ref --sort -committerdate --format %(refname) %(objectname) %(*objectname) [7ms]
[2022-05-23T16:45:51.392Z] > git remote --verbose [1ms]
[2022-05-23T16:45:51.400Z] > git config --get commit.template [1ms]
[2022-05-23T16:45:51.467Z] > git ls-files --stage -- /home/nikitafin/Documents/temp/creatly-backend/internal/delivery/http/v1/users.go [1ms]
[2022-05-23T16:45:51.474Z] > git cat-file -s 7e6130c38f3356e5804dcac18fcdb4f12dd1e0e9 [1ms]
[2022-05-23T16:45:51.484Z] > git show --textconv :internal/delivery/http/v1/users.go [1ms]
[2022-05-23T16:46:30.608Z] > git show --textconv :internal/service/service.go [12ms]
[2022-05-23T16:46:30.609Z] > git ls-files --stage -- /home/nikitafin/Documents/temp/creatly-backend/internal/service/service.go [2ms]
[2022-05-23T16:46:30.619Z] > git cat-file -s c083496e417cd43e0923c02c095ca350dfdb307f [1ms]
[2022-05-23T16:46:31.009Z] > git check-ignore -v -z --stdin [1ms]
[2022-05-23T16:46:46.473Z] > git show --textconv :internal/service/users.go [6ms]
[2022-05-23T16:46:46.474Z] > git ls-files --stage -- /home/nikitafin/Documents/temp/creatly-backend/internal/service/users.go [1ms]
[2022-05-23T16:46:46.480Z] > git cat-file -s b99c10a0fd7ba074cdd91cd86fef897d7d2959a2 [1ms]
[2022-05-23T16:48:50.860Z] > git fetch [499ms]
[2022-05-23T16:48:50.869Z] > git status -z -uall [2ms]
[2022-05-23T16:48:50.876Z] > git symbolic-ref --short HEAD [1ms]
[2022-05-23T16:48:50.884Z] > git for-each-ref --format=%(refname)%00%(upstream:short)%00%(objectname)%00%(upstream:track)%00%(upstream:remotename)%00%(upstream:remoteref) refs/heads/main refs/remotes/main [1ms]
[2022-05-23T16:48:50.898Z] > git for-each-ref --sort -committerdate --format %(refname) %(objectname) %(*objectname) [7ms]
[2022-05-23T16:48:50.898Z] > git remote --verbose [1ms]
[2022-05-23T16:48:50.907Z] > git config --get commit.template [1ms]
[2022-05-23T16:48:51.919Z] > git status -z -uall [2ms]
[2022-05-23T16:48:51.926Z] > git symbolic-ref --short HEAD [1ms]
[2022-05-23T16:48:51.933Z] > git for-each-ref --format=%(refname)%00%(upstream:short)%00%(objectname)%00%(upstream:track)%00%(upstream:remotename)%00%(upstream:remoteref) refs/heads/main refs/remotes/main [1ms]
[2022-05-23T16:48:51.944Z] > git for-each-ref --sort -committerdate --format %(refname) %(objectname) %(*objectname) [6ms]
[2022-05-23T16:48:51.945Z] > git remote --verbose [1ms]
[2022-05-23T16:48:51.951Z] > git config --get commit.template [1ms]
[2022-05-23T16:48:52.021Z] > git ls-files --stage -- /home/nikitafin/Documents/temp/creatly-backend/internal/service/users.go [1ms]
[2022-05-23T16:48:52.028Z] > git cat-file -s b99c10a0fd7ba074cdd91cd86fef897d7d2959a2 [1ms]
[2022-05-23T16:48:52.038Z] > git show --textconv :internal/service/users.go [1ms]
[2022-05-23T17:25:11.993Z] > git fetch [635ms]
[2022-05-23T17:25:12.009Z] > git status -z -uall [7ms]
[2022-05-23T17:25:12.020Z] > git symbolic-ref --short HEAD [1ms]
[2022-05-23T17:25:12.029Z] > git for-each-ref --format=%(refname)%00%(upstream:short)%00%(objectname)%00%(upstream:track)%00%(upstream:remotename)%00%(upstream:remoteref) refs/heads/main refs/remotes/main [1ms]
[2022-05-23T17:25:12.048Z] > git for-each-ref --sort -committerdate --format %(refname) %(objectname) %(*objectname) [9ms]
[2022-05-23T17:25:12.049Z] > git remote --verbose [2ms]
[2022-05-23T17:25:12.060Z] > git config --get commit.template [1ms]
[2022-05-23T17:25:33.069Z] > git ls-files --stage -- /home/nikitafin/Documents/temp/creatly-backend/internal/service/users.go [1ms]
[2022-05-23T17:25:33.076Z] > git cat-file -s b99c10a0fd7ba074cdd91cd86fef897d7d2959a2 [0ms]
[2022-05-23T17:25:33.106Z] > git show --textconv :internal/service/users.go [1ms]
[2022-05-24T14:41:53.785Z] > git fetch [503ms]
[2022-05-24T14:41:53.801Z] > git status -z -uall [7ms]
[2022-05-24T14:41:53.809Z] > git symbolic-ref --short HEAD [1ms]
[2022-05-24T14:41:53.816Z] > git for-each-ref --format=%(refname)%00%(upstream:short)%00%(objectname)%00%(upstream:track)%00%(upstream:remotename)%00%(upstream:remoteref) refs/heads/main refs/remotes/main [0ms]
[2022-05-24T14:41:53.832Z] > git for-each-ref --sort -committerdate --format %(refname) %(objectname) %(*objectname) [9ms]
[2022-05-24T14:41:53.832Z] > git remote --verbose [2ms]
[2022-05-24T14:41:53.842Z] > git config --get commit.template [1ms]
[2022-05-24T14:41:54.947Z] > git ls-files --stage -- /home/nikitafin/Documents/temp/creatly-backend/internal/service/users.go [0ms]
[2022-05-24T14:41:54.955Z] > git cat-file -s b99c10a0fd7ba074cdd91cd86fef897d7d2959a2 [0ms]
[2022-05-24T14:41:54.966Z] > git show --textconv :internal/service/users.go [1ms]
[2022-05-24T14:41:56.041Z] > git rev-parse --show-toplevel [10ms]
[2022-05-24T14:41:56.042Z] fatal: not a git repository (or any of the parent directories): .git
[2022-05-24T14:41:56.242Z] > git rev-parse --show-toplevel [9ms]
[2022-05-24T14:41:56.242Z] fatal: not a git repository (or any of the parent directories): .git
[2022-05-24T14:42:54.836Z] > git show --textconv :cmd/app/main.go [8ms]
[2022-05-24T14:42:54.837Z] > git ls-files --stage -- /home/nikitafin/Documents/temp/creatly-backend/cmd/app/main.go [2ms]
[2022-05-24T14:42:54.847Z] > git cat-file -s 0331a403ebb109dd1d475665d37d86fba2972721 [2ms]
[2022-05-24T14:42:55.647Z] > git show --textconv :internal/app/app.go [9ms]
[2022-05-24T14:42:55.648Z] > git ls-files --stage -- /home/nikitafin/Documents/temp/creatly-backend/internal/app/app.go [3ms]
[2022-05-24T14:42:55.656Z] > git cat-file -s 612ce224a0ceb1d02c178d68fb5d6832b9ce7129 [0ms]
[2022-05-24T14:42:57.446Z] > git show --textconv :pkg/auth/manager.go [8ms]
[2022-05-24T14:42:57.447Z] > git ls-files --stage -- /home/nikitafin/Documents/temp/creatly-backend/pkg/auth/manager.go [1ms]
[2022-05-24T14:42:57.455Z] > git cat-file -s 308989d73b71218f721a6734af084e5c3bf556c2 [0ms]
[2022-05-24T14:42:58.686Z] > git rev-parse --show-toplevel [11ms]
[2022-05-24T14:42:58.686Z] fatal: not a git repository (or any of the parent directories): .git
[2022-05-24T14:45:29.641Z] > git fetch [497ms]
[2022-05-24T14:45:29.652Z] > git status -z -uall [2ms]
[2022-05-24T14:45:29.660Z] > git symbolic-ref --short HEAD [1ms]
[2022-05-24T14:45:29.668Z] > git for-each-ref --format=%(refname)%00%(upstream:short)%00%(objectname)%00%(upstream:track)%00%(upstream:remotename)%00%(upstream:remoteref) refs/heads/main refs/remotes/main [1ms]
[2022-05-24T14:45:29.682Z] > git for-each-ref --sort -committerdate --format %(refname) %(objectname) %(*objectname) [7ms]
[2022-05-24T14:45:29.682Z] > git remote --verbose [1ms]
[2022-05-24T14:45:29.691Z] > git config --get commit.template [0ms]
[2022-05-24T14:54:23.621Z] > git fetch [501ms]
[2022-05-24T14:54:23.631Z] > git status -z -uall [2ms]
[2022-05-24T14:54:23.639Z] > git symbolic-ref --short HEAD [1ms]
[2022-05-24T14:54:23.649Z] > git for-each-ref --format=%(refname)%00%(upstream:short)%00%(objectname)%00%(upstream:track)%00%(upstream:remotename)%00%(upstream:remoteref) refs/heads/main refs/remotes/main [1ms]
[2022-05-24T14:54:23.667Z] > git for-each-ref --sort -committerdate --format %(refname) %(objectname) %(*objectname) [9ms]
[2022-05-24T14:54:23.667Z] > git remote --verbose [1ms]
[2022-05-24T14:54:23.679Z] > git config --get commit.template [1ms]
