[2022-05-23 19:32:05.111] [settingssync] [info] Using settings sync service https://vscode-sync.trafficmanager.net/
[2022-05-23 19:32:05.111] [settingssync] [info] Auto Sync is enabled.
[2022-05-23 19:32:05.111] [settingssync] [info] Auto Sync: Suspended until auth token is available.
[2022-05-23 19:32:06.233] [settingssync] [info] Auto Sync: Started
[2022-05-23 19:32:06.233] [settingssync] [info] Auto Sync: Triggered by Interval
[2022-05-23 19:32:06.965] [settingssync] [info] Settings: No changes found during synchronizing settings.
[2022-05-23 19:32:06.970] [settingssync] [info] Keybindings: No changes found during synchronizing keybindings.
[2022-05-23 19:32:06.974] [settingssync] [info] Snippets: No changes found during synchronizing snippets.
[2022-05-23 19:32:06.976] [settingssync] [info] Tasks: No changes found during synchronizing tasks.
[2022-05-23 19:32:07.315] [settingssync] [info] GlobalState: Updated remote ui state
[2022-05-23 19:32:07.319] [settingssync] [info] GlobalState: Updated last synchronized ui state
[2022-05-23 19:32:07.407] [settingssync] [info] Extensions: No changes found during synchronizing extensions.
[2022-05-23 19:32:07.410] [settingssync] [info] Sync done. Took 520ms
[2022-05-23 19:32:08.696] [settingssync] [info] Auto Sync: Triggered by Activity
[2022-05-23 19:32:08.856] [settingssync] [info] Settings: No changes found during synchronizing settings.
[2022-05-23 19:32:08.859] [settingssync] [info] Keybindings: No changes found during synchronizing keybindings.
[2022-05-23 19:32:08.862] [settingssync] [info] Snippets: No changes found during synchronizing snippets.
[2022-05-23 19:32:08.864] [settingssync] [info] Tasks: No changes found during synchronizing tasks.
[2022-05-23 19:32:08.868] [settingssync] [info] GlobalState: No changes found during synchronizing ui state.
[2022-05-23 19:32:08.939] [settingssync] [info] Extensions: No changes found during synchronizing extensions.
[2022-05-23 19:32:08.940] [settingssync] [info] Sync done. Took 133ms
[2022-05-23 19:32:27.805] [settingssync] [info] Auto Sync: Triggered by Activity
[2022-05-23 19:32:28.035] [settingssync] [info] Settings: No changes found during synchronizing settings.
[2022-05-23 19:32:28.042] [settingssync] [info] Keybindings: No changes found during synchronizing keybindings.
[2022-05-23 19:32:28.045] [settingssync] [info] Snippets: No changes found during synchronizing snippets.
[2022-05-23 19:32:28.047] [settingssync] [info] Tasks: No changes found during synchronizing tasks.
[2022-05-23 19:32:28.855] [settingssync] [info] GlobalState: Updated remote ui state
[2022-05-23 19:32:28.858] [settingssync] [info] GlobalState: Updated last synchronized ui state
[2022-05-23 19:32:28.962] [settingssync] [info] Extensions: No changes found during synchronizing extensions.
[2022-05-23 19:32:28.963] [settingssync] [info] Sync done. Took 993ms
[2022-05-23 19:32:32.747] [settingssync] [info] Auto Sync: Triggered by Activity
[2022-05-23 19:32:34.074] [settingssync] [info] Settings: Updated remote settings
[2022-05-23 19:32:34.079] [settingssync] [info] Settings: Updated last synchronized settings
[2022-05-23 19:32:34.082] [settingssync] [info] Keybindings: No changes found during synchronizing keybindings.
[2022-05-23 19:32:34.084] [settingssync] [info] Snippets: No changes found during synchronizing snippets.
[2022-05-23 19:32:34.087] [settingssync] [info] Tasks: No changes found during synchronizing tasks.
[2022-05-23 19:32:34.090] [settingssync] [info] GlobalState: No changes found during synchronizing ui state.
[2022-05-23 19:32:34.164] [settingssync] [info] Extensions: No changes found during synchronizing extensions.
[2022-05-23 19:32:34.166] [settingssync] [info] Sync done. Took 1303ms
[2022-05-23 19:32:47.300] [settingssync] [info] Auto Sync: Triggered by Activity
[2022-05-23 19:32:47.489] [settingssync] [info] Settings: No changes found during synchronizing settings.
[2022-05-23 19:32:47.492] [settingssync] [info] Keybindings: No changes found during synchronizing keybindings.
[2022-05-23 19:32:47.494] [settingssync] [info] Snippets: No changes found during synchronizing snippets.
[2022-05-23 19:32:47.496] [settingssync] [info] Tasks: No changes found during synchronizing tasks.
[2022-05-23 19:32:47.499] [settingssync] [info] GlobalState: No changes found during synchronizing ui state.
[2022-05-23 19:32:47.564] [settingssync] [info] Extensions: No changes found during synchronizing extensions.
[2022-05-23 19:32:47.567] [settingssync] [info] Sync done. Took 143ms
[2022-05-23 19:32:51.309] [settingssync] [info] Auto Sync: Triggered by Activity
[2022-05-23 19:32:52.790] [settingssync] [info] Settings: Updated remote settings
[2022-05-23 19:32:52.794] [settingssync] [info] Settings: Updated last synchronized settings
[2022-05-23 19:32:52.796] [settingssync] [info] Keybindings: No changes found during synchronizing keybindings.
[2022-05-23 19:32:52.799] [settingssync] [info] Snippets: No changes found during synchronizing snippets.
[2022-05-23 19:32:52.801] [settingssync] [info] Tasks: No changes found during synchronizing tasks.
[2022-05-23 19:32:52.805] [settingssync] [info] GlobalState: No changes found during synchronizing ui state.
[2022-05-23 19:32:52.857] [settingssync] [info] Extensions: No changes found during synchronizing extensions.
[2022-05-23 19:32:52.858] [settingssync] [info] Sync done. Took 1435ms
[2022-05-23 19:32:57.973] [settingssync] [info] Auto Sync: Triggered by Activity
[2022-05-23 19:32:59.060] [settingssync] [info] Settings: Updated remote settings
[2022-05-23 19:32:59.065] [settingssync] [info] Settings: Updated last synchronized settings
[2022-05-23 19:32:59.068] [settingssync] [info] Keybindings: No changes found during synchronizing keybindings.
[2022-05-23 19:32:59.071] [settingssync] [info] Snippets: No changes found during synchronizing snippets.
[2022-05-23 19:32:59.074] [settingssync] [info] Tasks: No changes found during synchronizing tasks.
[2022-05-23 19:32:59.076] [settingssync] [info] GlobalState: No changes found during synchronizing ui state.
[2022-05-23 19:32:59.156] [settingssync] [info] Extensions: No changes found during synchronizing extensions.
[2022-05-23 19:32:59.157] [settingssync] [info] Sync done. Took 1064ms
[2022-05-23 19:33:00.370] [settingssync] [info] Auto Sync: Triggered by Activity
[2022-05-23 19:33:00.822] [settingssync] [info] Settings: Updated remote settings
[2022-05-23 19:33:00.826] [settingssync] [info] Settings: Updated last synchronized settings
[2022-05-23 19:33:00.828] [settingssync] [info] Keybindings: No changes found during synchronizing keybindings.
[2022-05-23 19:33:00.831] [settingssync] [info] Snippets: No changes found during synchronizing snippets.
[2022-05-23 19:33:00.833] [settingssync] [info] Tasks: No changes found during synchronizing tasks.
[2022-05-23 19:33:00.837] [settingssync] [info] GlobalState: No changes found during synchronizing ui state.
[2022-05-23 19:33:00.928] [settingssync] [info] Extensions: No changes found during synchronizing extensions.
[2022-05-23 19:33:00.929] [settingssync] [info] Sync done. Took 450ms
[2022-05-23 19:33:08.949] [settingssync] [info] Auto Sync: Triggered by Activity
[2022-05-23 19:33:09.118] [settingssync] [info] Settings: No changes found during synchronizing settings.
[2022-05-23 19:33:09.121] [settingssync] [info] Keybindings: No changes found during synchronizing keybindings.
[2022-05-23 19:33:09.123] [settingssync] [info] Snippets: No changes found during synchronizing snippets.
[2022-05-23 19:33:09.125] [settingssync] [info] Tasks: No changes found during synchronizing tasks.
[2022-05-23 19:33:09.402] [settingssync] [info] GlobalState: Updated remote ui state
[2022-05-23 19:33:09.406] [settingssync] [info] GlobalState: Updated last synchronized ui state
[2022-05-23 19:33:09.507] [settingssync] [info] Extensions: No changes found during synchronizing extensions.
[2022-05-23 19:33:09.509] [settingssync] [info] Sync done. Took 441ms
[2022-05-23 19:33:12.724] [settingssync] [info] Auto Sync: Triggered by Activity
[2022-05-23 19:33:14.096] [settingssync] [info] Settings: Updated remote settings
[2022-05-23 19:33:14.102] [settingssync] [info] Settings: Updated last synchronized settings
[2022-05-23 19:33:14.106] [settingssync] [info] Keybindings: No changes found during synchronizing keybindings.
[2022-05-23 19:33:14.110] [settingssync] [info] Snippets: No changes found during synchronizing snippets.
[2022-05-23 19:33:14.113] [settingssync] [info] Tasks: No changes found during synchronizing tasks.
[2022-05-23 19:33:14.118] [settingssync] [info] GlobalState: No changes found during synchronizing ui state.
[2022-05-23 19:33:14.195] [settingssync] [info] Extensions: No changes found during synchronizing extensions.
[2022-05-23 19:33:14.196] [settingssync] [info] Sync done. Took 1354ms
[2022-05-23 19:35:12.198] [settingssync] [info] Auto Sync: Triggered by Activity
[2022-05-23 19:35:12.408] [settingssync] [info] Settings: No changes found during synchronizing settings.
[2022-05-23 19:35:12.410] [settingssync] [info] Keybindings: No changes found during synchronizing keybindings.
[2022-05-23 19:35:12.413] [settingssync] [info] Snippets: No changes found during synchronizing snippets.
[2022-05-23 19:35:12.415] [settingssync] [info] Tasks: No changes found during synchronizing tasks.
[2022-05-23 19:35:12.419] [settingssync] [info] GlobalState: No changes found during synchronizing ui state.
[2022-05-23 19:35:12.495] [settingssync] [info] Extensions: No changes found during synchronizing extensions.
[2022-05-23 19:35:12.496] [settingssync] [info] Sync done. Took 157ms
[2022-05-23 19:35:40.805] [settingssync] [info] Auto Sync: Triggered by Activity
[2022-05-23 19:35:40.977] [settingssync] [info] Settings: No changes found during synchronizing settings.
[2022-05-23 19:35:40.980] [settingssync] [info] Keybindings: No changes found during synchronizing keybindings.
[2022-05-23 19:35:40.983] [settingssync] [info] Snippets: No changes found during synchronizing snippets.
[2022-05-23 19:35:40.986] [settingssync] [info] Tasks: No changes found during synchronizing tasks.
[2022-05-23 19:35:40.989] [settingssync] [info] GlobalState: No changes found during synchronizing ui state.
[2022-05-23 19:35:41.064] [settingssync] [info] Extensions: No changes found during synchronizing extensions.
[2022-05-23 19:35:41.065] [settingssync] [info] Sync done. Took 146ms
[2022-05-23 19:40:41.069] [settingssync] [info] Auto Sync: Triggered by Interval
[2022-05-23 19:40:41.463] [settingssync] [info] Settings: No changes found during synchronizing settings.
[2022-05-23 19:40:41.467] [settingssync] [info] Keybindings: No changes found during synchronizing keybindings.
[2022-05-23 19:40:41.469] [settingssync] [info] Snippets: No changes found during synchronizing snippets.
[2022-05-23 19:40:41.471] [settingssync] [info] Tasks: No changes found during synchronizing tasks.
[2022-05-23 19:40:41.475] [settingssync] [info] GlobalState: No changes found during synchronizing ui state.
[2022-05-23 19:40:41.557] [settingssync] [info] Extensions: No changes found during synchronizing extensions.
[2022-05-23 19:40:41.558] [settingssync] [info] Sync done. Took 193ms
[2022-05-23 19:45:41.561] [settingssync] [info] Auto Sync: Triggered by Interval
[2022-05-23 19:45:41.920] [settingssync] [info] Settings: No changes found during synchronizing settings.
[2022-05-23 19:45:41.922] [settingssync] [info] Keybindings: No changes found during synchronizing keybindings.
[2022-05-23 19:45:41.925] [settingssync] [info] Snippets: No changes found during synchronizing snippets.
[2022-05-23 19:45:41.927] [settingssync] [info] Tasks: No changes found during synchronizing tasks.
[2022-05-23 19:45:41.929] [settingssync] [info] GlobalState: No changes found during synchronizing ui state.
[2022-05-23 19:45:41.997] [settingssync] [info] Extensions: No changes found during synchronizing extensions.
[2022-05-23 19:45:41.998] [settingssync] [info] Sync done. Took 142ms
[2022-05-23 19:46:29.746] [settingssync] [info] Auto Sync: Triggered by Activity
[2022-05-23 19:46:29.960] [settingssync] [info] Settings: No changes found during synchronizing settings.
[2022-05-23 19:46:29.964] [settingssync] [info] Keybindings: No changes found during synchronizing keybindings.
[2022-05-23 19:46:29.967] [settingssync] [info] Snippets: No changes found during synchronizing snippets.
[2022-05-23 19:46:29.969] [settingssync] [info] Tasks: No changes found during synchronizing tasks.
[2022-05-23 19:46:29.973] [settingssync] [info] GlobalState: No changes found during synchronizing ui state.
[2022-05-23 19:46:30.052] [settingssync] [info] Extensions: No changes found during synchronizing extensions.
[2022-05-23 19:46:30.053] [settingssync] [info] Sync done. Took 192ms
[2022-05-23 19:51:30.054] [settingssync] [info] Auto Sync: Triggered by Interval
[2022-05-23 19:51:30.446] [settingssync] [info] Settings: No changes found during synchronizing settings.
[2022-05-23 19:51:30.450] [settingssync] [info] Keybindings: No changes found during synchronizing keybindings.
[2022-05-23 19:51:30.452] [settingssync] [info] Snippets: No changes found during synchronizing snippets.
[2022-05-23 19:51:30.456] [settingssync] [info] Tasks: No changes found during synchronizing tasks.
[2022-05-23 19:51:30.459] [settingssync] [info] GlobalState: No changes found during synchronizing ui state.
[2022-05-23 19:51:30.533] [settingssync] [info] Extensions: No changes found during synchronizing extensions.
[2022-05-23 19:51:30.534] [settingssync] [info] Sync done. Took 185ms
[2022-05-23 19:56:30.535] [settingssync] [info] Auto Sync: Triggered by Interval
[2022-05-23 19:56:30.915] [settingssync] [info] Settings: No changes found during synchronizing settings.
[2022-05-23 19:56:30.918] [settingssync] [info] Keybindings: No changes found during synchronizing keybindings.
[2022-05-23 19:56:30.921] [settingssync] [info] Snippets: No changes found during synchronizing snippets.
[2022-05-23 19:56:30.922] [settingssync] [info] Tasks: No changes found during synchronizing tasks.
[2022-05-23 19:56:30.925] [settingssync] [info] GlobalState: No changes found during synchronizing ui state.
[2022-05-23 19:56:30.989] [settingssync] [info] Extensions: No changes found during synchronizing extensions.
[2022-05-23 19:56:30.990] [settingssync] [info] Sync done. Took 169ms
[2022-05-23 20:01:30.992] [settingssync] [info] Auto Sync: Triggered by Interval
[2022-05-23 20:01:31.377] [settingssync] [info] Settings: No changes found during synchronizing settings.
[2022-05-23 20:01:31.380] [settingssync] [info] Keybindings: No changes found during synchronizing keybindings.
[2022-05-23 20:01:31.383] [settingssync] [info] Snippets: No changes found during synchronizing snippets.
[2022-05-23 20:01:31.385] [settingssync] [info] Tasks: No changes found during synchronizing tasks.
[2022-05-23 20:01:31.389] [settingssync] [info] GlobalState: No changes found during synchronizing ui state.
[2022-05-23 20:01:31.459] [settingssync] [info] Extensions: No changes found during synchronizing extensions.
[2022-05-23 20:01:31.460] [settingssync] [info] Sync done. Took 134ms
[2022-05-23 20:06:31.461] [settingssync] [info] Auto Sync: Triggered by Interval
[2022-05-23 20:06:31.806] [settingssync] [info] Settings: No changes found during synchronizing settings.
[2022-05-23 20:06:31.809] [settingssync] [info] Keybindings: No changes found during synchronizing keybindings.
[2022-05-23 20:06:31.812] [settingssync] [info] Snippets: No changes found during synchronizing snippets.
[2022-05-23 20:06:31.814] [settingssync] [info] Tasks: No changes found during synchronizing tasks.
[2022-05-23 20:06:31.817] [settingssync] [info] GlobalState: No changes found during synchronizing ui state.
[2022-05-23 20:06:31.888] [settingssync] [info] Extensions: No changes found during synchronizing extensions.
[2022-05-23 20:06:31.889] [settingssync] [info] Sync done. Took 136ms
[2022-05-23 20:11:31.890] [settingssync] [info] Auto Sync: Triggered by Interval
[2022-05-23 20:11:32.271] [settingssync] [info] Settings: No changes found during synchronizing settings.
[2022-05-23 20:11:32.274] [settingssync] [info] Keybindings: No changes found during synchronizing keybindings.
[2022-05-23 20:11:32.276] [settingssync] [info] Snippets: No changes found during synchronizing snippets.
[2022-05-23 20:11:32.278] [settingssync] [info] Tasks: No changes found during synchronizing tasks.
[2022-05-23 20:11:32.281] [settingssync] [info] GlobalState: No changes found during synchronizing ui state.
[2022-05-23 20:11:32.363] [settingssync] [info] Extensions: No changes found during synchronizing extensions.
[2022-05-23 20:11:32.364] [settingssync] [info] Sync done. Took 182ms
[2022-05-23 20:16:32.365] [settingssync] [info] Auto Sync: Triggered by Interval
[2022-05-23 20:16:32.741] [settingssync] [info] Settings: No changes found during synchronizing settings.
[2022-05-23 20:16:32.744] [settingssync] [info] Keybindings: No changes found during synchronizing keybindings.
[2022-05-23 20:16:32.746] [settingssync] [info] Snippets: No changes found during synchronizing snippets.
[2022-05-23 20:16:32.748] [settingssync] [info] Tasks: No changes found during synchronizing tasks.
[2022-05-23 20:16:32.751] [settingssync] [info] GlobalState: No changes found during synchronizing ui state.
[2022-05-23 20:16:32.814] [settingssync] [info] Extensions: No changes found during synchronizing extensions.
[2022-05-23 20:16:32.815] [settingssync] [info] Sync done. Took 131ms
[2022-05-23 20:21:32.872] [settingssync] [info] Auto Sync: Triggered by Interval
[2022-05-23 20:21:33.265] [settingssync] [info] Settings: No changes found during synchronizing settings.
[2022-05-23 20:21:33.271] [settingssync] [info] Keybindings: No changes found during synchronizing keybindings.
[2022-05-23 20:21:33.274] [settingssync] [info] Snippets: No changes found during synchronizing snippets.
[2022-05-23 20:21:33.275] [settingssync] [info] Tasks: No changes found during synchronizing tasks.
[2022-05-23 20:21:33.278] [settingssync] [info] GlobalState: No changes found during synchronizing ui state.
[2022-05-23 20:21:33.372] [settingssync] [info] Extensions: No changes found during synchronizing extensions.
[2022-05-23 20:21:33.373] [settingssync] [info] Sync done. Took 170ms
[2022-05-23 20:25:15.378] [settingssync] [info] Auto Sync: Triggered by Activity
[2022-05-23 20:25:15.839] [settingssync] [info] Settings: No changes found during synchronizing settings.
[2022-05-23 20:25:15.842] [settingssync] [info] Keybindings: No changes found during synchronizing keybindings.
[2022-05-23 20:25:15.844] [settingssync] [info] Snippets: No changes found during synchronizing snippets.
[2022-05-23 20:25:15.846] [settingssync] [info] Tasks: No changes found during synchronizing tasks.
[2022-05-23 20:25:15.849] [settingssync] [info] GlobalState: No changes found during synchronizing ui state.
[2022-05-23 20:25:15.911] [settingssync] [info] Extensions: No changes found during synchronizing extensions.
[2022-05-23 20:25:15.912] [settingssync] [info] Sync done. Took 160ms
[2022-05-23 20:25:36.012] [settingssync] [info] Auto Sync: Triggered by Activity
[2022-05-23 20:25:36.215] [settingssync] [info] Settings: No changes found during synchronizing settings.
[2022-05-23 20:25:36.218] [settingssync] [info] Keybindings: No changes found during synchronizing keybindings.
[2022-05-23 20:25:36.221] [settingssync] [info] Snippets: No changes found during synchronizing snippets.
[2022-05-23 20:25:36.223] [settingssync] [info] Tasks: No changes found during synchronizing tasks.
[2022-05-23 20:25:36.226] [settingssync] [info] GlobalState: No changes found during synchronizing ui state.
[2022-05-23 20:25:36.289] [settingssync] [info] Extensions: No changes found during synchronizing extensions.
[2022-05-23 20:25:36.290] [settingssync] [info] Sync done. Took 170ms
[2022-05-23 20:30:36.291] [settingssync] [info] Auto Sync: Triggered by Interval
[2022-05-23 20:30:36.692] [settingssync] [info] Settings: No changes found during synchronizing settings.
[2022-05-23 20:30:36.694] [settingssync] [info] Keybindings: No changes found during synchronizing keybindings.
[2022-05-23 20:30:36.696] [settingssync] [info] Snippets: No changes found during synchronizing snippets.
[2022-05-23 20:30:36.698] [settingssync] [info] Tasks: No changes found during synchronizing tasks.
[2022-05-23 20:30:36.703] [settingssync] [info] GlobalState: No changes found during synchronizing ui state.
[2022-05-23 20:30:36.760] [settingssync] [info] Extensions: No changes found during synchronizing extensions.
[2022-05-23 20:30:36.761] [settingssync] [info] Sync done. Took 125ms
[2022-05-23 20:35:36.762] [settingssync] [info] Auto Sync: Triggered by Interval
[2022-05-23 20:35:37.107] [settingssync] [info] Settings: No changes found during synchronizing settings.
[2022-05-23 20:35:37.110] [settingssync] [info] Keybindings: No changes found during synchronizing keybindings.
[2022-05-23 20:35:37.111] [settingssync] [info] Snippets: No changes found during synchronizing snippets.
[2022-05-23 20:35:37.113] [settingssync] [info] Tasks: No changes found during synchronizing tasks.
[2022-05-23 20:35:37.116] [settingssync] [info] GlobalState: No changes found during synchronizing ui state.
[2022-05-23 20:35:37.177] [settingssync] [info] Extensions: No changes found during synchronizing extensions.
[2022-05-23 20:35:37.177] [settingssync] [info] Sync done. Took 125ms
[2022-05-24 17:39:26.705] [settingssync] [info] Auto Sync: Triggered by Interval
[2022-05-24 17:39:27.247] [settingssync] [info] Settings: No changes found during synchronizing settings.
[2022-05-24 17:39:27.250] [settingssync] [info] Keybindings: No changes found during synchronizing keybindings.
[2022-05-24 17:39:27.253] [settingssync] [info] Snippets: No changes found during synchronizing snippets.
[2022-05-24 17:39:27.255] [settingssync] [info] Tasks: No changes found during synchronizing tasks.
[2022-05-24 17:39:27.258] [settingssync] [info] GlobalState: No changes found during synchronizing ui state.
[2022-05-24 17:39:27.340] [settingssync] [info] Extensions: No changes found during synchronizing extensions.
[2022-05-24 17:39:27.341] [settingssync] [info] Sync done. Took 155ms
[2022-05-24 17:41:56.231] [settingssync] [info] Auto Sync: Triggered by Activity
[2022-05-24 17:41:56.598] [settingssync] [info] Settings: No changes found during synchronizing settings.
[2022-05-24 17:41:56.601] [settingssync] [info] Keybindings: No changes found during synchronizing keybindings.
[2022-05-24 17:41:56.604] [settingssync] [info] Snippets: No changes found during synchronizing snippets.
[2022-05-24 17:41:56.606] [settingssync] [info] Tasks: No changes found during synchronizing tasks.
[2022-05-24 17:41:56.609] [settingssync] [info] GlobalState: No changes found during synchronizing ui state.
[2022-05-24 17:41:56.668] [settingssync] [info] Extensions: No changes found during synchronizing extensions.
[2022-05-24 17:41:56.669] [settingssync] [info] Sync done. Took 140ms
[2022-05-24 17:42:09.129] [settingssync] [info] Auto Sync: Triggered by Activity
[2022-05-24 17:42:09.326] [settingssync] [info] Settings: No changes found during synchronizing settings.
[2022-05-24 17:42:09.329] [settingssync] [info] Keybindings: No changes found during synchronizing keybindings.
[2022-05-24 17:42:09.332] [settingssync] [info] Snippets: No changes found during synchronizing snippets.
[2022-05-24 17:42:09.334] [settingssync] [info] Tasks: No changes found during synchronizing tasks.
[2022-05-24 17:42:09.338] [settingssync] [info] GlobalState: No changes found during synchronizing ui state.
[2022-05-24 17:42:09.402] [settingssync] [info] Extensions: No changes found during synchronizing extensions.
[2022-05-24 17:42:09.406] [settingssync] [info] Sync done. Took 165ms
[2022-05-24 17:42:52.710] [settingssync] [info] Auto Sync: Triggered by Activity
[2022-05-24 17:42:52.914] [settingssync] [info] Settings: No changes found during synchronizing settings.
[2022-05-24 17:42:52.916] [settingssync] [info] Keybindings: No changes found during synchronizing keybindings.
[2022-05-24 17:42:52.918] [settingssync] [info] Snippets: No changes found during synchronizing snippets.
[2022-05-24 17:42:52.919] [settingssync] [info] Tasks: No changes found during synchronizing tasks.
[2022-05-24 17:42:52.921] [settingssync] [info] GlobalState: No changes found during synchronizing ui state.
[2022-05-24 17:42:52.987] [settingssync] [info] Extensions: No changes found during synchronizing extensions.
[2022-05-24 17:42:52.988] [settingssync] [info] Sync done. Took 158ms
[2022-05-24 17:43:31.507] [settingssync] [info] Auto Sync: Triggered by Activity
[2022-05-24 17:43:31.740] [settingssync] [info] Settings: No changes found during synchronizing settings.
[2022-05-24 17:43:31.743] [settingssync] [info] Keybindings: No changes found during synchronizing keybindings.
[2022-05-24 17:43:31.746] [settingssync] [info] Snippets: No changes found during synchronizing snippets.
[2022-05-24 17:43:31.748] [settingssync] [info] Tasks: No changes found during synchronizing tasks.
[2022-05-24 17:43:31.751] [settingssync] [info] GlobalState: No changes found during synchronizing ui state.
[2022-05-24 17:43:31.810] [settingssync] [info] Extensions: No changes found during synchronizing extensions.
[2022-05-24 17:43:31.811] [settingssync] [info] Sync done. Took 173ms
[2022-05-24 17:45:32.130] [settingssync] [info] Auto Sync: Triggered by Activity
[2022-05-24 17:45:32.327] [settingssync] [info] Settings: No changes found during synchronizing settings.
[2022-05-24 17:45:32.330] [settingssync] [info] Keybindings: No changes found during synchronizing keybindings.
[2022-05-24 17:45:32.333] [settingssync] [info] Snippets: No changes found during synchronizing snippets.
[2022-05-24 17:45:32.335] [settingssync] [info] Tasks: No changes found during synchronizing tasks.
[2022-05-24 17:45:32.338] [settingssync] [info] GlobalState: No changes found during synchronizing ui state.
[2022-05-24 17:45:32.395] [settingssync] [info] Extensions: No changes found during synchronizing extensions.
[2022-05-24 17:45:32.397] [settingssync] [info] Sync done. Took 158ms
[2022-05-24 17:45:57.056] [settingssync] [info] Auto Sync: Triggered by Activity
[2022-05-24 17:45:57.259] [settingssync] [info] Settings: No changes found during synchronizing settings.
[2022-05-24 17:45:57.263] [settingssync] [info] Keybindings: No changes found during synchronizing keybindings.
[2022-05-24 17:45:57.265] [settingssync] [info] Snippets: No changes found during synchronizing snippets.
[2022-05-24 17:45:57.267] [settingssync] [info] Tasks: No changes found during synchronizing tasks.
[2022-05-24 17:45:57.271] [settingssync] [info] GlobalState: No changes found during synchronizing ui state.
[2022-05-24 17:45:57.348] [settingssync] [info] Extensions: No changes found during synchronizing extensions.
[2022-05-24 17:45:57.350] [settingssync] [info] Sync done. Took 181ms
[2022-05-24 17:50:57.351] [settingssync] [info] Auto Sync: Triggered by Interval
[2022-05-24 17:50:57.703] [settingssync] [info] Settings: No changes found during synchronizing settings.
[2022-05-24 17:50:57.706] [settingssync] [info] Keybindings: No changes found during synchronizing keybindings.
[2022-05-24 17:50:57.709] [settingssync] [info] Snippets: No changes found during synchronizing snippets.
[2022-05-24 17:50:57.711] [settingssync] [info] Tasks: No changes found during synchronizing tasks.
[2022-05-24 17:50:57.715] [settingssync] [info] GlobalState: No changes found during synchronizing ui state.
[2022-05-24 17:50:57.785] [settingssync] [info] Extensions: No changes found during synchronizing extensions.
[2022-05-24 17:50:57.787] [settingssync] [info] Sync done. Took 149ms
