[2022-05-23 19:32:05.456] [exthost] [info] Extension host with pid 261459 started
[2022-05-23 19:32:05.456] [exthost] [info] Skipping acquiring lock for /home/nikitafin/.config/Code/User/workspaceStorage/7e05b5548aa84e07298e491eb123607d.
[2022-05-23 19:32:05.495] [exthost] [info] ExtensionService#_doActivateExtension vscode.microsoft-authentication, startup: false, activationEvent: 'onAuthenticationRequest:microsoft'
[2022-05-23 19:32:05.506] [exthost] [info] ExtensionService#_doActivateExtension vscode.debug-auto-launch, startup: true, activationEvent: '*'
[2022-05-23 19:32:05.507] [exthost] [info] ExtensionService#_doActivateExtension vscode.git-base, startup: true, activationEvent: '*', root cause: vscode.git
[2022-05-23 19:32:05.508] [exthost] [info] ExtensionService#_doActivateExtension vscode.ipynb, startup: true, activationEvent: '*'
[2022-05-23 19:32:05.510] [exthost] [info] ExtensionService#_doActivateExtension be5invis.vscode-custom-css, startup: true, activationEvent: '*'
[2022-05-23 19:32:05.527] [exthost] [info] ExtensionService#_doActivateExtension GitHub.vscode-pull-request-github, startup: true, activationEvent: '*'
[2022-05-23 19:32:05.586] [exthost] [info] ExtensionService#_doActivateExtension kamikillerto.vscode-colorize, startup: true, activationEvent: '*'
[2022-05-23 19:32:05.600] [exthost] [info] ExtensionService#_doActivateExtension vscodevim.vim, startup: true, activationEvent: '*'
[2022-05-23 19:32:05.633] [exthost] [info] ExtensionService#_doActivateExtension WakaTime.vscode-wakatime, startup: true, activationEvent: '*'
[2022-05-23 19:32:05.656] [exthost] [info] ExtensionService#_doActivateExtension wayou.vscode-todo-highlight, startup: true, activationEvent: '*'
[2022-05-23 19:32:05.724] [exthost] [info] ExtensionService#_doActivateExtension vscode.git, startup: true, activationEvent: '*'
[2022-05-23 19:32:05.737] [exthost] [info] ExtensionService#_doActivateExtension vscode.github, startup: true, activationEvent: '*'
[2022-05-23 19:32:05.790] [exthost] [info] ExtensionService#_doActivateExtension golang.go, startup: true, activationEvent: 'workspaceContains:*.go,*/*.go,*/*/*.go'
[2022-05-23 19:32:05.832] [exthost] [info] ExtensionService#_doActivateExtension cschleiden.vscode-github-actions, startup: true, activationEvent: 'workspaceContains:**/.github/workflows/**'
[2022-05-23 19:32:05.885] [exthost] [info] ExtensionService#_doActivateExtension ms-vscode.makefile-tools, startup: true, activationEvent: 'workspaceContains:**/makefile,**/Makefile,**/GNUmakefile'
[2022-05-23 19:32:05.957] [exthost] [info] ExtensionService#_doActivateExtension vscode.github-authentication, startup: false, activationEvent: 'onAuthenticationRequest:github'
[2022-05-23 19:32:06.089] [exthost] [info] ExtensionService#_doActivateExtension ms-vscode.cpptools, startup: false, activationEvent: 'api', root cause: ms-vscode.makefile-tools
[2022-05-23 19:32:06.240] [exthost] [info] ExtensionService#_doActivateExtension vscode.configuration-editing, startup: false, activationEvent: 'onLanguage:jsonc'
[2022-05-23 19:32:06.246] [exthost] [info] ExtensionService#_doActivateExtension vscode.json-language-features, startup: false, activationEvent: 'onLanguage:jsonc'
[2022-05-23 19:32:06.287] [exthost] [info] ExtensionService#_doActivateExtension vscode.typescript-language-features, startup: false, activationEvent: 'onLanguage:jsonc'
[2022-05-23 19:32:07.319] [exthost] [info] Eager extensions activated
[2022-05-23 19:32:07.328] [exthost] [info] ExtensionService#_doActivateExtension vscode.emmet, startup: false, activationEvent: 'onStartupFinished'
[2022-05-23 19:32:07.334] [exthost] [info] ExtensionService#_doActivateExtension vscode.merge-conflict, startup: false, activationEvent: 'onStartupFinished'
[2022-05-23 19:32:07.335] [exthost] [info] ExtensionService#_doActivateExtension aaron-bond.better-comments, startup: false, activationEvent: 'onStartupFinished'
[2022-05-23 19:32:07.343] [exthost] [info] ExtensionService#_doActivateExtension ms-vscode-remote.remote-containers, startup: false, activationEvent: 'onStartupFinished'
[2022-05-23 19:32:07.442] [exthost] [info] ExtensionService#_doActivateExtension ms-vscode-remote.remote-wsl, startup: false, activationEvent: 'onStartupFinished'
[2022-05-23 19:32:07.449] [exthost] [info] ExtensionService#_doActivateExtension PKief.material-icon-theme, startup: false, activationEvent: 'onStartupFinished'
[2022-05-23 19:32:07.464] [exthost] [info] ExtensionService#_doActivateExtension streetsidesoftware.code-spell-checker, startup: false, activationEvent: 'onStartupFinished'
[2022-05-23 19:32:07.567] [exthost] [info] ExtensionService#_doActivateExtension streetsidesoftware.code-spell-checker-russian, startup: false, activationEvent: 'onStartupFinished'
[2022-05-23 19:33:29.399] [exthost] [warning] TextEditor is closed/disposed
[2022-05-23 19:33:29.399] [exthost] [warning] TextEditor is closed/disposed
[2022-05-23 19:34:03.585] [exthost] [warning] TextEditor is closed/disposed
[2022-05-23 19:34:03.585] [exthost] [warning] TextEditor is closed/disposed
[2022-05-23 19:34:15.838] [exthost] [warning] TextEditor is closed/disposed
[2022-05-23 19:34:15.838] [exthost] [warning] TextEditor is closed/disposed
[2022-05-23 19:34:31.818] [exthost] [warning] TextEditor is closed/disposed
[2022-05-23 19:34:31.818] [exthost] [warning] TextEditor is closed/disposed
[2022-05-23 19:35:57.566] [exthost] [warning] TextEditor is closed/disposed
[2022-05-23 19:35:57.566] [exthost] [warning] TextEditor is closed/disposed
[2022-05-23 19:36:49.286] [exthost] [warning] TextEditor is closed/disposed
[2022-05-23 19:36:49.287] [exthost] [warning] TextEditor is closed/disposed
[2022-05-23 19:36:53.070] [exthost] [warning] TextEditor is closed/disposed
[2022-05-23 19:36:53.070] [exthost] [warning] TextEditor is closed/disposed
[2022-05-23 19:37:10.366] [exthost] [warning] TextEditor is closed/disposed
[2022-05-23 19:37:10.366] [exthost] [warning] TextEditor is closed/disposed
[2022-05-23 19:37:13.445] [exthost] [warning] TextEditor is closed/disposed
[2022-05-23 19:37:13.445] [exthost] [warning] TextEditor is closed/disposed
[2022-05-23 19:37:14.827] [exthost] [warning] TextEditor is closed/disposed
[2022-05-23 19:37:14.827] [exthost] [warning] TextEditor is closed/disposed
[2022-05-23 19:37:15.623] [exthost] [warning] TextEditor is closed/disposed
[2022-05-23 19:37:15.623] [exthost] [warning] TextEditor is closed/disposed
[2022-05-23 19:37:22.594] [exthost] [warning] TextEditor is closed/disposed
[2022-05-23 19:37:22.594] [exthost] [warning] TextEditor is closed/disposed
[2022-05-23 19:37:44.693] [exthost] [warning] TextEditor is closed/disposed
[2022-05-23 19:37:44.693] [exthost] [warning] TextEditor is closed/disposed
[2022-05-23 19:37:50.479] [exthost] [warning] TextEditor is closed/disposed
[2022-05-23 19:37:50.479] [exthost] [warning] TextEditor is closed/disposed
[2022-05-23 19:37:50.484] [exthost] [warning] ExtHostTextEditorOptions 'setCursorStyle' failed:'
[2022-05-23 19:37:50.484] [exthost] [warning] {"name":"DISPOSED","message":"TextEditor(vs.editor.ICodeEditor:3,$model38) has been disposed"}
[2022-05-23 19:37:56.894] [exthost] [warning] TextEditor is closed/disposed
[2022-05-23 19:37:56.894] [exthost] [warning] TextEditor is closed/disposed
[2022-05-23 19:37:57.662] [exthost] [warning] TextEditor is closed/disposed
[2022-05-23 19:37:57.662] [exthost] [warning] TextEditor is closed/disposed
[2022-05-23 19:46:30.432] [exthost] [warning] TextEditor is closed/disposed
[2022-05-23 19:46:30.433] [exthost] [warning] TextEditor is closed/disposed
[2022-05-24 17:41:56.044] [exthost] [info] ExtensionService#_doActivateExtension foxundermoon.shell-format, startup: false, activationEvent: 'onLanguage:shellscript'
[2022-05-24 17:54:24.335] [exthost] [info] Extension host terminating: renderer closed the socket
[2022-05-24 17:54:24.638] [exthost] [error] TypeError: Converting circular structure to JSON
    --> starting at object with constructor 't'
    |     property '_readableState' -> object with constructor 'M'
    |     property 'pipes' -> object with constructor 'Array'
    |     index 0 -> object with constructor 't.ConsoleForElectron'
    --- property 'parent' closes the circle
    at JSON.stringify (<anonymous>)
    at async (/home/nikitafin/.vscode/extensions/vscodevim.vim-1.22.2/src/register/register.ts:357:16)
    at Object.e.deactivate (/home/nikitafin/.vscode/extensions/vscodevim.vim-1.22.2/extension.ts:64:8)
    at async Promise.all (index 26)
    at m._deactivateAll (/usr/share/code/resources/app/out/vs/workbench/api/node/extensionHostProcess.js:88:10665)
[2022-05-24 17:54:24.642] [exthost] [info] Extension host with pid 261459 exiting with code 0
