[2022-05-23 18:59:48.754] [renderer1] [info] Settings Sync: Updated current session 3b6a89ac-a26b-4d75-83d6-740af70cb268
[2022-05-23 18:59:55.823] [renderer1] [info] [GitHub.vscode-pull-request-github]: `remoteHub/pullRequest` is not a valid menu identifier
[2022-05-23 18:59:56.616] [renderer1] [info] [GitHub.vscode-pull-request-github]: `remoteHub/pullRequest` is not a valid menu identifier
[2022-05-23 18:59:56.978] [renderer1] [info] [GitHub.vscode-pull-request-github]: `remoteHub/pullRequest` is not a valid menu identifier
[2022-05-23 18:59:59.775] [renderer1] [info] [GitHub.vscode-pull-request-github]: `remoteHub/pullRequest` is not a valid menu identifier
[2022-05-23 19:00:04.521] [renderer1] [info] [GitHub.vscode-pull-request-github]: `remoteHub/pullRequest` is not a valid menu identifier
[2022-05-23 19:00:05.193] [renderer1] [info] [GitHub.vscode-pull-request-github]: `remoteHub/pullRequest` is not a valid menu identifier
[2022-05-23 19:00:05.691] [renderer1] [info] [GitHub.vscode-pull-request-github]: `remoteHub/pullRequest` is not a valid menu identifier
[2022-05-23 19:00:06.172] [renderer1] [info] [GitHub.vscode-pull-request-github]: `remoteHub/pullRequest` is not a valid menu identifier
[2022-05-23 19:00:07.806] [renderer1] [error] write after end: Error: write after end
    at new NodeError (node:internal/errors:371:5)
    at _write (node:internal/streams/writable:319:11)
    at Socket.Writable.write (node:internal/streams/writable:334:10)
    at /home/nikitafin/.vscode/extensions/golang.go-0.33.0/dist/goMain.js:2631:25
    at new Promise (<anonymous>)
    at WritableStreamWrapper.write (/home/nikitafin/.vscode/extensions/golang.go-0.33.0/dist/goMain.js:2622:16)
    at StreamMessageWriter.doWrite (/home/nikitafin/.vscode/extensions/golang.go-0.33.0/dist/goMain.js:3532:31)
    at /home/nikitafin/.vscode/extensions/golang.go-0.33.0/dist/goMain.js:3523:25
    at runNextTicks (node:internal/process/task_queues:61:5)
    at processImmediate (node:internal/timers:437:9)
[2022-05-23 19:00:08.127] [renderer1] [error] ENOENT: no such file or directory, open '/home/nikitafin/.config/Code/User/globalStorage/vscodevim.vim/.registers': Error: ENOENT: no such file or directory, open '/home/nikitafin/.config/Code/User/globalStorage/vscodevim.vim/.registers'
[2022-05-23 19:00:08.444] [renderer1] [info] [GitHub.vscode-pull-request-github]: `remoteHub/pullRequest` is not a valid menu identifier
[2022-05-23 19:00:16.521] [renderer1] [warning] [twxs.cmake]: Cannot register 'cmake.cmakePath'. This property is already registered.
[2022-05-23 19:00:22.630] [renderer1] [info] [GitHub.vscode-pull-request-github]: `remoteHub/pullRequest` is not a valid menu identifier
[2022-05-23 19:00:23.153] [renderer1] [info] [GitHub.vscode-pull-request-github]: `remoteHub/pullRequest` is not a valid menu identifier
[2022-05-23 19:00:30.353] [renderer1] [info] [GitHub.vscode-pull-request-github]: `remoteHub/pullRequest` is not a valid menu identifier
[2022-05-23 19:00:30.400] [renderer1] [error] Could not find category with ID: ms-vscode.cpptools#cppWelcome: Error: Could not find category with ID: ms-vscode.cpptools#cppWelcome
    at vscode-file://vscode-app/usr/share/code/resources/app/out/vs/workbench/workbench.desktop.main.js:3091:95311
    at m.invoke (vscode-file://vscode-app/usr/share/code/resources/app/out/vs/workbench/workbench.desktop.main.js:67:145)
    at r.deliver (vscode-file://vscode-app/usr/share/code/resources/app/out/vs/workbench/workbench.desktop.main.js:67:2265)
    at o.fire (vscode-file://vscode-app/usr/share/code/resources/app/out/vs/workbench/workbench.desktop.main.js:67:1843)
    at x.progressStep (vscode-file://vscode-app/usr/share/code/resources/app/out/vs/workbench/workbench.desktop.main.js:2119:29576)
    at x.registerDoneListeners (vscode-file://vscode-app/usr/share/code/resources/app/out/vs/workbench/workbench.desktop.main.js:2119:32116)
    at vscode-file://vscode-app/usr/share/code/resources/app/out/vs/workbench/workbench.desktop.main.js:2119:30434
    at Array.forEach (<anonymous>)
    at x._registerWalkthrough (vscode-file://vscode-app/usr/share/code/resources/app/out/vs/workbench/workbench.desktop.main.js:2119:30216)
    at vscode-file://vscode-app/usr/share/code/resources/app/out/vs/workbench/workbench.desktop.main.js:2119:27601
    at async Promise.all (index 0)
    at async x.registerExtensionWalkthroughContributions (vscode-file://vscode-app/usr/share/code/resources/app/out/vs/workbench/workbench.desktop.main.js:2119:25113)
    at async Promise.all (index 0)
    at async m._handler (vscode-file://vscode-app/usr/share/code/resources/app/out/vs/workbench/workbench.desktop.main.js:2119:21362)
[2022-05-23 19:04:26.329] [renderer1] [info] [GitHub.vscode-pull-request-github]: `remoteHub/pullRequest` is not a valid menu identifier
[2022-05-23 19:07:01.895] [renderer1] [error] RequestService#request (browser) - error https://marketplace.visualstudio.com/_apis/public/gallery/extensionquery {"name":"Canceled"}
[2022-05-23 19:07:02.142] [renderer1] [error] RequestService#request (browser) - error https://marketplace.visualstudio.com/_apis/public/gallery/extensionquery {"name":"Canceled"}
[2022-05-23 19:07:04.047] [renderer1] [error] RequestService#request (browser) - error https://marketplace.visualstudio.com/_apis/public/gallery/extensionquery {"name":"Canceled"}
[2022-05-23 19:07:05.032] [renderer1] [error] RequestService#request (browser) - error https://marketplace.visualstudio.com/_apis/public/gallery/extensionquery {"name":"Canceled"}
[2022-05-23 19:09:58.063] [renderer1] [error] write after end: Error: write after end
    at new NodeError (node:internal/errors:371:5)
    at _write (node:internal/streams/writable:319:11)
    at Socket.Writable.write (node:internal/streams/writable:334:10)
    at /home/nikitafin/.vscode/extensions/golang.go-0.33.0/dist/goMain.js:2631:25
    at new Promise (<anonymous>)
    at WritableStreamWrapper.write (/home/nikitafin/.vscode/extensions/golang.go-0.33.0/dist/goMain.js:2622:16)
    at StreamMessageWriter.doWrite (/home/nikitafin/.vscode/extensions/golang.go-0.33.0/dist/goMain.js:3532:31)
    at /home/nikitafin/.vscode/extensions/golang.go-0.33.0/dist/goMain.js:3523:25
