[2022-05-23 18:59:29.988] [sharedprocess] [info] Starting worker process with pid 250175 (type: fileWatcher, window: 1).
[2022-05-23 18:59:52.738] [sharedprocess] [info] Getting Manifest... dracula-theme.theme-dracula
[2022-05-23 18:59:52.739] [sharedprocess] [info] Getting Manifest... dotjoshjohnson.xml
[2022-05-23 18:59:52.740] [sharedprocess] [info] Getting Manifest... foxundermoon.shell-format
[2022-05-23 18:59:52.741] [sharedprocess] [info] Getting Manifest... 42crunch.vscode-openapi
[2022-05-23 18:59:52.773] [sharedprocess] [info] Getting Manifest... golang.go
[2022-05-23 18:59:52.774] [sharedprocess] [info] Getting Manifest... jdinhlife.gruvbox
[2022-05-23 18:59:52.989] [sharedprocess] [info] Getting Manifest... github.vscode-pull-request-github
[2022-05-23 18:59:53.047] [sharedprocess] [info] Getting Manifest... leandro-rodrigues.crt-vscode
[2022-05-23 18:59:53.051] [sharedprocess] [info] Getting Manifest... redhat.vscode-yaml
[2022-05-23 18:59:53.181] [sharedprocess] [info] Getting Manifest... kamikillerto.vscode-colorize
[2022-05-23 18:59:53.184] [sharedprocess] [info] Getting Manifest... ms-vscode.powershell
[2022-05-23 18:59:53.185] [sharedprocess] [info] Getting Manifest... ms-vscode-remote.remote-ssh-edit
[2022-05-23 18:59:53.187] [sharedprocess] [info] Getting Manifest... ericsonwillians.oldschool-theme
[2022-05-23 18:59:53.190] [sharedprocess] [info] Getting Manifest... zxh404.vscode-proto3
[2022-05-23 18:59:53.192] [sharedprocess] [info] Getting Manifest... ms-vscode.makefile-tools
[2022-05-23 18:59:53.194] [sharedprocess] [info] Getting Manifest... mvllow.rose-pine
[2022-05-23 18:59:53.196] [sharedprocess] [info] Getting Manifest... aaron-bond.better-comments
[2022-05-23 18:59:53.198] [sharedprocess] [info] Getting Manifest... vscodevim.vim
[2022-05-23 18:59:53.199] [sharedprocess] [info] Getting Manifest... mikestead.dotenv
[2022-05-23 18:59:53.201] [sharedprocess] [info] Getting Manifest... johnpapa.winteriscoming
[2022-05-23 18:59:53.203] [sharedprocess] [info] Getting Manifest... bbenoist.qml
[2022-05-23 18:59:53.204] [sharedprocess] [info] Getting Manifest... ms-vscode-remote.remote-wsl
[2022-05-23 18:59:53.206] [sharedprocess] [info] Getting Manifest... ms-vscode.cpptools-themes
[2022-05-23 18:59:53.207] [sharedprocess] [info] Getting Manifest... twxs.cmake
[2022-05-23 18:59:53.212] [sharedprocess] [info] Getting Manifest... jackevoniuk.real-retro
[2022-05-23 18:59:53.213] [sharedprocess] [info] Getting Manifest... evan-buss.font-switcher
[2022-05-23 18:59:53.214] [sharedprocess] [info] Getting Manifest... ms-azuretools.vscode-docker
[2022-05-23 18:59:53.215] [sharedprocess] [info] Getting Manifest... hbthen3rd.unieye
[2022-05-23 18:59:53.216] [sharedprocess] [info] Getting Manifest... jeff-hykin.better-cpp-syntax
[2022-05-23 18:59:53.216] [sharedprocess] [info] Getting Manifest... kalk.borland
[2022-05-23 18:59:53.217] [sharedprocess] [info] Getting Manifest... github.github-vscode-theme
[2022-05-23 18:59:53.218] [sharedprocess] [info] Getting Manifest... patbenatar.advanced-new-file
[2022-05-23 18:59:53.218] [sharedprocess] [info] Getting Manifest... dawranliou.minimal-theme-vscode
[2022-05-23 18:59:53.219] [sharedprocess] [info] Getting Manifest... wakatime.vscode-wakatime
[2022-05-23 18:59:53.220] [sharedprocess] [info] Getting Manifest... ms-vscode.cpptools
[2022-05-23 18:59:53.221] [sharedprocess] [info] Getting Manifest... ms-vscode.cpptools-extension-pack
[2022-05-23 18:59:53.222] [sharedprocess] [info] Getting Manifest... streetsidesoftware.code-spell-checker
[2022-05-23 18:59:53.225] [sharedprocess] [info] Getting Manifest... yaaooo.werewolf
[2022-05-23 18:59:53.225] [sharedprocess] [info] Getting Manifest... cschleiden.vscode-github-actions
[2022-05-23 18:59:53.226] [sharedprocess] [info] Getting Manifest... be5invis.vscode-custom-css
[2022-05-23 18:59:53.226] [sharedprocess] [info] Getting Manifest... enenumxela.signed-dark-pro
[2022-05-23 18:59:53.227] [sharedprocess] [info] Getting Manifest... cschlosser.doxdocgen
[2022-05-23 18:59:53.228] [sharedprocess] [info] Getting Manifest... streetsidesoftware.code-spell-checker-russian
[2022-05-23 18:59:53.229] [sharedprocess] [info] Getting Manifest... wesbos.theme-cobalt2
[2022-05-23 18:59:53.246] [sharedprocess] [info] Getting Manifest... ms-vscode-remote.remote-ssh
[2022-05-23 18:59:53.301] [sharedprocess] [info] Getting Manifest... mtxr.sqltools
[2022-05-23 18:59:53.344] [sharedprocess] [info] Getting Manifest... pkief.material-icon-theme
[2022-05-23 18:59:53.368] [sharedprocess] [info] Getting Manifest... wayou.vscode-todo-highlight
[2022-05-23 18:59:53.421] [sharedprocess] [info] Getting Manifest... ms-vscode.cmake-tools
[2022-05-23 18:59:53.422] [sharedprocess] [info] Installing extension: aaron-bond.better-comments
[2022-05-23 18:59:53.423] [sharedprocess] [info] Installing the extension without checking dependencies and pack aaron-bond.better-comments
[2022-05-23 18:59:53.466] [sharedprocess] [info] Installing extension: dracula-theme.theme-dracula
[2022-05-23 18:59:53.466] [sharedprocess] [info] Installing the extension without checking dependencies and pack dracula-theme.theme-dracula
[2022-05-23 18:59:53.469] [sharedprocess] [info] Installing extension: dotjoshjohnson.xml
[2022-05-23 18:59:53.469] [sharedprocess] [info] Installing the extension without checking dependencies and pack dotjoshjohnson.xml
[2022-05-23 18:59:53.470] [sharedprocess] [info] Installing extension: 42crunch.vscode-openapi
[2022-05-23 18:59:53.470] [sharedprocess] [info] Installing the extension without checking dependencies and pack 42crunch.vscode-openapi
[2022-05-23 18:59:53.483] [sharedprocess] [info] Getting Manifest... ms-vscode-remote.remote-containers
[2022-05-23 18:59:53.491] [sharedprocess] [info] Installing extension: foxundermoon.shell-format
[2022-05-23 18:59:53.492] [sharedprocess] [info] Installing the extension without checking dependencies and pack foxundermoon.shell-format
[2022-05-23 18:59:53.512] [sharedprocess] [info] Installing extension: golang.go
[2022-05-23 18:59:53.512] [sharedprocess] [info] Installing the extension without checking dependencies and pack golang.go
[2022-05-23 18:59:53.513] [sharedprocess] [info] Installing extension: jdinhlife.gruvbox
[2022-05-23 18:59:53.513] [sharedprocess] [info] Installing the extension without checking dependencies and pack jdinhlife.gruvbox
[2022-05-23 18:59:53.629] [sharedprocess] [info] Installing extension: github.vscode-pull-request-github
[2022-05-23 18:59:53.629] [sharedprocess] [info] Installing the extension without checking dependencies and pack github.vscode-pull-request-github
[2022-05-23 18:59:53.657] [sharedprocess] [info] Installing extension: redhat.vscode-yaml
[2022-05-23 18:59:53.657] [sharedprocess] [info] Installing the extension without checking dependencies and pack redhat.vscode-yaml
[2022-05-23 18:59:53.713] [sharedprocess] [info] Installing extension: leandro-rodrigues.crt-vscode
[2022-05-23 18:59:53.713] [sharedprocess] [info] Installing the extension without checking dependencies and pack leandro-rodrigues.crt-vscode
[2022-05-23 18:59:53.779] [sharedprocess] [info] Installing extension: ms-vscode.cpptools-themes
[2022-05-23 18:59:53.779] [sharedprocess] [info] Installing the extension without checking dependencies and pack ms-vscode.cpptools-themes
[2022-05-23 18:59:53.796] [sharedprocess] [info] Installing extension: ms-vscode.makefile-tools
[2022-05-23 18:59:53.796] [sharedprocess] [info] Installing the extension without checking dependencies and pack ms-vscode.makefile-tools
[2022-05-23 18:59:53.805] [sharedprocess] [info] Installing extension: ms-vscode.powershell
[2022-05-23 18:59:53.805] [sharedprocess] [info] Installing the extension without checking dependencies and pack ms-vscode.powershell
[2022-05-23 18:59:53.806] [sharedprocess] [info] Installing extension: ms-vscode-remote.remote-wsl
[2022-05-23 18:59:53.806] [sharedprocess] [info] Installing the extension without checking dependencies and pack ms-vscode-remote.remote-wsl
[2022-05-23 18:59:53.806] [sharedprocess] [info] Installing extension: ms-vscode.cpptools-extension-pack
[2022-05-23 18:59:53.807] [sharedprocess] [info] Installing the extension without checking dependencies and pack ms-vscode.cpptools-extension-pack
[2022-05-23 18:59:53.814] [sharedprocess] [info] Installing extension: ms-vscode.cpptools
[2022-05-23 18:59:53.814] [sharedprocess] [info] Installing the extension without checking dependencies and pack ms-vscode.cpptools
[2022-05-23 18:59:53.814] [sharedprocess] [info] Installing extension: ms-vscode-remote.remote-ssh-edit
[2022-05-23 18:59:53.814] [sharedprocess] [info] Installing the extension without checking dependencies and pack ms-vscode-remote.remote-ssh-edit
[2022-05-23 18:59:53.815] [sharedprocess] [info] Installing extension: github.github-vscode-theme
[2022-05-23 18:59:53.815] [sharedprocess] [info] Installing the extension without checking dependencies and pack github.github-vscode-theme
[2022-05-23 18:59:53.828] [sharedprocess] [info] Installing extension: jeff-hykin.better-cpp-syntax
[2022-05-23 18:59:53.828] [sharedprocess] [info] Installing the extension without checking dependencies and pack jeff-hykin.better-cpp-syntax
[2022-05-23 18:59:53.829] [sharedprocess] [info] Installing extension: be5invis.vscode-custom-css
[2022-05-23 18:59:53.829] [sharedprocess] [info] Installing the extension without checking dependencies and pack be5invis.vscode-custom-css
[2022-05-23 18:59:53.829] [sharedprocess] [info] Installing extension: ms-vscode-remote.remote-ssh
[2022-05-23 18:59:53.829] [sharedprocess] [info] Installing the extension without checking dependencies and pack ms-vscode-remote.remote-ssh
[2022-05-23 18:59:53.840] [sharedprocess] [info] Installing extension: ms-azuretools.vscode-docker
[2022-05-23 18:59:53.840] [sharedprocess] [info] Installing the extension without checking dependencies and pack ms-azuretools.vscode-docker
[2022-05-23 18:59:53.840] [sharedprocess] [info] Installing extension: cschleiden.vscode-github-actions
[2022-05-23 18:59:53.841] [sharedprocess] [info] Installing the extension without checking dependencies and pack cschleiden.vscode-github-actions
[2022-05-23 18:59:53.841] [sharedprocess] [info] Installing extension: ericsonwillians.oldschool-theme
[2022-05-23 18:59:53.841] [sharedprocess] [info] Installing the extension without checking dependencies and pack ericsonwillians.oldschool-theme
[2022-05-23 18:59:53.841] [sharedprocess] [info] Installing extension: wesbos.theme-cobalt2
[2022-05-23 18:59:53.841] [sharedprocess] [info] Installing the extension without checking dependencies and pack wesbos.theme-cobalt2
[2022-05-23 18:59:53.860] [sharedprocess] [info] Installing extension: patbenatar.advanced-new-file
[2022-05-23 18:59:53.861] [sharedprocess] [info] Installing the extension without checking dependencies and pack patbenatar.advanced-new-file
[2022-05-23 18:59:53.861] [sharedprocess] [info] Installing extension: zxh404.vscode-proto3
[2022-05-23 18:59:53.861] [sharedprocess] [info] Installing the extension without checking dependencies and pack zxh404.vscode-proto3
[2022-05-23 18:59:53.861] [sharedprocess] [info] Installing extension: twxs.cmake
[2022-05-23 18:59:53.862] [sharedprocess] [info] Installing the extension without checking dependencies and pack twxs.cmake
[2022-05-23 18:59:53.862] [sharedprocess] [info] Installing extension: kamikillerto.vscode-colorize
[2022-05-23 18:59:53.862] [sharedprocess] [info] Installing the extension without checking dependencies and pack kamikillerto.vscode-colorize
[2022-05-23 18:59:53.863] [sharedprocess] [info] Installing extension: vscodevim.vim
[2022-05-23 18:59:53.863] [sharedprocess] [info] Installing the extension without checking dependencies and pack vscodevim.vim
[2022-05-23 18:59:53.863] [sharedprocess] [info] Installing extension: mikestead.dotenv
[2022-05-23 18:59:53.864] [sharedprocess] [info] Installing the extension without checking dependencies and pack mikestead.dotenv
[2022-05-23 18:59:53.895] [sharedprocess] [info] Getting Manifest... merko.merko-green-theme
[2022-05-23 18:59:53.895] [sharedprocess] [info] Installing extension: jackevoniuk.real-retro
[2022-05-23 18:59:53.895] [sharedprocess] [info] Installing the extension without checking dependencies and pack jackevoniuk.real-retro
[2022-05-23 18:59:53.896] [sharedprocess] [info] Installing extension: cschlosser.doxdocgen
[2022-05-23 18:59:53.896] [sharedprocess] [info] Installing the extension without checking dependencies and pack cschlosser.doxdocgen
[2022-05-23 18:59:53.896] [sharedprocess] [info] Installing extension: mvllow.rose-pine
[2022-05-23 18:59:53.896] [sharedprocess] [info] Installing the extension without checking dependencies and pack mvllow.rose-pine
[2022-05-23 18:59:53.931] [sharedprocess] [info] Installing extension: hbthen3rd.unieye
[2022-05-23 18:59:53.931] [sharedprocess] [info] Installing the extension without checking dependencies and pack hbthen3rd.unieye
[2022-05-23 18:59:53.932] [sharedprocess] [info] Installing extension: streetsidesoftware.code-spell-checker-russian
[2022-05-23 18:59:53.932] [sharedprocess] [info] Installing the extension without checking dependencies and pack streetsidesoftware.code-spell-checker-russian
[2022-05-23 18:59:53.933] [sharedprocess] [info] Installing extension: enenumxela.signed-dark-pro
[2022-05-23 18:59:53.933] [sharedprocess] [info] Installing the extension without checking dependencies and pack enenumxela.signed-dark-pro
[2022-05-23 18:59:53.933] [sharedprocess] [info] Installing extension: bbenoist.qml
[2022-05-23 18:59:53.933] [sharedprocess] [info] Installing the extension without checking dependencies and pack bbenoist.qml
[2022-05-23 18:59:53.934] [sharedprocess] [info] Installing extension: kalk.borland
[2022-05-23 18:59:53.934] [sharedprocess] [info] Installing the extension without checking dependencies and pack kalk.borland
[2022-05-23 18:59:53.934] [sharedprocess] [info] Installing extension: dawranliou.minimal-theme-vscode
[2022-05-23 18:59:53.934] [sharedprocess] [info] Installing the extension without checking dependencies and pack dawranliou.minimal-theme-vscode
[2022-05-23 18:59:53.934] [sharedprocess] [info] Installing extension: johnpapa.winteriscoming
[2022-05-23 18:59:53.935] [sharedprocess] [info] Installing the extension without checking dependencies and pack johnpapa.winteriscoming
[2022-05-23 18:59:53.935] [sharedprocess] [info] Installing extension: yaaooo.werewolf
[2022-05-23 18:59:53.935] [sharedprocess] [info] Installing the extension without checking dependencies and pack yaaooo.werewolf
[2022-05-23 18:59:53.936] [sharedprocess] [info] Installing extension: wakatime.vscode-wakatime
[2022-05-23 18:59:53.936] [sharedprocess] [info] Installing the extension without checking dependencies and pack wakatime.vscode-wakatime
[2022-05-23 18:59:53.936] [sharedprocess] [info] Installing extension: evan-buss.font-switcher
[2022-05-23 18:59:53.936] [sharedprocess] [info] Installing the extension without checking dependencies and pack evan-buss.font-switcher
[2022-05-23 18:59:53.939] [sharedprocess] [info] Installing extension: streetsidesoftware.code-spell-checker
[2022-05-23 18:59:53.940] [sharedprocess] [info] Installing the extension without checking dependencies and pack streetsidesoftware.code-spell-checker
[2022-05-23 18:59:53.974] [sharedprocess] [info] Installing extension: mtxr.sqltools
[2022-05-23 18:59:53.974] [sharedprocess] [info] Installing the extension without checking dependencies and pack mtxr.sqltools
[2022-05-23 18:59:54.016] [sharedprocess] [info] Installing extension: merko.merko-green-theme
[2022-05-23 18:59:54.016] [sharedprocess] [info] Installing the extension without checking dependencies and pack merko.merko-green-theme
[2022-05-23 18:59:54.018] [sharedprocess] [info] Installing extension: wayou.vscode-todo-highlight
[2022-05-23 18:59:54.018] [sharedprocess] [info] Installing the extension without checking dependencies and pack wayou.vscode-todo-highlight
[2022-05-23 18:59:54.019] [sharedprocess] [info] Installing extension: pkief.material-icon-theme
[2022-05-23 18:59:54.019] [sharedprocess] [info] Installing the extension without checking dependencies and pack pkief.material-icon-theme
[2022-05-23 18:59:54.087] [sharedprocess] [info] Installing extension: ms-vscode.cmake-tools
[2022-05-23 18:59:54.087] [sharedprocess] [info] Installing the extension without checking dependencies and pack ms-vscode.cmake-tools
[2022-05-23 18:59:54.088] [sharedprocess] [info] Installing extension: ms-vscode-remote.remote-containers
[2022-05-23 18:59:54.088] [sharedprocess] [info] Installing the extension without checking dependencies and pack ms-vscode-remote.remote-containers
[2022-05-23 18:59:55.050] [sharedprocess] [info] Downloaded extension: aaron-bond.better-comments /home/nikitafin/.config/Code/CachedExtensionVSIXs/aaron-bond.better-comments-3.0.0
[2022-05-23 18:59:55.075] [sharedprocess] [info] Extracted extension to /home/nikitafin/.vscode/extensions/.63ea7398-b579-4965-9188-ed5b3bc956b8: aaron-bond.better-comments
[2022-05-23 18:59:55.077] [sharedprocess] [info] Renamed to /home/nikitafin/.vscode/extensions/aaron-bond.better-comments-3.0.0
[2022-05-23 18:59:55.078] [sharedprocess] [info] Extracting completed. aaron-bond.better-comments
[2022-05-23 18:59:55.079] [sharedprocess] [info] Extension installed successfully: aaron-bond.better-comments
[2022-05-23 18:59:55.184] [sharedprocess] [info] Downloaded extension: dracula-theme.theme-dracula /home/nikitafin/.config/Code/CachedExtensionVSIXs/dracula-theme.theme-dracula-2.24.2
[2022-05-23 18:59:55.192] [sharedprocess] [info] Extracted extension to /home/nikitafin/.vscode/extensions/.570bd1b5-1854-422a-bdd0-89dea5805739: dracula-theme.theme-dracula
[2022-05-23 18:59:55.195] [sharedprocess] [info] Renamed to /home/nikitafin/.vscode/extensions/dracula-theme.theme-dracula-2.24.2
[2022-05-23 18:59:55.195] [sharedprocess] [info] Extracting completed. dracula-theme.theme-dracula
[2022-05-23 18:59:55.196] [sharedprocess] [info] Extension installed successfully: dracula-theme.theme-dracula
[2022-05-23 18:59:55.260] [sharedprocess] [info] Downloaded extension: foxundermoon.shell-format /home/nikitafin/.config/Code/CachedExtensionVSIXs/foxundermoon.shell-format-7.2.2
[2022-05-23 18:59:55.268] [sharedprocess] [info] Extracted extension to /home/nikitafin/.vscode/extensions/.8d3db9c6-d865-47fe-a35e-d495366ebb25: foxundermoon.shell-format
[2022-05-23 18:59:55.270] [sharedprocess] [info] Renamed to /home/nikitafin/.vscode/extensions/foxundermoon.shell-format-7.2.2
[2022-05-23 18:59:55.271] [sharedprocess] [info] Extracting completed. foxundermoon.shell-format
[2022-05-23 18:59:55.271] [sharedprocess] [info] Extension installed successfully: foxundermoon.shell-format
[2022-05-23 18:59:55.515] [sharedprocess] [info] Downloaded extension: 42crunch.vscode-openapi /home/nikitafin/.config/Code/CachedExtensionVSIXs/42crunch.vscode-openapi-4.9.5
[2022-05-23 18:59:55.583] [sharedprocess] [info] Downloaded extension: golang.go /home/nikitafin/.config/Code/CachedExtensionVSIXs/golang.go-0.33.0
[2022-05-23 18:59:55.639] [sharedprocess] [info] Extracted extension to /home/nikitafin/.vscode/extensions/.e91e7e6f-a3e4-4390-821c-c6b9ad2fa4b8: golang.go
[2022-05-23 18:59:55.646] [sharedprocess] [info] Renamed to /home/nikitafin/.vscode/extensions/golang.go-0.33.0
[2022-05-23 18:59:55.647] [sharedprocess] [info] Extracting completed. golang.go
[2022-05-23 18:59:55.648] [sharedprocess] [info] Extension installed successfully: golang.go
[2022-05-23 18:59:55.671] [sharedprocess] [info] Downloaded extension: github.vscode-pull-request-github /home/nikitafin/.config/Code/CachedExtensionVSIXs/github.vscode-pull-request-github-0.42.0
[2022-05-23 18:59:55.701] [sharedprocess] [info] Downloaded extension: ms-vscode.cpptools-themes /home/nikitafin/.config/Code/CachedExtensionVSIXs/ms-vscode.cpptools-themes-1.0.0
[2022-05-23 18:59:55.716] [sharedprocess] [info] Extracted extension to /home/nikitafin/.vscode/extensions/.cb250ceb-2fd5-4255-ae62-d7487f8ee114: ms-vscode.cpptools-themes
[2022-05-23 18:59:55.719] [sharedprocess] [info] Renamed to /home/nikitafin/.vscode/extensions/ms-vscode.cpptools-themes-1.0.0
[2022-05-23 18:59:55.720] [sharedprocess] [info] Extracting completed. ms-vscode.cpptools-themes
[2022-05-23 18:59:55.721] [sharedprocess] [info] Extension installed successfully: ms-vscode.cpptools-themes
[2022-05-23 18:59:55.722] [sharedprocess] [info] Extracted extension to /home/nikitafin/.vscode/extensions/.351ad0fd-7b20-49ff-83b6-383b85f5a8b7: github.vscode-pull-request-github
[2022-05-23 18:59:55.725] [sharedprocess] [info] Renamed to /home/nikitafin/.vscode/extensions/github.vscode-pull-request-github-0.42.0
[2022-05-23 18:59:55.727] [sharedprocess] [info] Extracting completed. github.vscode-pull-request-github
[2022-05-23 18:59:55.727] [sharedprocess] [info] Extension installed successfully: github.vscode-pull-request-github
[2022-05-23 18:59:55.843] [sharedprocess] [info] Extracted extension to /home/nikitafin/.vscode/extensions/.6b51c191-e973-4ead-8c14-ab97d931e230: 42crunch.vscode-openapi
[2022-05-23 18:59:55.847] [sharedprocess] [info] Renamed to /home/nikitafin/.vscode/extensions/42crunch.vscode-openapi-4.9.5
[2022-05-23 18:59:55.848] [sharedprocess] [info] Extracting completed. 42crunch.vscode-openapi
[2022-05-23 18:59:55.848] [sharedprocess] [info] Extension installed successfully: 42crunch.vscode-openapi
[2022-05-23 18:59:56.087] [sharedprocess] [info] Downloaded extension: dotjoshjohnson.xml /home/nikitafin/.config/Code/CachedExtensionVSIXs/dotjoshjohnson.xml-2.5.1
[2022-05-23 18:59:56.139] [sharedprocess] [info] Downloaded extension: jdinhlife.gruvbox /home/nikitafin/.config/Code/CachedExtensionVSIXs/jdinhlife.gruvbox-1.5.1
[2022-05-23 18:59:56.217] [sharedprocess] [info] Extracted extension to /home/nikitafin/.vscode/extensions/.f905f2e8-d76c-4018-8c98-90585ae7e286: jdinhlife.gruvbox
[2022-05-23 18:59:56.226] [sharedprocess] [info] Renamed to /home/nikitafin/.vscode/extensions/jdinhlife.gruvbox-1.5.1
[2022-05-23 18:59:56.227] [sharedprocess] [info] Extracting completed. jdinhlife.gruvbox
[2022-05-23 18:59:56.228] [sharedprocess] [info] Extension installed successfully: jdinhlife.gruvbox
[2022-05-23 18:59:56.421] [sharedprocess] [info] Downloaded extension: redhat.vscode-yaml /home/nikitafin/.config/Code/CachedExtensionVSIXs/redhat.vscode-yaml-1.7.0
[2022-05-23 18:59:56.457] [sharedprocess] [info] Extracted extension to /home/nikitafin/.vscode/extensions/.71a892e6-421c-4a2c-b7a9-f00ea6291c2e: redhat.vscode-yaml
[2022-05-23 18:59:56.460] [sharedprocess] [info] Renamed to /home/nikitafin/.vscode/extensions/redhat.vscode-yaml-1.7.0
[2022-05-23 18:59:56.462] [sharedprocess] [info] Extracting completed. redhat.vscode-yaml
[2022-05-23 18:59:56.462] [sharedprocess] [info] Extension installed successfully: redhat.vscode-yaml
[2022-05-23 18:59:56.562] [sharedprocess] [info] Downloaded extension: ms-vscode.cpptools-extension-pack /home/nikitafin/.config/Code/CachedExtensionVSIXs/ms-vscode.cpptools-extension-pack-1.2.0
[2022-05-23 18:59:56.566] [sharedprocess] [info] Extracted extension to /home/nikitafin/.vscode/extensions/.6550da52-b18c-4276-bbcb-99dd2e81b1de: ms-vscode.cpptools-extension-pack
[2022-05-23 18:59:56.568] [sharedprocess] [info] Renamed to /home/nikitafin/.vscode/extensions/ms-vscode.cpptools-extension-pack-1.2.0
[2022-05-23 18:59:56.569] [sharedprocess] [info] Extracting completed. ms-vscode.cpptools-extension-pack
[2022-05-23 18:59:56.569] [sharedprocess] [info] Extension installed successfully: ms-vscode.cpptools-extension-pack
[2022-05-23 18:59:56.588] [sharedprocess] [info] Extracted extension to /home/nikitafin/.vscode/extensions/.c84070ab-34a6-4611-9721-e631649bc850: dotjoshjohnson.xml
[2022-05-23 18:59:56.591] [sharedprocess] [info] Renamed to /home/nikitafin/.vscode/extensions/dotjoshjohnson.xml-2.5.1
[2022-05-23 18:59:56.591] [sharedprocess] [info] Extracting completed. dotjoshjohnson.xml
[2022-05-23 18:59:56.592] [sharedprocess] [info] Extension installed successfully: dotjoshjohnson.xml
[2022-05-23 18:59:56.831] [sharedprocess] [info] Downloaded extension: ms-vscode-remote.remote-ssh-edit /home/nikitafin/.config/Code/CachedExtensionVSIXs/ms-vscode-remote.remote-ssh-edit-0.80.0
[2022-05-23 18:59:56.841] [sharedprocess] [info] Extracted extension to /home/nikitafin/.vscode/extensions/.e12c942b-30cf-47ad-8392-9ae11e92d9dc: ms-vscode-remote.remote-ssh-edit
[2022-05-23 18:59:56.844] [sharedprocess] [info] Renamed to /home/nikitafin/.vscode/extensions/ms-vscode-remote.remote-ssh-edit-0.80.0
[2022-05-23 18:59:56.845] [sharedprocess] [info] Extracting completed. ms-vscode-remote.remote-ssh-edit
[2022-05-23 18:59:56.845] [sharedprocess] [info] Extension installed successfully: ms-vscode-remote.remote-ssh-edit
[2022-05-23 18:59:56.854] [sharedprocess] [info] Downloaded extension: github.github-vscode-theme /home/nikitafin/.config/Code/CachedExtensionVSIXs/github.github-vscode-theme-6.0.0
[2022-05-23 18:59:56.891] [sharedprocess] [info] Extracted extension to /home/nikitafin/.vscode/extensions/.2393220e-f60e-41a3-8836-922df9f380b1: github.github-vscode-theme
[2022-05-23 18:59:56.897] [sharedprocess] [info] Renamed to /home/nikitafin/.vscode/extensions/github.github-vscode-theme-6.0.0
[2022-05-23 18:59:56.902] [sharedprocess] [info] Extracting completed. github.github-vscode-theme
[2022-05-23 18:59:56.902] [sharedprocess] [info] Extension installed successfully: github.github-vscode-theme
[2022-05-23 18:59:56.932] [sharedprocess] [info] Downloaded extension: ms-vscode-remote.remote-ssh /home/nikitafin/.config/Code/CachedExtensionVSIXs/ms-vscode-remote.remote-ssh-0.80.0
[2022-05-23 18:59:56.949] [sharedprocess] [info] Extracted extension to /home/nikitafin/.vscode/extensions/.108d658c-ac2f-44ee-a813-23482997cd2e: ms-vscode-remote.remote-ssh
[2022-05-23 18:59:56.952] [sharedprocess] [info] Renamed to /home/nikitafin/.vscode/extensions/ms-vscode-remote.remote-ssh-0.80.0
[2022-05-23 18:59:56.953] [sharedprocess] [info] Extracting completed. ms-vscode-remote.remote-ssh
[2022-05-23 18:59:56.953] [sharedprocess] [info] Extension installed successfully: ms-vscode-remote.remote-ssh
[2022-05-23 18:59:57.040] [sharedprocess] [info] Downloaded extension: jeff-hykin.better-cpp-syntax /home/nikitafin/.config/Code/CachedExtensionVSIXs/jeff-hykin.better-cpp-syntax-1.15.13
[2022-05-23 18:59:57.049] [sharedprocess] [info] Extracted extension to /home/nikitafin/.vscode/extensions/.d5356e9f-7394-4318-b315-bd24da6e148e: jeff-hykin.better-cpp-syntax
[2022-05-23 18:59:57.051] [sharedprocess] [info] Renamed to /home/nikitafin/.vscode/extensions/jeff-hykin.better-cpp-syntax-1.15.13
[2022-05-23 18:59:57.052] [sharedprocess] [info] Extracting completed. jeff-hykin.better-cpp-syntax
[2022-05-23 18:59:57.052] [sharedprocess] [info] Extension installed successfully: jeff-hykin.better-cpp-syntax
[2022-05-23 18:59:57.390] [sharedprocess] [info] Downloaded extension: mikestead.dotenv /home/nikitafin/.config/Code/CachedExtensionVSIXs/mikestead.dotenv-1.0.1
[2022-05-23 18:59:57.395] [sharedprocess] [info] Extracted extension to /home/nikitafin/.vscode/extensions/.d3426b4b-a392-4641-b11f-cd3169294af1: mikestead.dotenv
[2022-05-23 18:59:57.397] [sharedprocess] [info] Renamed to /home/nikitafin/.vscode/extensions/mikestead.dotenv-1.0.1
[2022-05-23 18:59:57.398] [sharedprocess] [info] Extracting completed. mikestead.dotenv
[2022-05-23 18:59:57.398] [sharedprocess] [info] Extension installed successfully: mikestead.dotenv
[2022-05-23 18:59:57.493] [sharedprocess] [info] Downloaded extension: leandro-rodrigues.crt-vscode /home/nikitafin/.config/Code/CachedExtensionVSIXs/leandro-rodrigues.crt-vscode-0.0.11
[2022-05-23 18:59:57.536] [sharedprocess] [info] Extracted extension to /home/nikitafin/.vscode/extensions/.286e5468-f95a-4d14-a059-c938f7e674d9: leandro-rodrigues.crt-vscode
[2022-05-23 18:59:57.539] [sharedprocess] [info] Renamed to /home/nikitafin/.vscode/extensions/leandro-rodrigues.crt-vscode-0.0.11
[2022-05-23 18:59:57.539] [sharedprocess] [info] Extracting completed. leandro-rodrigues.crt-vscode
[2022-05-23 18:59:57.540] [sharedprocess] [info] Extension installed successfully: leandro-rodrigues.crt-vscode
[2022-05-23 18:59:57.979] [sharedprocess] [info] Downloaded extension: dawranliou.minimal-theme-vscode /home/nikitafin/.config/Code/CachedExtensionVSIXs/dawranliou.minimal-theme-vscode-0.1.1
[2022-05-23 18:59:57.984] [sharedprocess] [info] Extracted extension to /home/nikitafin/.vscode/extensions/.2ac07f42-37ab-4b08-84f9-c30a933498d8: dawranliou.minimal-theme-vscode
[2022-05-23 18:59:57.986] [sharedprocess] [info] Renamed to /home/nikitafin/.vscode/extensions/dawranliou.minimal-theme-vscode-0.1.1
[2022-05-23 18:59:57.986] [sharedprocess] [info] Extracting completed. dawranliou.minimal-theme-vscode
[2022-05-23 18:59:57.987] [sharedprocess] [info] Extension installed successfully: dawranliou.minimal-theme-vscode
[2022-05-23 18:59:58.364] [sharedprocess] [info] Downloaded extension: bbenoist.qml /home/nikitafin/.config/Code/CachedExtensionVSIXs/bbenoist.qml-1.0.0
[2022-05-23 18:59:58.370] [sharedprocess] [info] Extracted extension to /home/nikitafin/.vscode/extensions/.a4cfdee3-ff3f-4e11-8306-71e48b9afc35: bbenoist.qml
[2022-05-23 18:59:58.373] [sharedprocess] [info] Renamed to /home/nikitafin/.vscode/extensions/bbenoist.qml-1.0.0
[2022-05-23 18:59:58.374] [sharedprocess] [info] Extracting completed. bbenoist.qml
[2022-05-23 18:59:58.374] [sharedprocess] [info] Extension installed successfully: bbenoist.qml
[2022-05-23 18:59:58.836] [sharedprocess] [info] Downloaded extension: merko.merko-green-theme /home/nikitafin/.config/Code/CachedExtensionVSIXs/merko.merko-green-theme-0.6.0
[2022-05-23 18:59:58.842] [sharedprocess] [info] Extracted extension to /home/nikitafin/.vscode/extensions/.58e5a518-aa43-48ba-b0db-cc1cca367e98: merko.merko-green-theme
[2022-05-23 18:59:58.844] [sharedprocess] [info] Renamed to /home/nikitafin/.vscode/extensions/merko.merko-green-theme-0.6.0
[2022-05-23 18:59:58.845] [sharedprocess] [info] Extracting completed. merko.merko-green-theme
[2022-05-23 18:59:58.846] [sharedprocess] [info] Extension installed successfully: merko.merko-green-theme
[2022-05-23 18:59:58.934] [sharedprocess] [info] Downloaded extension: enenumxela.signed-dark-pro /home/nikitafin/.config/Code/CachedExtensionVSIXs/enenumxela.signed-dark-pro-1.2.0
[2022-05-23 18:59:58.943] [sharedprocess] [info] Extracted extension to /home/nikitafin/.vscode/extensions/.2b92963c-bc69-4c8b-9ec7-dd370174c6b4: enenumxela.signed-dark-pro
[2022-05-23 18:59:58.946] [sharedprocess] [info] Renamed to /home/nikitafin/.vscode/extensions/enenumxela.signed-dark-pro-1.2.0
[2022-05-23 18:59:58.947] [sharedprocess] [info] Extracting completed. enenumxela.signed-dark-pro
[2022-05-23 18:59:58.948] [sharedprocess] [info] Extension installed successfully: enenumxela.signed-dark-pro
[2022-05-23 18:59:58.983] [sharedprocess] [info] Downloaded extension: wakatime.vscode-wakatime /home/nikitafin/.config/Code/CachedExtensionVSIXs/wakatime.vscode-wakatime-18.1.5
[2022-05-23 18:59:59.039] [sharedprocess] [info] Extracted extension to /home/nikitafin/.vscode/extensions/.101ea485-040f-4e32-bc60-457ff05ed376: wakatime.vscode-wakatime
[2022-05-23 18:59:59.041] [sharedprocess] [info] Renamed to /home/nikitafin/.vscode/extensions/wakatime.vscode-wakatime-18.1.5
[2022-05-23 18:59:59.042] [sharedprocess] [info] Extracting completed. wakatime.vscode-wakatime
[2022-05-23 18:59:59.042] [sharedprocess] [info] Extension installed successfully: wakatime.vscode-wakatime
[2022-05-23 18:59:59.481] [sharedprocess] [info] Downloaded extension: ms-vscode.makefile-tools /home/nikitafin/.config/Code/CachedExtensionVSIXs/ms-vscode.makefile-tools-0.5.0
[2022-05-23 18:59:59.721] [sharedprocess] [info] Extracted extension to /home/nikitafin/.vscode/extensions/.7b3aadd8-e7f0-4320-bc61-e02567533596: ms-vscode.makefile-tools
[2022-05-23 18:59:59.726] [sharedprocess] [info] Renamed to /home/nikitafin/.vscode/extensions/ms-vscode.makefile-tools-0.5.0
[2022-05-23 18:59:59.727] [sharedprocess] [info] Extracting completed. ms-vscode.makefile-tools
[2022-05-23 18:59:59.728] [sharedprocess] [info] Extension installed successfully: ms-vscode.makefile-tools
[2022-05-23 19:00:01.761] [sharedprocess] [info] Downloaded extension: wesbos.theme-cobalt2 /home/nikitafin/.config/Code/CachedExtensionVSIXs/wesbos.theme-cobalt2-2.2.5
[2022-05-23 19:00:01.778] [sharedprocess] [info] Downloaded extension: kalk.borland /home/nikitafin/.config/Code/CachedExtensionVSIXs/kalk.borland-0.1.0
[2022-05-23 19:00:01.804] [sharedprocess] [info] Extracted extension to /home/nikitafin/.vscode/extensions/.a134fada-287c-46a2-bb48-fb5a99999063: kalk.borland
[2022-05-23 19:00:01.816] [sharedprocess] [info] Renamed to /home/nikitafin/.vscode/extensions/kalk.borland-0.1.0
[2022-05-23 19:00:01.818] [sharedprocess] [info] Extracting completed. kalk.borland
[2022-05-23 19:00:01.818] [sharedprocess] [info] Extension installed successfully: kalk.borland
[2022-05-23 19:00:01.819] [sharedprocess] [info] Extracted extension to /home/nikitafin/.vscode/extensions/.028948a0-3372-4c44-bcdc-1af770486ac8: wesbos.theme-cobalt2
[2022-05-23 19:00:01.822] [sharedprocess] [info] Renamed to /home/nikitafin/.vscode/extensions/wesbos.theme-cobalt2-2.2.5
[2022-05-23 19:00:01.826] [sharedprocess] [info] Extracting completed. wesbos.theme-cobalt2
[2022-05-23 19:00:01.826] [sharedprocess] [info] Extension installed successfully: wesbos.theme-cobalt2
[2022-05-23 19:00:01.934] [sharedprocess] [info] Downloaded extension: be5invis.vscode-custom-css /home/nikitafin/.config/Code/CachedExtensionVSIXs/be5invis.vscode-custom-css-6.0.2
[2022-05-23 19:00:02.189] [sharedprocess] [info] Extracted extension to /home/nikitafin/.vscode/extensions/.39e64bd4-b609-4a36-8ccf-aea124007cd4: be5invis.vscode-custom-css
[2022-05-23 19:00:02.193] [sharedprocess] [info] Renamed to /home/nikitafin/.vscode/extensions/be5invis.vscode-custom-css-6.0.2
[2022-05-23 19:00:02.199] [sharedprocess] [info] Extracting completed. be5invis.vscode-custom-css
[2022-05-23 19:00:02.201] [sharedprocess] [info] Extension installed successfully: be5invis.vscode-custom-css
[2022-05-23 19:00:02.442] [sharedprocess] [info] Downloaded extension: pkief.material-icon-theme /home/nikitafin/.config/Code/CachedExtensionVSIXs/pkief.material-icon-theme-4.17.0
[2022-05-23 19:00:02.572] [sharedprocess] [info] Downloaded extension: ericsonwillians.oldschool-theme /home/nikitafin/.config/Code/CachedExtensionVSIXs/ericsonwillians.oldschool-theme-0.0.7
[2022-05-23 19:00:02.638] [sharedprocess] [info] Extracted extension to /home/nikitafin/.vscode/extensions/.e8aee412-d5e8-411b-b208-bdf99de4b5fd: ericsonwillians.oldschool-theme
[2022-05-23 19:00:02.651] [sharedprocess] [info] Renamed to /home/nikitafin/.vscode/extensions/ericsonwillians.oldschool-theme-0.0.7
[2022-05-23 19:00:02.662] [sharedprocess] [info] Extracting completed. ericsonwillians.oldschool-theme
[2022-05-23 19:00:02.663] [sharedprocess] [info] Extension installed successfully: ericsonwillians.oldschool-theme
[2022-05-23 19:00:02.749] [sharedprocess] [info] Downloaded extension: evan-buss.font-switcher /home/nikitafin/.config/Code/CachedExtensionVSIXs/evan-buss.font-switcher-4.0.3
[2022-05-23 19:00:02.779] [sharedprocess] [info] Extracted extension to /home/nikitafin/.vscode/extensions/.7a17163d-2888-4308-b222-8022f7105fcb: evan-buss.font-switcher
[2022-05-23 19:00:02.782] [sharedprocess] [info] Renamed to /home/nikitafin/.vscode/extensions/evan-buss.font-switcher-4.0.3
[2022-05-23 19:00:02.783] [sharedprocess] [info] Extracting completed. evan-buss.font-switcher
[2022-05-23 19:00:02.784] [sharedprocess] [info] Extension installed successfully: evan-buss.font-switcher
[2022-05-23 19:00:03.260] [sharedprocess] [info] Extracted extension to /home/nikitafin/.vscode/extensions/.afbed123-dfdf-491b-93d4-aa32bbbaa20f: pkief.material-icon-theme
[2022-05-23 19:00:03.260] [sharedprocess] [info] Renamed to /home/nikitafin/.vscode/extensions/pkief.material-icon-theme-4.17.0
[2022-05-23 19:00:03.262] [sharedprocess] [info] Extracting completed. pkief.material-icon-theme
[2022-05-23 19:00:03.262] [sharedprocess] [info] Extension installed successfully: pkief.material-icon-theme
[2022-05-23 19:00:03.805] [sharedprocess] [info] Downloaded extension: mtxr.sqltools /home/nikitafin/.config/Code/CachedExtensionVSIXs/mtxr.sqltools-0.23.0
[2022-05-23 19:00:03.887] [sharedprocess] [info] Extracted extension to /home/nikitafin/.vscode/extensions/.51f24833-8535-4a66-ac74-f297a7008e21: mtxr.sqltools
[2022-05-23 19:00:03.889] [sharedprocess] [info] Renamed to /home/nikitafin/.vscode/extensions/mtxr.sqltools-0.23.0
[2022-05-23 19:00:03.890] [sharedprocess] [info] Extracting completed. mtxr.sqltools
[2022-05-23 19:00:03.891] [sharedprocess] [info] Extension installed successfully: mtxr.sqltools
[2022-05-23 19:00:04.130] [sharedprocess] [info] Downloaded extension: patbenatar.advanced-new-file /home/nikitafin/.config/Code/CachedExtensionVSIXs/patbenatar.advanced-new-file-1.2.2
[2022-05-23 19:00:04.359] [sharedprocess] [info] Downloaded extension: ms-vscode.cmake-tools /home/nikitafin/.config/Code/CachedExtensionVSIXs/ms-vscode.cmake-tools-1.10.5
[2022-05-23 19:00:04.476] [sharedprocess] [info] Extracted extension to /home/nikitafin/.vscode/extensions/.5c0f4d43-8fe4-428b-8645-06e297469773: ms-vscode.cmake-tools
[2022-05-23 19:00:04.480] [sharedprocess] [info] Renamed to /home/nikitafin/.vscode/extensions/ms-vscode.cmake-tools-1.10.5
[2022-05-23 19:00:04.484] [sharedprocess] [info] Extracting completed. ms-vscode.cmake-tools
[2022-05-23 19:00:04.488] [sharedprocess] [info] Extension installed successfully: ms-vscode.cmake-tools
[2022-05-23 19:00:04.725] [sharedprocess] [info] Extracted extension to /home/nikitafin/.vscode/extensions/.12053b6a-0e71-457d-892c-d33b5e9a67dd: patbenatar.advanced-new-file
[2022-05-23 19:00:04.729] [sharedprocess] [info] Renamed to /home/nikitafin/.vscode/extensions/patbenatar.advanced-new-file-1.2.2
[2022-05-23 19:00:04.730] [sharedprocess] [info] Extracting completed. patbenatar.advanced-new-file
[2022-05-23 19:00:04.730] [sharedprocess] [info] Extension installed successfully: patbenatar.advanced-new-file
[2022-05-23 19:00:05.048] [sharedprocess] [info] Downloaded extension: ms-azuretools.vscode-docker /home/nikitafin/.config/Code/CachedExtensionVSIXs/ms-azuretools.vscode-docker-1.22.0
[2022-05-23 19:00:05.111] [sharedprocess] [info] Extracted extension to /home/nikitafin/.vscode/extensions/.e1e77a2f-6cd7-44d5-aa5a-8d952685bcff: ms-azuretools.vscode-docker
[2022-05-23 19:00:05.116] [sharedprocess] [info] Renamed to /home/nikitafin/.vscode/extensions/ms-azuretools.vscode-docker-1.22.0
[2022-05-23 19:00:05.123] [sharedprocess] [info] Extracting completed. ms-azuretools.vscode-docker
[2022-05-23 19:00:05.124] [sharedprocess] [info] Extension installed successfully: ms-azuretools.vscode-docker
[2022-05-23 19:00:05.326] [sharedprocess] [info] Downloaded extension: wayou.vscode-todo-highlight /home/nikitafin/.config/Code/CachedExtensionVSIXs/wayou.vscode-todo-highlight-1.0.5
[2022-05-23 19:00:05.340] [sharedprocess] [info] Extracted extension to /home/nikitafin/.vscode/extensions/.13989151-7a59-4eec-b1ef-c9a1b59540fa: wayou.vscode-todo-highlight
[2022-05-23 19:00:05.342] [sharedprocess] [info] Renamed to /home/nikitafin/.vscode/extensions/wayou.vscode-todo-highlight-1.0.5
[2022-05-23 19:00:05.343] [sharedprocess] [info] Extracting completed. wayou.vscode-todo-highlight
[2022-05-23 19:00:05.344] [sharedprocess] [info] Extension installed successfully: wayou.vscode-todo-highlight
[2022-05-23 19:00:05.546] [sharedprocess] [info] Downloaded extension: ms-vscode-remote.remote-wsl /home/nikitafin/.config/Code/CachedExtensionVSIXs/ms-vscode-remote.remote-wsl-0.66.3
[2022-05-23 19:00:05.648] [sharedprocess] [info] Extracted extension to /home/nikitafin/.vscode/extensions/.907de363-f535-4cdb-862d-47805d9b40fd: ms-vscode-remote.remote-wsl
[2022-05-23 19:00:05.660] [sharedprocess] [info] Downloaded extension: ms-vscode-remote.remote-containers /home/nikitafin/.config/Code/CachedExtensionVSIXs/ms-vscode-remote.remote-containers-0.234.0
[2022-05-23 19:00:05.661] [sharedprocess] [info] Renamed to /home/nikitafin/.vscode/extensions/ms-vscode-remote.remote-wsl-0.66.3
[2022-05-23 19:00:05.662] [sharedprocess] [info] Extracting completed. ms-vscode-remote.remote-wsl
[2022-05-23 19:00:05.663] [sharedprocess] [info] Extension installed successfully: ms-vscode-remote.remote-wsl
[2022-05-23 19:00:05.719] [sharedprocess] [info] Downloaded extension: johnpapa.winteriscoming /home/nikitafin/.config/Code/CachedExtensionVSIXs/johnpapa.winteriscoming-1.4.4
[2022-05-23 19:00:05.760] [sharedprocess] [info] Extracted extension to /home/nikitafin/.vscode/extensions/.8682e456-bf2e-4417-927e-621409d24d58: johnpapa.winteriscoming
[2022-05-23 19:00:05.766] [sharedprocess] [info] Renamed to /home/nikitafin/.vscode/extensions/johnpapa.winteriscoming-1.4.4
[2022-05-23 19:00:05.767] [sharedprocess] [info] Extracting completed. johnpapa.winteriscoming
[2022-05-23 19:00:05.767] [sharedprocess] [info] Extension installed successfully: johnpapa.winteriscoming
[2022-05-23 19:00:06.019] [sharedprocess] [info] Downloaded extension: hbthen3rd.unieye /home/nikitafin/.config/Code/CachedExtensionVSIXs/hbthen3rd.unieye-1.1.0
[2022-05-23 19:00:06.066] [sharedprocess] [info] Extracted extension to /home/nikitafin/.vscode/extensions/.05af2268-9a34-4c9f-b564-cf17044731d8: hbthen3rd.unieye
[2022-05-23 19:00:06.069] [sharedprocess] [info] Renamed to /home/nikitafin/.vscode/extensions/hbthen3rd.unieye-1.1.0
[2022-05-23 19:00:06.070] [sharedprocess] [info] Extracting completed. hbthen3rd.unieye
[2022-05-23 19:00:06.070] [sharedprocess] [info] Extension installed successfully: hbthen3rd.unieye
[2022-05-23 19:00:06.133] [sharedprocess] [info] Extracted extension to /home/nikitafin/.vscode/extensions/.b5c472c3-6e83-4966-9c2b-1c9fbc125f28: ms-vscode-remote.remote-containers
[2022-05-23 19:00:06.139] [sharedprocess] [info] Renamed to /home/nikitafin/.vscode/extensions/ms-vscode-remote.remote-containers-0.234.0
[2022-05-23 19:00:06.140] [sharedprocess] [info] Extracting completed. ms-vscode-remote.remote-containers
[2022-05-23 19:00:06.140] [sharedprocess] [info] Extension installed successfully: ms-vscode-remote.remote-containers
[2022-05-23 19:00:06.802] [sharedprocess] [info] Downloaded extension: vscodevim.vim /home/nikitafin/.config/Code/CachedExtensionVSIXs/vscodevim.vim-1.22.2
[2022-05-23 19:00:06.884] [sharedprocess] [info] Extracted extension to /home/nikitafin/.vscode/extensions/.b581b427-6c22-445a-95a5-04a912f3f5a1: vscodevim.vim
[2022-05-23 19:00:06.889] [sharedprocess] [info] Renamed to /home/nikitafin/.vscode/extensions/vscodevim.vim-1.22.2
[2022-05-23 19:00:06.890] [sharedprocess] [info] Extracting completed. vscodevim.vim
[2022-05-23 19:00:06.890] [sharedprocess] [info] Extension installed successfully: vscodevim.vim
[2022-05-23 19:00:08.246] [sharedprocess] [info] Downloaded extension: streetsidesoftware.code-spell-checker /home/nikitafin/.config/Code/CachedExtensionVSIXs/streetsidesoftware.code-spell-checker-2.2.0
[2022-05-23 19:00:08.382] [sharedprocess] [info] Extracted extension to /home/nikitafin/.vscode/extensions/.dd5068d1-15a2-467a-a013-e1a0aab585e5: streetsidesoftware.code-spell-checker
[2022-05-23 19:00:08.386] [sharedprocess] [info] Renamed to /home/nikitafin/.vscode/extensions/streetsidesoftware.code-spell-checker-2.2.0
[2022-05-23 19:00:08.388] [sharedprocess] [info] Extracting completed. streetsidesoftware.code-spell-checker
[2022-05-23 19:00:08.389] [sharedprocess] [info] Extension installed successfully: streetsidesoftware.code-spell-checker
[2022-05-23 19:00:08.864] [sharedprocess] [info] Downloaded extension: jackevoniuk.real-retro /home/nikitafin/.config/Code/CachedExtensionVSIXs/jackevoniuk.real-retro-1.0.2
[2022-05-23 19:00:08.878] [sharedprocess] [info] Extracted extension to /home/nikitafin/.vscode/extensions/.b9e790ab-edc3-449d-ad3a-f9899bdb3046: jackevoniuk.real-retro
[2022-05-23 19:00:08.880] [sharedprocess] [info] Renamed to /home/nikitafin/.vscode/extensions/jackevoniuk.real-retro-1.0.2
[2022-05-23 19:00:08.881] [sharedprocess] [info] Extracting completed. jackevoniuk.real-retro
[2022-05-23 19:00:08.881] [sharedprocess] [info] Extension installed successfully: jackevoniuk.real-retro
[2022-05-23 19:00:09.497] [sharedprocess] [info] Downloaded extension: yaaooo.werewolf /home/nikitafin/.config/Code/CachedExtensionVSIXs/yaaooo.werewolf-0.1.4
[2022-05-23 19:00:09.521] [sharedprocess] [info] Extracted extension to /home/nikitafin/.vscode/extensions/.fd51fd30-5808-4fcf-b38e-e0fa17322d79: yaaooo.werewolf
[2022-05-23 19:00:09.523] [sharedprocess] [info] Renamed to /home/nikitafin/.vscode/extensions/yaaooo.werewolf-0.1.4
[2022-05-23 19:00:09.524] [sharedprocess] [info] Extracting completed. yaaooo.werewolf
[2022-05-23 19:00:09.525] [sharedprocess] [info] Extension installed successfully: yaaooo.werewolf
[2022-05-23 19:00:10.914] [sharedprocess] [info] Downloaded extension: cschlosser.doxdocgen /home/nikitafin/.config/Code/CachedExtensionVSIXs/cschlosser.doxdocgen-1.4.0
[2022-05-23 19:00:11.017] [sharedprocess] [info] Downloaded extension: streetsidesoftware.code-spell-checker-russian /home/nikitafin/.config/Code/CachedExtensionVSIXs/streetsidesoftware.code-spell-checker-russian-2.0.4
[2022-05-23 19:00:11.050] [sharedprocess] [info] Extracted extension to /home/nikitafin/.vscode/extensions/.c82c2992-2497-4f60-84dc-38c717a073d6: streetsidesoftware.code-spell-checker-russian
[2022-05-23 19:00:11.052] [sharedprocess] [info] Renamed to /home/nikitafin/.vscode/extensions/streetsidesoftware.code-spell-checker-russian-2.0.4
[2022-05-23 19:00:11.053] [sharedprocess] [info] Extracting completed. streetsidesoftware.code-spell-checker-russian
[2022-05-23 19:00:11.053] [sharedprocess] [info] Extension installed successfully: streetsidesoftware.code-spell-checker-russian
[2022-05-23 19:00:11.350] [sharedprocess] [info] Extracted extension to /home/nikitafin/.vscode/extensions/.4249ca96-c990-4b54-94d5-72fc79a06dc3: cschlosser.doxdocgen
[2022-05-23 19:00:11.352] [sharedprocess] [info] Renamed to /home/nikitafin/.vscode/extensions/cschlosser.doxdocgen-1.4.0
[2022-05-23 19:00:11.353] [sharedprocess] [info] Extracting completed. cschlosser.doxdocgen
[2022-05-23 19:00:11.353] [sharedprocess] [info] Extension installed successfully: cschlosser.doxdocgen
[2022-05-23 19:00:14.791] [sharedprocess] [info] Downloaded extension: kamikillerto.vscode-colorize /home/nikitafin/.config/Code/CachedExtensionVSIXs/kamikillerto.vscode-colorize-0.11.1
[2022-05-23 19:00:14.885] [sharedprocess] [info] Extracted extension to /home/nikitafin/.vscode/extensions/.f918d5a4-51c1-4c31-908c-47cef27fa3a9: kamikillerto.vscode-colorize
[2022-05-23 19:00:14.900] [sharedprocess] [info] Renamed to /home/nikitafin/.vscode/extensions/kamikillerto.vscode-colorize-0.11.1
[2022-05-23 19:00:14.901] [sharedprocess] [info] Extracting completed. kamikillerto.vscode-colorize
[2022-05-23 19:00:14.901] [sharedprocess] [info] Extension installed successfully: kamikillerto.vscode-colorize
[2022-05-23 19:00:15.326] [sharedprocess] [info] Downloaded extension: mvllow.rose-pine /home/nikitafin/.config/Code/CachedExtensionVSIXs/mvllow.rose-pine-2.2.0
[2022-05-23 19:00:15.389] [sharedprocess] [info] Extracted extension to /home/nikitafin/.vscode/extensions/.55f33a3a-0b88-464b-a95b-8af3a12d4865: mvllow.rose-pine
[2022-05-23 19:00:15.429] [sharedprocess] [info] Renamed to /home/nikitafin/.vscode/extensions/mvllow.rose-pine-2.2.0
[2022-05-23 19:00:15.430] [sharedprocess] [info] Extracting completed. mvllow.rose-pine
[2022-05-23 19:00:15.430] [sharedprocess] [info] Extension installed successfully: mvllow.rose-pine
[2022-05-23 19:00:16.406] [sharedprocess] [info] Downloaded extension: twxs.cmake /home/nikitafin/.config/Code/CachedExtensionVSIXs/twxs.cmake-0.0.17
[2022-05-23 19:00:16.515] [sharedprocess] [info] Extracted extension to /home/nikitafin/.vscode/extensions/.5d404915-e4fe-4234-8fa7-e19589c3358c: twxs.cmake
[2022-05-23 19:00:16.517] [sharedprocess] [info] Renamed to /home/nikitafin/.vscode/extensions/twxs.cmake-0.0.17
[2022-05-23 19:00:16.518] [sharedprocess] [info] Extracting completed. twxs.cmake
[2022-05-23 19:00:16.518] [sharedprocess] [info] Extension installed successfully: twxs.cmake
[2022-05-23 19:00:17.631] [sharedprocess] [info] Downloaded extension: zxh404.vscode-proto3 /home/nikitafin/.config/Code/CachedExtensionVSIXs/zxh404.vscode-proto3-0.5.5
[2022-05-23 19:00:19.307] [sharedprocess] [info] Extracted extension to /home/nikitafin/.vscode/extensions/.905e198b-aacd-44ee-8a16-a66e8559e6ce: zxh404.vscode-proto3
[2022-05-23 19:00:19.325] [sharedprocess] [info] Renamed to /home/nikitafin/.vscode/extensions/zxh404.vscode-proto3-0.5.5
[2022-05-23 19:00:19.326] [sharedprocess] [info] Extracting completed. zxh404.vscode-proto3
[2022-05-23 19:00:19.326] [sharedprocess] [info] Extension installed successfully: zxh404.vscode-proto3
[2022-05-23 19:00:21.940] [sharedprocess] [info] Downloaded extension: ms-vscode.powershell /home/nikitafin/.config/Code/CachedExtensionVSIXs/ms-vscode.powershell-2022.5.1
[2022-05-23 19:00:22.266] [sharedprocess] [info] Downloaded extension: cschleiden.vscode-github-actions /home/nikitafin/.config/Code/CachedExtensionVSIXs/cschleiden.vscode-github-actions-0.24.1
[2022-05-23 19:00:22.571] [sharedprocess] [info] Extracted extension to /home/nikitafin/.vscode/extensions/.06d4956c-c8e6-4aad-8914-38bd295948d6: cschleiden.vscode-github-actions
[2022-05-23 19:00:22.574] [sharedprocess] [info] Renamed to /home/nikitafin/.vscode/extensions/cschleiden.vscode-github-actions-0.24.1
[2022-05-23 19:00:22.575] [sharedprocess] [info] Extracting completed. cschleiden.vscode-github-actions
[2022-05-23 19:00:22.575] [sharedprocess] [info] Extension installed successfully: cschleiden.vscode-github-actions
[2022-05-23 19:00:23.100] [sharedprocess] [info] Extracted extension to /home/nikitafin/.vscode/extensions/.87d9cb16-a545-43cb-8b09-6635adee4f32: ms-vscode.powershell
[2022-05-23 19:00:23.103] [sharedprocess] [info] Renamed to /home/nikitafin/.vscode/extensions/ms-vscode.powershell-2022.5.1
[2022-05-23 19:00:23.104] [sharedprocess] [info] Extracting completed. ms-vscode.powershell
[2022-05-23 19:00:23.104] [sharedprocess] [info] Extension installed successfully: ms-vscode.powershell
[2022-05-23 19:00:28.878] [sharedprocess] [info] Downloaded extension: ms-vscode.cpptools /home/nikitafin/.config/Code/CachedExtensionVSIXs/ms-vscode.cpptools-1.10.2-linux-x64
[2022-05-23 19:00:30.254] [sharedprocess] [info] Extracted extension to /home/nikitafin/.vscode/extensions/.7ff6be38-4421-4f15-a74e-105208bc2abb: ms-vscode.cpptools
[2022-05-23 19:00:30.260] [sharedprocess] [info] Renamed to /home/nikitafin/.vscode/extensions/ms-vscode.cpptools-1.10.2-linux-x64
[2022-05-23 19:00:30.267] [sharedprocess] [info] Extracting completed. ms-vscode.cpptools
[2022-05-23 19:00:30.269] [sharedprocess] [info] Extension installed successfully: ms-vscode.cpptools
[2022-05-23 19:04:08.318] [sharedprocess] [info] Getting Manifest... ms-python.python
[2022-05-23 19:04:08.323] [sharedprocess] [info] Installing extension: ms-python.python
[2022-05-23 19:04:08.918] [sharedprocess] [info] Getting Manifest... ms-toolsai.jupyter
[2022-05-23 19:04:09.678] [sharedprocess] [info] Getting Manifest... ms-toolsai.jupyter-keymap
[2022-05-23 19:04:10.301] [sharedprocess] [info] Getting Manifest... ms-toolsai.jupyter-renderers
[2022-05-23 19:04:10.886] [sharedprocess] [info] Getting Manifest... ms-python.vscode-pylance
[2022-05-23 19:04:11.533] [sharedprocess] [info] Installing extension: ms-toolsai.jupyter
[2022-05-23 19:04:11.533] [sharedprocess] [info] Installing extension: ms-toolsai.jupyter-keymap
[2022-05-23 19:04:11.533] [sharedprocess] [info] Installing extension: ms-toolsai.jupyter-renderers
[2022-05-23 19:04:11.533] [sharedprocess] [info] Installing extension: ms-python.vscode-pylance
[2022-05-23 19:04:13.100] [sharedprocess] [info] Downloaded extension: ms-toolsai.jupyter-keymap /home/nikitafin/.config/Code/CachedExtensionVSIXs/ms-toolsai.jupyter-keymap-1.0.0
[2022-05-23 19:04:13.109] [sharedprocess] [info] Extracted extension to /home/nikitafin/.vscode/extensions/.64c6e3f2-da5b-4fa7-949c-c37d992be106: ms-toolsai.jupyter-keymap
[2022-05-23 19:04:13.112] [sharedprocess] [info] Renamed to /home/nikitafin/.vscode/extensions/ms-toolsai.jupyter-keymap-1.0.0
[2022-05-23 19:04:13.112] [sharedprocess] [info] Extracting completed. ms-toolsai.jupyter-keymap
[2022-05-23 19:04:16.366] [sharedprocess] [info] Downloaded extension: ms-python.python /home/nikitafin/.config/Code/CachedExtensionVSIXs/ms-python.python-2022.6.2
[2022-05-23 19:04:16.632] [sharedprocess] [info] Downloaded extension: ms-toolsai.jupyter-renderers /home/nikitafin/.config/Code/CachedExtensionVSIXs/ms-toolsai.jupyter-renderers-1.0.6
[2022-05-23 19:04:16.687] [sharedprocess] [info] Downloaded extension: ms-toolsai.jupyter /home/nikitafin/.config/Code/CachedExtensionVSIXs/ms-toolsai.jupyter-2022.4.1021342353
[2022-05-23 19:04:16.786] [sharedprocess] [info] Extracted extension to /home/nikitafin/.vscode/extensions/.df444f87-c1df-4ca9-a254-111d157c979c: ms-toolsai.jupyter-renderers
[2022-05-23 19:04:16.884] [sharedprocess] [info] Renamed to /home/nikitafin/.vscode/extensions/ms-toolsai.jupyter-renderers-1.0.6
[2022-05-23 19:04:16.885] [sharedprocess] [info] Extracting completed. ms-toolsai.jupyter-renderers
[2022-05-23 19:04:17.192] [sharedprocess] [info] Extracted extension to /home/nikitafin/.vscode/extensions/.cb56a50f-cf6b-43cf-a5b7-dadec8e8a6ec: ms-toolsai.jupyter
[2022-05-23 19:04:17.267] [sharedprocess] [info] Renamed to /home/nikitafin/.vscode/extensions/ms-toolsai.jupyter-2022.4.1021342353
[2022-05-23 19:04:17.273] [sharedprocess] [info] Extracting completed. ms-toolsai.jupyter
[2022-05-23 19:04:17.652] [sharedprocess] [info] Extracted extension to /home/nikitafin/.vscode/extensions/.57a8c1a6-ac45-43c2-834e-17e236e65db0: ms-python.python
[2022-05-23 19:04:17.770] [sharedprocess] [info] Renamed to /home/nikitafin/.vscode/extensions/ms-python.python-2022.6.2
[2022-05-23 19:04:17.772] [sharedprocess] [info] Extracting completed. ms-python.python
[2022-05-23 19:04:24.486] [sharedprocess] [info] Downloaded extension: ms-python.vscode-pylance /home/nikitafin/.config/Code/CachedExtensionVSIXs/ms-python.vscode-pylance-2022.5.2
[2022-05-23 19:04:26.152] [sharedprocess] [info] Extracted extension to /home/nikitafin/.vscode/extensions/.b27532f7-2e5b-4605-acc1-5147ef5c81bf: ms-python.vscode-pylance
[2022-05-23 19:04:26.164] [sharedprocess] [info] Renamed to /home/nikitafin/.vscode/extensions/ms-python.vscode-pylance-2022.5.2
[2022-05-23 19:04:26.166] [sharedprocess] [info] Extracting completed. ms-python.vscode-pylance
[2022-05-23 19:04:26.168] [sharedprocess] [info] Extension installed successfully: ms-toolsai.jupyter-keymap
[2022-05-23 19:04:26.168] [sharedprocess] [info] Extension installed successfully: ms-toolsai.jupyter-renderers
[2022-05-23 19:04:26.168] [sharedprocess] [info] Extension installed successfully: ms-toolsai.jupyter
[2022-05-23 19:04:26.168] [sharedprocess] [info] Extension installed successfully: ms-python.python
[2022-05-23 19:04:26.168] [sharedprocess] [info] Extension installed successfully: ms-python.vscode-pylance
[2022-05-23 19:07:15.730] [sharedprocess] [info] Getting Manifest... kliucn.turbo
[2022-05-23 19:07:15.733] [sharedprocess] [info] Installing extension: kliucn.turbo
[2022-05-23 19:07:17.815] [sharedprocess] [info] Downloaded extension: kliucn.turbo /home/nikitafin/.config/Code/CachedExtensionVSIXs/kliucn.turbo-0.1.0
[2022-05-23 19:07:17.849] [sharedprocess] [info] Extracted extension to /home/nikitafin/.vscode/extensions/.fe288dd7-9f39-4cf1-a491-d5f2b445be05: kliucn.turbo
[2022-05-23 19:07:17.851] [sharedprocess] [info] Renamed to /home/nikitafin/.vscode/extensions/kliucn.turbo-0.1.0
[2022-05-23 19:07:17.852] [sharedprocess] [info] Extracting completed. kliucn.turbo
[2022-05-23 19:07:17.853] [sharedprocess] [info] Extension installed successfully: kliucn.turbo
[2022-05-23 19:08:50.386] [sharedprocess] [info] Getting Manifest... imakeproject.theme-turbo
[2022-05-23 19:08:50.390] [sharedprocess] [info] Installing extension: imakeproject.theme-turbo
[2022-05-23 19:08:52.916] [sharedprocess] [info] Downloaded extension: imakeproject.theme-turbo /home/nikitafin/.config/Code/CachedExtensionVSIXs/imakeproject.theme-turbo-0.1.0
[2022-05-23 19:08:52.950] [sharedprocess] [info] Extracted extension to /home/nikitafin/.vscode/extensions/.fe513a61-4097-43be-b1c9-2cc52f48482f: imakeproject.theme-turbo
[2022-05-23 19:08:52.953] [sharedprocess] [info] Renamed to /home/nikitafin/.vscode/extensions/imakeproject.theme-turbo-0.1.0
[2022-05-23 19:08:52.953] [sharedprocess] [info] Extracting completed. imakeproject.theme-turbo
[2022-05-23 19:08:52.954] [sharedprocess] [info] Extension installed successfully: imakeproject.theme-turbo
[2022-05-23 19:15:01.564] [sharedprocess] [info] Getting Manifest... xstructx.xtree-gold
[2022-05-23 19:15:01.568] [sharedprocess] [info] Installing extension: xstructx.xtree-gold
[2022-05-23 19:15:02.950] [sharedprocess] [info] Downloaded extension: xstructx.xtree-gold /home/nikitafin/.config/Code/CachedExtensionVSIXs/xstructx.xtree-gold-0.0.6
[2022-05-23 19:15:02.953] [sharedprocess] [info] Extracted extension to /home/nikitafin/.vscode/extensions/.86afc5d4-4025-4036-b9c3-4faaeb6ab8f2: xstructx.xtree-gold
[2022-05-23 19:15:02.955] [sharedprocess] [info] Renamed to /home/nikitafin/.vscode/extensions/xstructx.xtree-gold-0.0.6
[2022-05-23 19:15:02.956] [sharedprocess] [info] Extracting completed. xstructx.xtree-gold
[2022-05-23 19:15:02.956] [sharedprocess] [info] Extension installed successfully: xstructx.xtree-gold
