[Info  - 15:59:30.139] Reading sessions from keychain...
[Info  - 15:59:30.153] Getting sessions for user:email...
[Info  - 15:59:30.156] Got 0 sessions for user:email...
[Info  - 15:59:30.162] Getting sessions for all scopes...
[Info  - 15:59:30.163] Got 0 sessions for ...
[Info  - 15:59:39.521] Getting sessions for user:email...
[Info  - 15:59:39.521] Got 0 sessions for user:email...
[Info  - 15:59:41.272] Logging in for the following scopes: user:email
[Info  - 15:59:41.283] Trying without local server... (user:email)
[Trace  - 15:59:47.776] Handling Uri...
[Info  - 15:59:47.777] Exchanging code for token...
[Info  - 15:59:48.421] Token exchange success!
[Info  - 15:59:48.421] Getting user info...
[Info  - 15:59:48.738] Got account info!
[Info  - 15:59:48.738] Storing 1 sessions...
[Info  - 15:59:48.753] Reading sessions from keychain...
[Info  - 15:59:48.753] Stored 1 sessions!
[Info  - 15:59:48.753] Login success!
[Info  - 15:59:48.757] Getting sessions for user:email...
[Info  - 15:59:48.757] Getting sessions for user:email...
[Trace  - 15:59:48.757] Token acquired from secret storage.
[Info  - 15:59:48.757] Got stored sessions!
[Trace  - 15:59:48.757] Read the following session from the keychain with the following scopes: user:email
[Info  - 15:59:48.757] Got 1 verified sessions.
[Info  - 15:59:48.757] Got 1 sessions for user:email...
[Info  - 15:59:48.757] Got 1 sessions for user:email...
[Info  - 15:59:56.147] Getting sessions for read:user,repo,user:email,workflow...
[Info  - 15:59:56.147] Got 0 sessions for read:user,repo,user:email,workflow...
[Info  - 15:59:56.157] Getting sessions for read:user,repo,user:email...
[Info  - 15:59:56.157] Got 0 sessions for read:user,repo,user:email...
[Info  - 16:06:41.234] Getting sessions for all scopes...
[Info  - 16:06:41.235] Got 1 sessions for ...
