[2022-05-23T15:59:34.120Z] Validating found git in: git
[2022-05-23T15:59:34.142Z] Using git 2.34.1 from git
[2022-05-23T15:59:34.148Z] > git rev-parse --show-toplevel [2ms]
[2022-05-23T15:59:34.155Z] > git rev-parse --git-dir --git-common-dir [3ms]
[2022-05-23T15:59:34.158Z] Open repository: /home/nikitafin/Documents/pacardo-todo-server
[2022-05-23T15:59:34.164Z] > git status -z -uall [1ms]
[2022-05-23T15:59:34.168Z] > git symbolic-ref --short HEAD [1ms]
[2022-05-23T15:59:34.172Z] > git for-each-ref --format=%(refname)%00%(upstream:short)%00%(objectname)%00%(upstream:track)%00%(upstream:remotename)%00%(upstream:remoteref) refs/heads/dev refs/remotes/dev [2ms]
[2022-05-23T15:59:34.183Z] > git for-each-ref --sort -committerdate --format %(refname) %(objectname) %(*objectname) [8ms]
[2022-05-23T15:59:34.184Z] > git remote --verbose [5ms]
[2022-05-23T15:59:34.189Z] > git config --get commit.template [1ms]
[2022-05-23T15:59:34.675Z] > git check-ignore -v -z --stdin [1ms]
[2022-05-23T15:59:54.513Z] > git fetch [1639ms]
[2022-05-23T15:59:54.517Z] > git status -z -uall [2ms]
[2022-05-23T15:59:54.520Z] > git symbolic-ref --short HEAD [0ms]
[2022-05-23T15:59:54.524Z] > git for-each-ref --format=%(refname)%00%(upstream:short)%00%(objectname)%00%(upstream:track)%00%(upstream:remotename)%00%(upstream:remoteref) refs/heads/dev refs/remotes/dev [1ms]
[2022-05-23T15:59:54.529Z] > git for-each-ref --sort -committerdate --format %(refname) %(objectname) %(*objectname) [3ms]
[2022-05-23T15:59:54.530Z] > git remote --verbose [1ms]
[2022-05-23T15:59:54.534Z] > git config --get commit.template [0ms]
[2022-05-23T15:59:56.183Z] > git config --local branch.dev.github-pr-owner-number [0ms]
[2022-05-23T16:00:01.021Z] > git status -z -uall [1ms]
[2022-05-23T16:00:01.031Z] > git symbolic-ref --short HEAD [6ms]
[2022-05-23T16:00:01.034Z] > git check-ignore -v -z --stdin [4ms]
[2022-05-23T16:00:01.034Z] > git for-each-ref --format=%(refname)%00%(upstream:short)%00%(objectname)%00%(upstream:track)%00%(upstream:remotename)%00%(upstream:remoteref) refs/heads/dev refs/remotes/dev [0ms]
[2022-05-23T16:00:01.042Z] > git for-each-ref --sort -committerdate --format %(refname) %(objectname) %(*objectname) [4ms]
[2022-05-23T16:00:01.042Z] > git remote --verbose [1ms]
[2022-05-23T16:00:01.047Z] > git config --get commit.template [1ms]
[2022-05-23T16:03:18.903Z] > git fetch [1611ms]
[2022-05-23T16:03:18.908Z] > git status -z -uall [1ms]
[2022-05-23T16:03:18.915Z] > git symbolic-ref --short HEAD [1ms]
[2022-05-23T16:03:18.919Z] > git for-each-ref --format=%(refname)%00%(upstream:short)%00%(objectname)%00%(upstream:track)%00%(upstream:remotename)%00%(upstream:remoteref) refs/heads/dev refs/remotes/dev [0ms]
[2022-05-23T16:03:18.927Z] > git for-each-ref --sort -committerdate --format %(refname) %(objectname) %(*objectname) [4ms]
[2022-05-23T16:03:18.927Z] > git remote --verbose [1ms]
[2022-05-23T16:03:18.932Z] > git config --get commit.template [1ms]
[2022-05-23T16:06:21.628Z] > git fetch [2687ms]
[2022-05-23T16:06:21.639Z] > git status -z -uall [2ms]
[2022-05-23T16:06:21.647Z] > git symbolic-ref --short HEAD [1ms]
[2022-05-23T16:06:21.656Z] > git for-each-ref --format=%(refname)%00%(upstream:short)%00%(objectname)%00%(upstream:track)%00%(upstream:remotename)%00%(upstream:remoteref) refs/heads/dev refs/remotes/dev [1ms]
[2022-05-23T16:06:21.671Z] > git for-each-ref --sort -committerdate --format %(refname) %(objectname) %(*objectname) [8ms]
[2022-05-23T16:06:21.671Z] > git remote --verbose [1ms]
[2022-05-23T16:06:21.680Z] > git config --get commit.template [1ms]
[2022-05-23T16:06:36.806Z] > git check-ignore -v -z --stdin [1ms]
[2022-05-23T16:07:35.813Z] > git show --textconv :cmd/route.go [13ms]
[2022-05-23T16:07:35.813Z] > git ls-files --stage -- /home/nikitafin/Documents/pacardo-todo-server/cmd/route.go [1ms]
[2022-05-23T16:07:36.068Z] > git show --textconv :cmd/main.go [4ms]
[2022-05-23T16:07:36.068Z] > git ls-files --stage -- /home/nikitafin/Documents/pacardo-todo-server/cmd/main.go [1ms]
[2022-05-23T16:07:36.078Z] > git cat-file -s db930e4caa08f9ebb333a1c562cafc3cefa17ed0 [1ms]
[2022-05-23T16:07:42.581Z] > git show --textconv :cmd/main.go [14ms]
[2022-05-23T16:07:42.581Z] > git ls-files --stage -- /home/nikitafin/Documents/pacardo-todo-server/cmd/main.go [1ms]
[2022-05-23T16:07:42.593Z] > git cat-file -s db930e4caa08f9ebb333a1c562cafc3cefa17ed0 [1ms]
[2022-05-23T16:14:39.403Z] > git fetch [1603ms]
[2022-05-23T16:14:39.416Z] > git status -z -uall [2ms]
[2022-05-23T16:14:39.424Z] > git symbolic-ref --short HEAD [0ms]
[2022-05-23T16:14:39.433Z] > git for-each-ref --format=%(refname)%00%(upstream:short)%00%(objectname)%00%(upstream:track)%00%(upstream:remotename)%00%(upstream:remoteref) refs/heads/dev refs/remotes/dev [1ms]
[2022-05-23T16:14:39.449Z] > git for-each-ref --sort -committerdate --format %(refname) %(objectname) %(*objectname) [9ms]
[2022-05-23T16:14:39.450Z] > git remote --verbose [2ms]
[2022-05-23T16:14:39.458Z] > git config --get commit.template [1ms]
[2022-05-23T16:15:30.305Z] > git show --textconv :cmd/main.go [9ms]
[2022-05-23T16:15:30.306Z] > git ls-files --stage -- /home/nikitafin/Documents/pacardo-todo-server/cmd/main.go [2ms]
[2022-05-23T16:15:30.314Z] > git cat-file -s db930e4caa08f9ebb333a1c562cafc3cefa17ed0 [1ms]
[2022-05-23T16:17:41.199Z] > git ls-files --stage -- /home/nikitafin/Documents/pacardo-todo-server/cmd/main.go [1ms]
[2022-05-23T16:17:41.207Z] > git cat-file -s db930e4caa08f9ebb333a1c562cafc3cefa17ed0 [1ms]
[2022-05-23T16:17:41.220Z] > git show --textconv :cmd/main.go [1ms]
[2022-05-23T16:17:41.608Z] > git fetch [1610ms]
[2022-05-23T16:17:41.619Z] > git status -z -uall [1ms]
[2022-05-23T16:17:41.627Z] > git symbolic-ref --short HEAD [1ms]
[2022-05-23T16:17:41.636Z] > git for-each-ref --format=%(refname)%00%(upstream:short)%00%(objectname)%00%(upstream:track)%00%(upstream:remotename)%00%(upstream:remoteref) refs/heads/dev refs/remotes/dev [0ms]
[2022-05-23T16:17:41.653Z] > git for-each-ref --sort -committerdate --format %(refname) %(objectname) %(*objectname) [9ms]
[2022-05-23T16:17:41.654Z] > git remote --verbose [2ms]
[2022-05-23T16:17:41.665Z] > git config --get commit.template [1ms]
[2022-05-23T16:17:42.643Z] > git ls-files --stage -- /home/nikitafin/Documents/pacardo-todo-server/cmd/main.go [1ms]
[2022-05-23T16:17:42.651Z] > git cat-file -s db930e4caa08f9ebb333a1c562cafc3cefa17ed0 [1ms]
[2022-05-23T16:17:42.661Z] > git show --textconv :cmd/main.go [1ms]
[2022-05-23T16:21:02.294Z] > git fetch [1651ms]
[2022-05-23T16:21:02.302Z] > git status -z -uall [1ms]
[2022-05-23T16:21:02.311Z] > git symbolic-ref --short HEAD [1ms]
[2022-05-23T16:21:02.319Z] > git for-each-ref --format=%(refname)%00%(upstream:short)%00%(objectname)%00%(upstream:track)%00%(upstream:remotename)%00%(upstream:remoteref) refs/heads/dev refs/remotes/dev [0ms]
[2022-05-23T16:21:02.335Z] > git for-each-ref --sort -committerdate --format %(refname) %(objectname) %(*objectname) [8ms]
[2022-05-23T16:21:02.335Z] > git remote --verbose [1ms]
[2022-05-23T16:21:02.345Z] > git config --get commit.template [1ms]
[2022-05-23T16:21:26.394Z] > git ls-files --stage -- /home/nikitafin/Documents/pacardo-todo-server/cmd/main.go [1ms]
[2022-05-23T16:21:26.411Z] > git cat-file -s db930e4caa08f9ebb333a1c562cafc3cefa17ed0 [1ms]
[2022-05-23T16:21:26.431Z] > git show --textconv :cmd/main.go [1ms]
[2022-05-23T16:27:57.988Z] > git ls-files --stage -- /home/nikitafin/Documents/pacardo-todo-server/cmd/main.go [1ms]
[2022-05-23T16:27:57.997Z] > git cat-file -s db930e4caa08f9ebb333a1c562cafc3cefa17ed0 [1ms]
[2022-05-23T16:27:58.009Z] > git show --textconv :cmd/main.go [0ms]
[2022-05-23T16:27:58.434Z] > git fetch [1613ms]
[2022-05-23T16:27:58.443Z] > git status -z -uall [2ms]
[2022-05-23T16:27:58.450Z] > git symbolic-ref --short HEAD [1ms]
[2022-05-23T16:27:58.456Z] > git for-each-ref --format=%(refname)%00%(upstream:short)%00%(objectname)%00%(upstream:track)%00%(upstream:remotename)%00%(upstream:remoteref) refs/heads/dev refs/remotes/dev [1ms]
[2022-05-23T16:27:58.469Z] > git for-each-ref --sort -committerdate --format %(refname) %(objectname) %(*objectname) [7ms]
[2022-05-23T16:27:58.469Z] > git remote --verbose [1ms]
[2022-05-23T16:27:58.478Z] > git config --get commit.template [1ms]
[2022-05-23T16:27:59.469Z] > git ls-files --stage -- /home/nikitafin/Documents/pacardo-todo-server/cmd/main.go [1ms]
[2022-05-23T16:27:59.476Z] > git cat-file -s db930e4caa08f9ebb333a1c562cafc3cefa17ed0 [1ms]
[2022-05-23T16:27:59.485Z] > git show --textconv :cmd/main.go [1ms]
