[Info  - 6:59:56 PM] 2022/05/23 18:59:56 go env for /home/nikitafin/Documents/pacardo-todo-server
(root /home/nikitafin/Documents/pacardo-todo-server)
(go version go version go1.18.1 linux/amd64)
(valid build configuration = true)
(build flags: [])
GOFLAGS=
GOINSECURE=
GOMODCACHE=/home/nikitafin/go/pkg/mod
GOPROXY=https://proxy.golang.org,direct
GOPRIVATE=
GOSUMDB=sum.golang.org
GO111MODULE=
GOMOD=/home/nikitafin/Documents/pacardo-todo-server/go.mod
GONOPROXY=
GOPATH=/home/nikitafin/go
GOCACHE=/home/nikitafin/.cache/go-build
GONOSUMDB=
GOROOT=/usr/lib/go-1.18


[Info  - 6:59:56 PM] 2022/05/23 18:59:56 go/packages.Load
	snapshot=0
	directory=/home/nikitafin/Documents/pacardo-todo-server
	query=[builtin github.com/pacardo-games-production/pacardo-todo-server/...]
	packages=3

[Info  - 6:59:56 PM] 2022/05/23 18:59:56 falling back to safe trimming due to type errors: [/usr/lib/go-1.18/src/runtime/vdso_linux.go:53:38: invalid operation: division by zero /usr/lib/go-1.18/src/runtime/vdso_linux.go:54:38: invalid operation: division by zero] or still-missing identifiers: map[memRecordCycle:true pageBits:true]
	package="runtime"

[Info  - 6:59:57 PM] 2022/05/23 18:59:57 discovered missing identifiers: map[options:true]
	package="vendor/golang.org/x/text/unicode/bidi"

[Info  - 6:59:57 PM] 2022/05/23 18:59:57 discovered missing identifiers: map[yaml_style_t:true]
	package="gopkg.in/yaml.v2"

[Info  - 6:59:57 PM] 2022/05/23 18:59:57 falling back to safe trimming due to type errors: [/usr/lib/go-1.18/src/internal/buildcfg/exp.go:24:38: 2-valued (func() (goexperiment.Flags, goexperiment.Flags) literal)() (value of type (goexperiment.Flags, goexperiment.Flags)) where single value is expected] or still-missing identifiers: map[]
	package="internal/buildcfg"

[Info  - 6:59:57 PM] 2022/05/23 18:59:57 discovered missing identifiers: map[term:true]
	package="go/types"

[Info  - 6:59:57 PM] 2022/05/23 18:59:57 discovered missing identifiers: map[cardinality:true kind:true syntax:true value:true]
	package="google.golang.org/protobuf/reflect/protoreflect"

[Info  - 6:59:57 PM] 2022/05/23 18:59:57 discovered missing identifiers: map[debugMethod:true]
	package="net/rpc"

[Info  - 6:59:57 PM] 2022/05/23 18:59:57 discovered missing identifiers: map[matcher:true]
	package="golang.org/x/text/language"

[Info  - 6:59:57 PM] 2022/05/23 18:59:57 discovered missing identifiers: map[unknownFieldsA:true]
	package="google.golang.org/protobuf/internal/impl"

[Info  - 6:59:57 PM] 2022/05/23 18:59:57 discovered missing identifiers: map[decPerType:true encPerType:true intf2impl:true]
	package="github.com/ugorji/go/codec"

[Info  - 6:59:57 PM] 2022/05/23 18:59:57 discovered missing identifiers: map[cpuMask:true]
	package="golang.org/x/sys/unix"

[Error - 6:59:57 PM] 2022/05/23 18:59:57 tidy: diagnosing file:///home/nikitafin/Documents/pacardo-todo-server/go.mod: err: exit status 1: stderr: go: downloading github.com/gin-contrib/gzip v0.0.5
go: downloading github.com/google/go-cmp v0.5.5
go: downloading gopkg.in/check.v1 v1.0.0-20201130134442-10cb98267c6c
go: downloading golang.org/x/xerrors v0.0.0-20200804184101-5ec99f83aff1
github.com/pacardo-games-production/pacardo-todo-server/cmd imports
	github.com/swaggo/gin-swagger tested by
	github.com/swaggo/gin-swagger.test imports
	github.com/gin-contrib/gzip: module lookup disabled by GOPROXY=off
github.com/pacardo-games-production/pacardo-todo-server/cmd imports
	github.com/gin-gonic/gin imports
	github.com/gin-gonic/gin/binding imports
	github.com/golang/protobuf/proto tested by
	github.com/golang/protobuf/proto.test imports
	github.com/google/go-cmp/cmp: module lookup disabled by GOPROXY=off
github.com/pacardo-games-production/pacardo-todo-server/cmd imports
	github.com/gin-gonic/gin imports
	github.com/gin-gonic/gin/binding imports
	gopkg.in/yaml.v2 tested by
	gopkg.in/yaml.v2.test imports
	gopkg.in/check.v1: module lookup disabled by GOPROXY=off
github.com/pacardo-games-production/pacardo-todo-server/cmd imports
	github.com/gin-gonic/gin imports
	github.com/gin-gonic/gin/binding imports
	github.com/golang/protobuf/proto imports
	google.golang.org/protobuf/reflect/protoregistry tested by
	google.golang.org/protobuf/reflect/protoregistry.test imports
	github.com/google/go-cmp/cmp/cmpopts: module lookup disabled by GOPROXY=off
github.com/pacardo-games-production/pacardo-todo-server/docs imports
	github.com/swaggo/swag imports
	golang.org/x/tools/go/loader imports
	golang.org/x/tools/go/buildutil tested by
	golang.org/x/tools/go/buildutil.test imports
	golang.org/x/tools/go/packages/packagestest imports
	golang.org/x/xerrors: module lookup disabled by GOPROXY=off


[Error - 6:59:57 PM] 2022/05/23 18:59:57 tidy: diagnosing file:///home/nikitafin/Documents/pacardo-todo-server/go.mod: err: exit status 1: stderr: go: downloading github.com/gin-contrib/gzip v0.0.5
go: downloading github.com/google/go-cmp v0.5.5
go: downloading gopkg.in/check.v1 v1.0.0-20201130134442-10cb98267c6c
go: downloading golang.org/x/xerrors v0.0.0-20200804184101-5ec99f83aff1
github.com/pacardo-games-production/pacardo-todo-server/cmd imports
	github.com/swaggo/gin-swagger tested by
	github.com/swaggo/gin-swagger.test imports
	github.com/gin-contrib/gzip: module lookup disabled by GOPROXY=off
github.com/pacardo-games-production/pacardo-todo-server/cmd imports
	github.com/gin-gonic/gin imports
	github.com/gin-gonic/gin/binding imports
	github.com/golang/protobuf/proto tested by
	github.com/golang/protobuf/proto.test imports
	github.com/google/go-cmp/cmp: module lookup disabled by GOPROXY=off
github.com/pacardo-games-production/pacardo-todo-server/cmd imports
	github.com/gin-gonic/gin imports
	github.com/gin-gonic/gin/binding imports
	gopkg.in/yaml.v2 tested by
	gopkg.in/yaml.v2.test imports
	gopkg.in/check.v1: module lookup disabled by GOPROXY=off
github.com/pacardo-games-production/pacardo-todo-server/cmd imports
	github.com/gin-gonic/gin imports
	github.com/gin-gonic/gin/binding imports
	github.com/golang/protobuf/proto imports
	google.golang.org/protobuf/reflect/protoregistry tested by
	google.golang.org/protobuf/reflect/protoregistry.test imports
	github.com/google/go-cmp/cmp/cmpopts: module lookup disabled by GOPROXY=off
github.com/pacardo-games-production/pacardo-todo-server/docs imports
	github.com/swaggo/swag imports
	golang.org/x/tools/go/loader imports
	golang.org/x/tools/go/buildutil tested by
	golang.org/x/tools/go/buildutil.test imports
	golang.org/x/tools/go/packages/packagestest imports
	golang.org/x/xerrors: module lookup disabled by GOPROXY=off


[Error - 6:59:59 PM] 2022/05/23 18:59:59 tidy: diagnosing file:///home/nikitafin/Documents/pacardo-todo-server/go.mod: err: exit status 1: stderr: go: downloading github.com/gin-contrib/gzip v0.0.5
go: downloading github.com/google/go-cmp v0.5.5
go: downloading gopkg.in/check.v1 v1.0.0-20201130134442-10cb98267c6c
go: downloading golang.org/x/xerrors v0.0.0-20200804184101-5ec99f83aff1
github.com/pacardo-games-production/pacardo-todo-server/cmd imports
	github.com/swaggo/gin-swagger tested by
	github.com/swaggo/gin-swagger.test imports
	github.com/gin-contrib/gzip: module lookup disabled by GOPROXY=off
github.com/pacardo-games-production/pacardo-todo-server/cmd imports
	github.com/gin-gonic/gin imports
	github.com/gin-gonic/gin/binding imports
	github.com/golang/protobuf/proto tested by
	github.com/golang/protobuf/proto.test imports
	github.com/google/go-cmp/cmp: module lookup disabled by GOPROXY=off
github.com/pacardo-games-production/pacardo-todo-server/cmd imports
	github.com/gin-gonic/gin imports
	github.com/gin-gonic/gin/binding imports
	gopkg.in/yaml.v2 tested by
	gopkg.in/yaml.v2.test imports
	gopkg.in/check.v1: module lookup disabled by GOPROXY=off
github.com/pacardo-games-production/pacardo-todo-server/cmd imports
	github.com/gin-gonic/gin imports
	github.com/gin-gonic/gin/binding imports
	github.com/golang/protobuf/proto imports
	google.golang.org/protobuf/reflect/protoregistry tested by
	google.golang.org/protobuf/reflect/protoregistry.test imports
	github.com/google/go-cmp/cmp/cmpopts: module lookup disabled by GOPROXY=off
github.com/pacardo-games-production/pacardo-todo-server/docs imports
	github.com/swaggo/swag imports
	golang.org/x/tools/go/loader imports
	golang.org/x/tools/go/buildutil tested by
	golang.org/x/tools/go/buildutil.test imports
	golang.org/x/tools/go/packages/packagestest imports
	golang.org/x/xerrors: module lookup disabled by GOPROXY=off


[Error - 6:59:59 PM] 2022/05/23 18:59:59 tidy: diagnosing file:///home/nikitafin/Documents/pacardo-todo-server/go.mod: err: exit status 1: stderr: go: downloading github.com/gin-contrib/gzip v0.0.5
go: downloading github.com/google/go-cmp v0.5.5
go: downloading gopkg.in/check.v1 v1.0.0-20201130134442-10cb98267c6c
go: downloading golang.org/x/xerrors v0.0.0-20200804184101-5ec99f83aff1
github.com/pacardo-games-production/pacardo-todo-server/cmd imports
	github.com/swaggo/gin-swagger tested by
	github.com/swaggo/gin-swagger.test imports
	github.com/gin-contrib/gzip: module lookup disabled by GOPROXY=off
github.com/pacardo-games-production/pacardo-todo-server/cmd imports
	github.com/gin-gonic/gin imports
	github.com/gin-gonic/gin/binding imports
	github.com/golang/protobuf/proto tested by
	github.com/golang/protobuf/proto.test imports
	github.com/google/go-cmp/cmp: module lookup disabled by GOPROXY=off
github.com/pacardo-games-production/pacardo-todo-server/cmd imports
	github.com/gin-gonic/gin imports
	github.com/gin-gonic/gin/binding imports
	gopkg.in/yaml.v2 tested by
	gopkg.in/yaml.v2.test imports
	gopkg.in/check.v1: module lookup disabled by GOPROXY=off
github.com/pacardo-games-production/pacardo-todo-server/cmd imports
	github.com/gin-gonic/gin imports
	github.com/gin-gonic/gin/binding imports
	github.com/golang/protobuf/proto imports
	google.golang.org/protobuf/reflect/protoregistry tested by
	google.golang.org/protobuf/reflect/protoregistry.test imports
	github.com/google/go-cmp/cmp/cmpopts: module lookup disabled by GOPROXY=off
github.com/pacardo-games-production/pacardo-todo-server/docs imports
	github.com/swaggo/swag imports
	golang.org/x/tools/go/loader imports
	golang.org/x/tools/go/buildutil tested by
	golang.org/x/tools/go/buildutil.test imports
	golang.org/x/tools/go/packages/packagestest imports
	golang.org/x/xerrors: module lookup disabled by GOPROXY=off


[Error - 7:00:02 PM] 2022/05/23 19:00:02 tidy: diagnosing file:///home/nikitafin/Documents/pacardo-todo-server/go.mod: err: exit status 1: stderr: go: downloading github.com/gin-contrib/gzip v0.0.5
go: downloading github.com/google/go-cmp v0.5.5
go: downloading gopkg.in/check.v1 v1.0.0-20201130134442-10cb98267c6c
go: downloading golang.org/x/xerrors v0.0.0-20200804184101-5ec99f83aff1
github.com/pacardo-games-production/pacardo-todo-server/cmd imports
	github.com/swaggo/gin-swagger tested by
	github.com/swaggo/gin-swagger.test imports
	github.com/gin-contrib/gzip: module lookup disabled by GOPROXY=off
github.com/pacardo-games-production/pacardo-todo-server/cmd imports
	github.com/gin-gonic/gin imports
	github.com/gin-gonic/gin/binding imports
	github.com/golang/protobuf/proto tested by
	github.com/golang/protobuf/proto.test imports
	github.com/google/go-cmp/cmp: module lookup disabled by GOPROXY=off
github.com/pacardo-games-production/pacardo-todo-server/cmd imports
	github.com/gin-gonic/gin imports
	github.com/gin-gonic/gin/binding imports
	gopkg.in/yaml.v2 tested by
	gopkg.in/yaml.v2.test imports
	gopkg.in/check.v1: module lookup disabled by GOPROXY=off
github.com/pacardo-games-production/pacardo-todo-server/cmd imports
	github.com/gin-gonic/gin imports
	github.com/gin-gonic/gin/binding imports
	github.com/golang/protobuf/proto imports
	google.golang.org/protobuf/reflect/protoregistry tested by
	google.golang.org/protobuf/reflect/protoregistry.test imports
	github.com/google/go-cmp/cmp/cmpopts: module lookup disabled by GOPROXY=off
github.com/pacardo-games-production/pacardo-todo-server/docs imports
	github.com/swaggo/swag imports
	golang.org/x/tools/go/loader imports
	golang.org/x/tools/go/buildutil tested by
	golang.org/x/tools/go/buildutil.test imports
	golang.org/x/tools/go/packages/packagestest imports
	golang.org/x/xerrors: module lookup disabled by GOPROXY=off


[Error - 7:00:03 PM] 2022/05/23 19:00:03 tidy: diagnosing file:///home/nikitafin/Documents/pacardo-todo-server/go.mod: err: exit status 1: stderr: go: downloading github.com/gin-contrib/gzip v0.0.5
go: downloading github.com/google/go-cmp v0.5.5
go: downloading gopkg.in/check.v1 v1.0.0-20201130134442-10cb98267c6c
go: downloading golang.org/x/xerrors v0.0.0-20200804184101-5ec99f83aff1
github.com/pacardo-games-production/pacardo-todo-server/cmd imports
	github.com/swaggo/gin-swagger tested by
	github.com/swaggo/gin-swagger.test imports
	github.com/gin-contrib/gzip: module lookup disabled by GOPROXY=off
github.com/pacardo-games-production/pacardo-todo-server/cmd imports
	github.com/gin-gonic/gin imports
	github.com/gin-gonic/gin/binding imports
	github.com/golang/protobuf/proto tested by
	github.com/golang/protobuf/proto.test imports
	github.com/google/go-cmp/cmp: module lookup disabled by GOPROXY=off
github.com/pacardo-games-production/pacardo-todo-server/cmd imports
	github.com/gin-gonic/gin imports
	github.com/gin-gonic/gin/binding imports
	gopkg.in/yaml.v2 tested by
	gopkg.in/yaml.v2.test imports
	gopkg.in/check.v1: module lookup disabled by GOPROXY=off
github.com/pacardo-games-production/pacardo-todo-server/cmd imports
	github.com/gin-gonic/gin imports
	github.com/gin-gonic/gin/binding imports
	github.com/golang/protobuf/proto imports
	google.golang.org/protobuf/reflect/protoregistry tested by
	google.golang.org/protobuf/reflect/protoregistry.test imports
	github.com/google/go-cmp/cmp/cmpopts: module lookup disabled by GOPROXY=off
github.com/pacardo-games-production/pacardo-todo-server/docs imports
	github.com/swaggo/swag imports
	golang.org/x/tools/go/loader imports
	golang.org/x/tools/go/buildutil tested by
	golang.org/x/tools/go/buildutil.test imports
	golang.org/x/tools/go/packages/packagestest imports
	golang.org/x/xerrors: module lookup disabled by GOPROXY=off


[Error - 7:00:04 PM] 2022/05/23 19:00:04 tidy: diagnosing file:///home/nikitafin/Documents/pacardo-todo-server/go.mod: err: exit status 1: stderr: go: downloading github.com/gin-contrib/gzip v0.0.5
go: downloading github.com/google/go-cmp v0.5.5
go: downloading gopkg.in/check.v1 v1.0.0-20201130134442-10cb98267c6c
go: downloading golang.org/x/xerrors v0.0.0-20200804184101-5ec99f83aff1
github.com/pacardo-games-production/pacardo-todo-server/cmd imports
	github.com/swaggo/gin-swagger tested by
	github.com/swaggo/gin-swagger.test imports
	github.com/gin-contrib/gzip: module lookup disabled by GOPROXY=off
github.com/pacardo-games-production/pacardo-todo-server/cmd imports
	github.com/gin-gonic/gin imports
	github.com/gin-gonic/gin/binding imports
	github.com/golang/protobuf/proto tested by
	github.com/golang/protobuf/proto.test imports
	github.com/google/go-cmp/cmp: module lookup disabled by GOPROXY=off
github.com/pacardo-games-production/pacardo-todo-server/cmd imports
	github.com/gin-gonic/gin imports
	github.com/gin-gonic/gin/binding imports
	gopkg.in/yaml.v2 tested by
	gopkg.in/yaml.v2.test imports
	gopkg.in/check.v1: module lookup disabled by GOPROXY=off
github.com/pacardo-games-production/pacardo-todo-server/cmd imports
	github.com/gin-gonic/gin imports
	github.com/gin-gonic/gin/binding imports
	github.com/golang/protobuf/proto imports
	google.golang.org/protobuf/reflect/protoregistry tested by
	google.golang.org/protobuf/reflect/protoregistry.test imports
	github.com/google/go-cmp/cmp/cmpopts: module lookup disabled by GOPROXY=off
github.com/pacardo-games-production/pacardo-todo-server/docs imports
	github.com/swaggo/swag imports
	golang.org/x/tools/go/loader imports
	golang.org/x/tools/go/buildutil tested by
	golang.org/x/tools/go/buildutil.test imports
	golang.org/x/tools/go/packages/packagestest imports
	golang.org/x/xerrors: module lookup disabled by GOPROXY=off


[Error - 7:00:04 PM] 2022/05/23 19:00:04 tidy: diagnosing file:///home/nikitafin/Documents/pacardo-todo-server/go.mod: err: exit status 1: stderr: go: downloading github.com/gin-contrib/gzip v0.0.5
go: downloading github.com/google/go-cmp v0.5.5
go: downloading gopkg.in/check.v1 v1.0.0-20201130134442-10cb98267c6c
go: downloading golang.org/x/xerrors v0.0.0-20200804184101-5ec99f83aff1
github.com/pacardo-games-production/pacardo-todo-server/cmd imports
	github.com/swaggo/gin-swagger tested by
	github.com/swaggo/gin-swagger.test imports
	github.com/gin-contrib/gzip: module lookup disabled by GOPROXY=off
github.com/pacardo-games-production/pacardo-todo-server/cmd imports
	github.com/gin-gonic/gin imports
	github.com/gin-gonic/gin/binding imports
	github.com/golang/protobuf/proto tested by
	github.com/golang/protobuf/proto.test imports
	github.com/google/go-cmp/cmp: module lookup disabled by GOPROXY=off
github.com/pacardo-games-production/pacardo-todo-server/cmd imports
	github.com/gin-gonic/gin imports
	github.com/gin-gonic/gin/binding imports
	gopkg.in/yaml.v2 tested by
	gopkg.in/yaml.v2.test imports
	gopkg.in/check.v1: module lookup disabled by GOPROXY=off
github.com/pacardo-games-production/pacardo-todo-server/cmd imports
	github.com/gin-gonic/gin imports
	github.com/gin-gonic/gin/binding imports
	github.com/golang/protobuf/proto imports
	google.golang.org/protobuf/reflect/protoregistry tested by
	google.golang.org/protobuf/reflect/protoregistry.test imports
	github.com/google/go-cmp/cmp/cmpopts: module lookup disabled by GOPROXY=off
github.com/pacardo-games-production/pacardo-todo-server/docs imports
	github.com/swaggo/swag imports
	golang.org/x/tools/go/loader imports
	golang.org/x/tools/go/buildutil tested by
	golang.org/x/tools/go/buildutil.test imports
	golang.org/x/tools/go/packages/packagestest imports
	golang.org/x/xerrors: module lookup disabled by GOPROXY=off


[Error - 7:00:05 PM] 2022/05/23 19:00:05 tidy: diagnosing file:///home/nikitafin/Documents/pacardo-todo-server/go.mod: err: exit status 1: stderr: go: downloading github.com/gin-contrib/gzip v0.0.5
go: downloading github.com/google/go-cmp v0.5.5
go: downloading gopkg.in/check.v1 v1.0.0-20201130134442-10cb98267c6c
go: downloading golang.org/x/xerrors v0.0.0-20200804184101-5ec99f83aff1
github.com/pacardo-games-production/pacardo-todo-server/cmd imports
	github.com/swaggo/gin-swagger tested by
	github.com/swaggo/gin-swagger.test imports
	github.com/gin-contrib/gzip: module lookup disabled by GOPROXY=off
github.com/pacardo-games-production/pacardo-todo-server/cmd imports
	github.com/gin-gonic/gin imports
	github.com/gin-gonic/gin/binding imports
	github.com/golang/protobuf/proto tested by
	github.com/golang/protobuf/proto.test imports
	github.com/google/go-cmp/cmp: module lookup disabled by GOPROXY=off
github.com/pacardo-games-production/pacardo-todo-server/cmd imports
	github.com/gin-gonic/gin imports
	github.com/gin-gonic/gin/binding imports
	gopkg.in/yaml.v2 tested by
	gopkg.in/yaml.v2.test imports
	gopkg.in/check.v1: module lookup disabled by GOPROXY=off
github.com/pacardo-games-production/pacardo-todo-server/cmd imports
	github.com/gin-gonic/gin imports
	github.com/gin-gonic/gin/binding imports
	github.com/golang/protobuf/proto imports
	google.golang.org/protobuf/reflect/protoregistry tested by
	google.golang.org/protobuf/reflect/protoregistry.test imports
	github.com/google/go-cmp/cmp/cmpopts: module lookup disabled by GOPROXY=off
github.com/pacardo-games-production/pacardo-todo-server/docs imports
	github.com/swaggo/swag imports
	golang.org/x/tools/go/loader imports
	golang.org/x/tools/go/buildutil tested by
	golang.org/x/tools/go/buildutil.test imports
	golang.org/x/tools/go/packages/packagestest imports
	golang.org/x/xerrors: module lookup disabled by GOPROXY=off


[Error - 7:00:05 PM] 2022/05/23 19:00:05 tidy: diagnosing file:///home/nikitafin/Documents/pacardo-todo-server/go.mod: err: exit status 1: stderr: go: downloading github.com/gin-contrib/gzip v0.0.5
go: downloading github.com/google/go-cmp v0.5.5
go: downloading gopkg.in/check.v1 v1.0.0-20201130134442-10cb98267c6c
go: downloading golang.org/x/xerrors v0.0.0-20200804184101-5ec99f83aff1
github.com/pacardo-games-production/pacardo-todo-server/cmd imports
	github.com/swaggo/gin-swagger tested by
	github.com/swaggo/gin-swagger.test imports
	github.com/gin-contrib/gzip: module lookup disabled by GOPROXY=off
github.com/pacardo-games-production/pacardo-todo-server/cmd imports
	github.com/gin-gonic/gin imports
	github.com/gin-gonic/gin/binding imports
	github.com/golang/protobuf/proto tested by
	github.com/golang/protobuf/proto.test imports
	github.com/google/go-cmp/cmp: module lookup disabled by GOPROXY=off
github.com/pacardo-games-production/pacardo-todo-server/cmd imports
	github.com/gin-gonic/gin imports
	github.com/gin-gonic/gin/binding imports
	gopkg.in/yaml.v2 tested by
	gopkg.in/yaml.v2.test imports
	gopkg.in/check.v1: module lookup disabled by GOPROXY=off
github.com/pacardo-games-production/pacardo-todo-server/cmd imports
	github.com/gin-gonic/gin imports
	github.com/gin-gonic/gin/binding imports
	github.com/golang/protobuf/proto imports
	google.golang.org/protobuf/reflect/protoregistry tested by
	google.golang.org/protobuf/reflect/protoregistry.test imports
	github.com/google/go-cmp/cmp/cmpopts: module lookup disabled by GOPROXY=off
github.com/pacardo-games-production/pacardo-todo-server/docs imports
	github.com/swaggo/swag imports
	golang.org/x/tools/go/loader imports
	golang.org/x/tools/go/buildutil tested by
	golang.org/x/tools/go/buildutil.test imports
	golang.org/x/tools/go/packages/packagestest imports
	golang.org/x/xerrors: module lookup disabled by GOPROXY=off


[Error - 7:00:05 PM] 2022/05/23 19:00:05 tidy: diagnosing file:///home/nikitafin/Documents/pacardo-todo-server/go.mod: err: exit status 1: stderr: go: downloading github.com/gin-contrib/gzip v0.0.5
go: downloading github.com/google/go-cmp v0.5.5
go: downloading gopkg.in/check.v1 v1.0.0-20201130134442-10cb98267c6c
go: downloading golang.org/x/xerrors v0.0.0-20200804184101-5ec99f83aff1
github.com/pacardo-games-production/pacardo-todo-server/cmd imports
	github.com/swaggo/gin-swagger tested by
	github.com/swaggo/gin-swagger.test imports
	github.com/gin-contrib/gzip: module lookup disabled by GOPROXY=off
github.com/pacardo-games-production/pacardo-todo-server/cmd imports
	github.com/gin-gonic/gin imports
	github.com/gin-gonic/gin/binding imports
	github.com/golang/protobuf/proto tested by
	github.com/golang/protobuf/proto.test imports
	github.com/google/go-cmp/cmp: module lookup disabled by GOPROXY=off
github.com/pacardo-games-production/pacardo-todo-server/cmd imports
	github.com/gin-gonic/gin imports
	github.com/gin-gonic/gin/binding imports
	gopkg.in/yaml.v2 tested by
	gopkg.in/yaml.v2.test imports
	gopkg.in/check.v1: module lookup disabled by GOPROXY=off
github.com/pacardo-games-production/pacardo-todo-server/cmd imports
	github.com/gin-gonic/gin imports
	github.com/gin-gonic/gin/binding imports
	github.com/golang/protobuf/proto imports
	google.golang.org/protobuf/reflect/protoregistry tested by
	google.golang.org/protobuf/reflect/protoregistry.test imports
	github.com/google/go-cmp/cmp/cmpopts: module lookup disabled by GOPROXY=off
github.com/pacardo-games-production/pacardo-todo-server/docs imports
	github.com/swaggo/swag imports
	golang.org/x/tools/go/loader imports
	golang.org/x/tools/go/buildutil tested by
	golang.org/x/tools/go/buildutil.test imports
	golang.org/x/tools/go/packages/packagestest imports
	golang.org/x/xerrors: module lookup disabled by GOPROXY=off


[Error - 7:00:05 PM] 2022/05/23 19:00:05 tidy: diagnosing file:///home/nikitafin/Documents/pacardo-todo-server/go.mod: err: exit status 1: stderr: go: downloading github.com/gin-contrib/gzip v0.0.5
go: downloading github.com/google/go-cmp v0.5.5
go: downloading gopkg.in/check.v1 v1.0.0-20201130134442-10cb98267c6c
go: downloading golang.org/x/xerrors v0.0.0-20200804184101-5ec99f83aff1
github.com/pacardo-games-production/pacardo-todo-server/cmd imports
	github.com/swaggo/gin-swagger tested by
	github.com/swaggo/gin-swagger.test imports
	github.com/gin-contrib/gzip: module lookup disabled by GOPROXY=off
github.com/pacardo-games-production/pacardo-todo-server/cmd imports
	github.com/gin-gonic/gin imports
	github.com/gin-gonic/gin/binding imports
	github.com/golang/protobuf/proto tested by
	github.com/golang/protobuf/proto.test imports
	github.com/google/go-cmp/cmp: module lookup disabled by GOPROXY=off
github.com/pacardo-games-production/pacardo-todo-server/cmd imports
	github.com/gin-gonic/gin imports
	github.com/gin-gonic/gin/binding imports
	gopkg.in/yaml.v2 tested by
	gopkg.in/yaml.v2.test imports
	gopkg.in/check.v1: module lookup disabled by GOPROXY=off
github.com/pacardo-games-production/pacardo-todo-server/cmd imports
	github.com/gin-gonic/gin imports
	github.com/gin-gonic/gin/binding imports
	github.com/golang/protobuf/proto imports
	google.golang.org/protobuf/reflect/protoregistry tested by
	google.golang.org/protobuf/reflect/protoregistry.test imports
	github.com/google/go-cmp/cmp/cmpopts: module lookup disabled by GOPROXY=off
github.com/pacardo-games-production/pacardo-todo-server/docs imports
	github.com/swaggo/swag imports
	golang.org/x/tools/go/loader imports
	golang.org/x/tools/go/buildutil tested by
	golang.org/x/tools/go/buildutil.test imports
	golang.org/x/tools/go/packages/packagestest imports
	golang.org/x/xerrors: module lookup disabled by GOPROXY=off


[Error - 7:00:06 PM] 2022/05/23 19:00:06 tidy: diagnosing file:///home/nikitafin/Documents/pacardo-todo-server/go.mod: err: exit status 1: stderr: go: downloading github.com/gin-contrib/gzip v0.0.5
go: downloading github.com/google/go-cmp v0.5.5
go: downloading gopkg.in/check.v1 v1.0.0-20201130134442-10cb98267c6c
go: downloading golang.org/x/xerrors v0.0.0-20200804184101-5ec99f83aff1
github.com/pacardo-games-production/pacardo-todo-server/cmd imports
	github.com/swaggo/gin-swagger tested by
	github.com/swaggo/gin-swagger.test imports
	github.com/gin-contrib/gzip: module lookup disabled by GOPROXY=off
github.com/pacardo-games-production/pacardo-todo-server/cmd imports
	github.com/gin-gonic/gin imports
	github.com/gin-gonic/gin/binding imports
	github.com/golang/protobuf/proto tested by
	github.com/golang/protobuf/proto.test imports
	github.com/google/go-cmp/cmp: module lookup disabled by GOPROXY=off
github.com/pacardo-games-production/pacardo-todo-server/cmd imports
	github.com/gin-gonic/gin imports
	github.com/gin-gonic/gin/binding imports
	gopkg.in/yaml.v2 tested by
	gopkg.in/yaml.v2.test imports
	gopkg.in/check.v1: module lookup disabled by GOPROXY=off
github.com/pacardo-games-production/pacardo-todo-server/cmd imports
	github.com/gin-gonic/gin imports
	github.com/gin-gonic/gin/binding imports
	github.com/golang/protobuf/proto imports
	google.golang.org/protobuf/reflect/protoregistry tested by
	google.golang.org/protobuf/reflect/protoregistry.test imports
	github.com/google/go-cmp/cmp/cmpopts: module lookup disabled by GOPROXY=off
github.com/pacardo-games-production/pacardo-todo-server/docs imports
	github.com/swaggo/swag imports
	golang.org/x/tools/go/loader imports
	golang.org/x/tools/go/buildutil tested by
	golang.org/x/tools/go/buildutil.test imports
	golang.org/x/tools/go/packages/packagestest imports
	golang.org/x/xerrors: module lookup disabled by GOPROXY=off


[Info  - 7:00:06 PM] 2022/05/23 19:00:06 Shutdown session
	shutdown_session=1

[Info  - 7:00:06 PM] 2022/05/23 19:00:06 go env for /home/nikitafin/Documents/pacardo-todo-server
(root /home/nikitafin/Documents/pacardo-todo-server)
(go version go version go1.18.1 linux/amd64)
(valid build configuration = true)
(build flags: [])
GOCACHE=/home/nikitafin/.cache/go-build
GONOSUMDB=
GO111MODULE=
GOMODCACHE=/home/nikitafin/go/pkg/mod
GONOPROXY=
GOPROXY=https://proxy.golang.org,direct
GOMOD=/home/nikitafin/Documents/pacardo-todo-server/go.mod
GOPATH=/home/nikitafin/go
GOPRIVATE=
GOROOT=/usr/lib/go-1.18
GOSUMDB=sum.golang.org
GOFLAGS=
GOINSECURE=


[Info  - 7:00:07 PM] 2022/05/23 19:00:07 go/packages.Load
	snapshot=0
	directory=/home/nikitafin/Documents/pacardo-todo-server
	query=[builtin github.com/pacardo-games-production/pacardo-todo-server/...]
	packages=3

[Info  - 7:00:07 PM] 2022/05/23 19:00:07 falling back to safe trimming due to type errors: [/usr/lib/go-1.18/src/runtime/vdso_linux.go:53:38: invalid operation: division by zero /usr/lib/go-1.18/src/runtime/vdso_linux.go:54:38: invalid operation: division by zero] or still-missing identifiers: map[memRecordCycle:true pageBits:true]
	package="runtime"

[Info  - 7:00:07 PM] 2022/05/23 19:00:07 discovered missing identifiers: map[options:true]
	package="vendor/golang.org/x/text/unicode/bidi"

[Info  - 7:00:07 PM] 2022/05/23 19:00:07 falling back to safe trimming due to type errors: [/usr/lib/go-1.18/src/internal/buildcfg/exp.go:24:38: 2-valued (func() (goexperiment.Flags, goexperiment.Flags) literal)() (value of type (goexperiment.Flags, goexperiment.Flags)) where single value is expected] or still-missing identifiers: map[]
	package="internal/buildcfg"

[Info  - 7:00:07 PM] 2022/05/23 19:00:07 discovered missing identifiers: map[yaml_style_t:true]
	package="gopkg.in/yaml.v2"

[Info  - 7:00:07 PM] 2022/05/23 19:00:07 discovered missing identifiers: map[term:true]
	package="go/types"

[Info  - 7:00:07 PM] 2022/05/23 19:00:07 discovered missing identifiers: map[cardinality:true kind:true syntax:true value:true]
	package="google.golang.org/protobuf/reflect/protoreflect"

[Info  - 7:00:07 PM] 2022/05/23 19:00:07 discovered missing identifiers: map[matcher:true]
	package="golang.org/x/text/language"

[Info  - 7:00:07 PM] 2022/05/23 19:00:07 discovered missing identifiers: map[debugMethod:true]
	package="net/rpc"

[Info  - 7:00:07 PM] 2022/05/23 19:00:07 discovered missing identifiers: map[unknownFieldsA:true]
	package="google.golang.org/protobuf/internal/impl"

[Info  - 7:00:07 PM] 2022/05/23 19:00:07 discovered missing identifiers: map[decPerType:true encPerType:true intf2impl:true]
	package="github.com/ugorji/go/codec"

[Info  - 7:00:07 PM] 2022/05/23 19:00:07 discovered missing identifiers: map[cpuMask:true]
	package="golang.org/x/sys/unix"

[Error - 7:00:08 PM] 2022/05/23 19:00:08 tidy: diagnosing file:///home/nikitafin/Documents/pacardo-todo-server/go.mod: err: exit status 1: stderr: go: downloading github.com/google/go-cmp v0.5.5
go: downloading github.com/gin-contrib/gzip v0.0.5
go: downloading gopkg.in/check.v1 v1.0.0-20201130134442-10cb98267c6c
go: downloading golang.org/x/xerrors v0.0.0-20200804184101-5ec99f83aff1
github.com/pacardo-games-production/pacardo-todo-server/cmd imports
	github.com/swaggo/gin-swagger tested by
	github.com/swaggo/gin-swagger.test imports
	github.com/gin-contrib/gzip: module lookup disabled by GOPROXY=off
github.com/pacardo-games-production/pacardo-todo-server/cmd imports
	github.com/gin-gonic/gin imports
	github.com/gin-gonic/gin/binding imports
	github.com/golang/protobuf/proto tested by
	github.com/golang/protobuf/proto.test imports
	github.com/google/go-cmp/cmp: module lookup disabled by GOPROXY=off
github.com/pacardo-games-production/pacardo-todo-server/cmd imports
	github.com/gin-gonic/gin imports
	github.com/gin-gonic/gin/binding imports
	gopkg.in/yaml.v2 tested by
	gopkg.in/yaml.v2.test imports
	gopkg.in/check.v1: module lookup disabled by GOPROXY=off
github.com/pacardo-games-production/pacardo-todo-server/cmd imports
	github.com/gin-gonic/gin imports
	github.com/gin-gonic/gin/binding imports
	github.com/golang/protobuf/proto imports
	google.golang.org/protobuf/reflect/protoregistry tested by
	google.golang.org/protobuf/reflect/protoregistry.test imports
	github.com/google/go-cmp/cmp/cmpopts: module lookup disabled by GOPROXY=off
github.com/pacardo-games-production/pacardo-todo-server/docs imports
	github.com/swaggo/swag imports
	golang.org/x/tools/go/loader imports
	golang.org/x/tools/go/buildutil tested by
	golang.org/x/tools/go/buildutil.test imports
	golang.org/x/tools/go/packages/packagestest imports
	golang.org/x/xerrors: module lookup disabled by GOPROXY=off


[Error - 7:00:08 PM] 2022/05/23 19:00:08 tidy: diagnosing file:///home/nikitafin/Documents/pacardo-todo-server/go.mod: err: exit status 1: stderr: go: downloading github.com/google/go-cmp v0.5.5
go: downloading github.com/gin-contrib/gzip v0.0.5
go: downloading gopkg.in/check.v1 v1.0.0-20201130134442-10cb98267c6c
go: downloading golang.org/x/xerrors v0.0.0-20200804184101-5ec99f83aff1
github.com/pacardo-games-production/pacardo-todo-server/cmd imports
	github.com/swaggo/gin-swagger tested by
	github.com/swaggo/gin-swagger.test imports
	github.com/gin-contrib/gzip: module lookup disabled by GOPROXY=off
github.com/pacardo-games-production/pacardo-todo-server/cmd imports
	github.com/gin-gonic/gin imports
	github.com/gin-gonic/gin/binding imports
	github.com/golang/protobuf/proto tested by
	github.com/golang/protobuf/proto.test imports
	github.com/google/go-cmp/cmp: module lookup disabled by GOPROXY=off
github.com/pacardo-games-production/pacardo-todo-server/cmd imports
	github.com/gin-gonic/gin imports
	github.com/gin-gonic/gin/binding imports
	gopkg.in/yaml.v2 tested by
	gopkg.in/yaml.v2.test imports
	gopkg.in/check.v1: module lookup disabled by GOPROXY=off
github.com/pacardo-games-production/pacardo-todo-server/cmd imports
	github.com/gin-gonic/gin imports
	github.com/gin-gonic/gin/binding imports
	github.com/golang/protobuf/proto imports
	google.golang.org/protobuf/reflect/protoregistry tested by
	google.golang.org/protobuf/reflect/protoregistry.test imports
	github.com/google/go-cmp/cmp/cmpopts: module lookup disabled by GOPROXY=off
github.com/pacardo-games-production/pacardo-todo-server/docs imports
	github.com/swaggo/swag imports
	golang.org/x/tools/go/loader imports
	golang.org/x/tools/go/buildutil tested by
	golang.org/x/tools/go/buildutil.test imports
	golang.org/x/tools/go/packages/packagestest imports
	golang.org/x/xerrors: module lookup disabled by GOPROXY=off


[Error - 7:00:08 PM] 2022/05/23 19:00:08 tidy: diagnosing file:///home/nikitafin/Documents/pacardo-todo-server/go.mod: err: exit status 1: stderr: go: downloading github.com/google/go-cmp v0.5.5
go: downloading github.com/gin-contrib/gzip v0.0.5
go: downloading gopkg.in/check.v1 v1.0.0-20201130134442-10cb98267c6c
go: downloading golang.org/x/xerrors v0.0.0-20200804184101-5ec99f83aff1
github.com/pacardo-games-production/pacardo-todo-server/cmd imports
	github.com/swaggo/gin-swagger tested by
	github.com/swaggo/gin-swagger.test imports
	github.com/gin-contrib/gzip: module lookup disabled by GOPROXY=off
github.com/pacardo-games-production/pacardo-todo-server/cmd imports
	github.com/gin-gonic/gin imports
	github.com/gin-gonic/gin/binding imports
	github.com/golang/protobuf/proto tested by
	github.com/golang/protobuf/proto.test imports
	github.com/google/go-cmp/cmp: module lookup disabled by GOPROXY=off
github.com/pacardo-games-production/pacardo-todo-server/cmd imports
	github.com/gin-gonic/gin imports
	github.com/gin-gonic/gin/binding imports
	gopkg.in/yaml.v2 tested by
	gopkg.in/yaml.v2.test imports
	gopkg.in/check.v1: module lookup disabled by GOPROXY=off
github.com/pacardo-games-production/pacardo-todo-server/cmd imports
	github.com/gin-gonic/gin imports
	github.com/gin-gonic/gin/binding imports
	github.com/golang/protobuf/proto imports
	google.golang.org/protobuf/reflect/protoregistry tested by
	google.golang.org/protobuf/reflect/protoregistry.test imports
	github.com/google/go-cmp/cmp/cmpopts: module lookup disabled by GOPROXY=off
github.com/pacardo-games-production/pacardo-todo-server/docs imports
	github.com/swaggo/swag imports
	golang.org/x/tools/go/loader imports
	golang.org/x/tools/go/buildutil tested by
	golang.org/x/tools/go/buildutil.test imports
	golang.org/x/tools/go/packages/packagestest imports
	golang.org/x/xerrors: module lookup disabled by GOPROXY=off


[Error - 7:00:11 PM] 2022/05/23 19:00:11 tidy: diagnosing file:///home/nikitafin/Documents/pacardo-todo-server/go.mod: err: exit status 1: stderr: go: downloading github.com/google/go-cmp v0.5.5
go: downloading github.com/gin-contrib/gzip v0.0.5
go: downloading gopkg.in/check.v1 v1.0.0-20201130134442-10cb98267c6c
go: downloading golang.org/x/xerrors v0.0.0-20200804184101-5ec99f83aff1
github.com/pacardo-games-production/pacardo-todo-server/cmd imports
	github.com/swaggo/gin-swagger tested by
	github.com/swaggo/gin-swagger.test imports
	github.com/gin-contrib/gzip: module lookup disabled by GOPROXY=off
github.com/pacardo-games-production/pacardo-todo-server/cmd imports
	github.com/gin-gonic/gin imports
	github.com/gin-gonic/gin/binding imports
	github.com/golang/protobuf/proto tested by
	github.com/golang/protobuf/proto.test imports
	github.com/google/go-cmp/cmp: module lookup disabled by GOPROXY=off
github.com/pacardo-games-production/pacardo-todo-server/cmd imports
	github.com/gin-gonic/gin imports
	github.com/gin-gonic/gin/binding imports
	gopkg.in/yaml.v2 tested by
	gopkg.in/yaml.v2.test imports
	gopkg.in/check.v1: module lookup disabled by GOPROXY=off
github.com/pacardo-games-production/pacardo-todo-server/cmd imports
	github.com/gin-gonic/gin imports
	github.com/gin-gonic/gin/binding imports
	github.com/golang/protobuf/proto imports
	google.golang.org/protobuf/reflect/protoregistry tested by
	google.golang.org/protobuf/reflect/protoregistry.test imports
	github.com/google/go-cmp/cmp/cmpopts: module lookup disabled by GOPROXY=off
github.com/pacardo-games-production/pacardo-todo-server/docs imports
	github.com/swaggo/swag imports
	golang.org/x/tools/go/loader imports
	golang.org/x/tools/go/buildutil tested by
	golang.org/x/tools/go/buildutil.test imports
	golang.org/x/tools/go/packages/packagestest imports
	golang.org/x/xerrors: module lookup disabled by GOPROXY=off


[Error - 7:00:14 PM] 2022/05/23 19:00:14 tidy: diagnosing file:///home/nikitafin/Documents/pacardo-todo-server/go.mod: err: exit status 1: stderr: go: downloading github.com/google/go-cmp v0.5.5
go: downloading github.com/gin-contrib/gzip v0.0.5
go: downloading gopkg.in/check.v1 v1.0.0-20201130134442-10cb98267c6c
go: downloading golang.org/x/xerrors v0.0.0-20200804184101-5ec99f83aff1
github.com/pacardo-games-production/pacardo-todo-server/cmd imports
	github.com/swaggo/gin-swagger tested by
	github.com/swaggo/gin-swagger.test imports
	github.com/gin-contrib/gzip: module lookup disabled by GOPROXY=off
github.com/pacardo-games-production/pacardo-todo-server/cmd imports
	github.com/gin-gonic/gin imports
	github.com/gin-gonic/gin/binding imports
	github.com/golang/protobuf/proto tested by
	github.com/golang/protobuf/proto.test imports
	github.com/google/go-cmp/cmp: module lookup disabled by GOPROXY=off
github.com/pacardo-games-production/pacardo-todo-server/cmd imports
	github.com/gin-gonic/gin imports
	github.com/gin-gonic/gin/binding imports
	gopkg.in/yaml.v2 tested by
	gopkg.in/yaml.v2.test imports
	gopkg.in/check.v1: module lookup disabled by GOPROXY=off
github.com/pacardo-games-production/pacardo-todo-server/cmd imports
	github.com/gin-gonic/gin imports
	github.com/gin-gonic/gin/binding imports
	github.com/golang/protobuf/proto imports
	google.golang.org/protobuf/reflect/protoregistry tested by
	google.golang.org/protobuf/reflect/protoregistry.test imports
	github.com/google/go-cmp/cmp/cmpopts: module lookup disabled by GOPROXY=off
github.com/pacardo-games-production/pacardo-todo-server/docs imports
	github.com/swaggo/swag imports
	golang.org/x/tools/go/loader imports
	golang.org/x/tools/go/buildutil tested by
	golang.org/x/tools/go/buildutil.test imports
	golang.org/x/tools/go/packages/packagestest imports
	golang.org/x/xerrors: module lookup disabled by GOPROXY=off


[Error - 7:00:19 PM] 2022/05/23 19:00:19 tidy: diagnosing file:///home/nikitafin/Documents/pacardo-todo-server/go.mod: err: exit status 1: stderr: go: downloading github.com/google/go-cmp v0.5.5
go: downloading github.com/gin-contrib/gzip v0.0.5
go: downloading gopkg.in/check.v1 v1.0.0-20201130134442-10cb98267c6c
go: downloading golang.org/x/xerrors v0.0.0-20200804184101-5ec99f83aff1
github.com/pacardo-games-production/pacardo-todo-server/cmd imports
	github.com/swaggo/gin-swagger tested by
	github.com/swaggo/gin-swagger.test imports
	github.com/gin-contrib/gzip: module lookup disabled by GOPROXY=off
github.com/pacardo-games-production/pacardo-todo-server/cmd imports
	github.com/gin-gonic/gin imports
	github.com/gin-gonic/gin/binding imports
	github.com/golang/protobuf/proto tested by
	github.com/golang/protobuf/proto.test imports
	github.com/google/go-cmp/cmp: module lookup disabled by GOPROXY=off
github.com/pacardo-games-production/pacardo-todo-server/cmd imports
	github.com/gin-gonic/gin imports
	github.com/gin-gonic/gin/binding imports
	gopkg.in/yaml.v2 tested by
	gopkg.in/yaml.v2.test imports
	gopkg.in/check.v1: module lookup disabled by GOPROXY=off
github.com/pacardo-games-production/pacardo-todo-server/cmd imports
	github.com/gin-gonic/gin imports
	github.com/gin-gonic/gin/binding imports
	github.com/golang/protobuf/proto imports
	google.golang.org/protobuf/reflect/protoregistry tested by
	google.golang.org/protobuf/reflect/protoregistry.test imports
	github.com/google/go-cmp/cmp/cmpopts: module lookup disabled by GOPROXY=off
github.com/pacardo-games-production/pacardo-todo-server/docs imports
	github.com/swaggo/swag imports
	golang.org/x/tools/go/loader imports
	golang.org/x/tools/go/buildutil tested by
	golang.org/x/tools/go/buildutil.test imports
	golang.org/x/tools/go/packages/packagestest imports
	golang.org/x/xerrors: module lookup disabled by GOPROXY=off


[Error - 7:00:22 PM] 2022/05/23 19:00:22 tidy: diagnosing file:///home/nikitafin/Documents/pacardo-todo-server/go.mod: err: exit status 1: stderr: go: downloading github.com/google/go-cmp v0.5.5
go: downloading github.com/gin-contrib/gzip v0.0.5
go: downloading gopkg.in/check.v1 v1.0.0-20201130134442-10cb98267c6c
go: downloading golang.org/x/xerrors v0.0.0-20200804184101-5ec99f83aff1
github.com/pacardo-games-production/pacardo-todo-server/cmd imports
	github.com/swaggo/gin-swagger tested by
	github.com/swaggo/gin-swagger.test imports
	github.com/gin-contrib/gzip: module lookup disabled by GOPROXY=off
github.com/pacardo-games-production/pacardo-todo-server/cmd imports
	github.com/gin-gonic/gin imports
	github.com/gin-gonic/gin/binding imports
	github.com/golang/protobuf/proto tested by
	github.com/golang/protobuf/proto.test imports
	github.com/google/go-cmp/cmp: module lookup disabled by GOPROXY=off
github.com/pacardo-games-production/pacardo-todo-server/cmd imports
	github.com/gin-gonic/gin imports
	github.com/gin-gonic/gin/binding imports
	gopkg.in/yaml.v2 tested by
	gopkg.in/yaml.v2.test imports
	gopkg.in/check.v1: module lookup disabled by GOPROXY=off
github.com/pacardo-games-production/pacardo-todo-server/cmd imports
	github.com/gin-gonic/gin imports
	github.com/gin-gonic/gin/binding imports
	github.com/golang/protobuf/proto imports
	google.golang.org/protobuf/reflect/protoregistry tested by
	google.golang.org/protobuf/reflect/protoregistry.test imports
	github.com/google/go-cmp/cmp/cmpopts: module lookup disabled by GOPROXY=off
github.com/pacardo-games-production/pacardo-todo-server/docs imports
	github.com/swaggo/swag imports
	golang.org/x/tools/go/loader imports
	golang.org/x/tools/go/buildutil tested by
	golang.org/x/tools/go/buildutil.test imports
	golang.org/x/tools/go/packages/packagestest imports
	golang.org/x/xerrors: module lookup disabled by GOPROXY=off


[Error - 7:00:23 PM] 2022/05/23 19:00:23 tidy: diagnosing file:///home/nikitafin/Documents/pacardo-todo-server/go.mod: err: exit status 1: stderr: go: downloading github.com/google/go-cmp v0.5.5
go: downloading github.com/gin-contrib/gzip v0.0.5
go: downloading gopkg.in/check.v1 v1.0.0-20201130134442-10cb98267c6c
go: downloading golang.org/x/xerrors v0.0.0-20200804184101-5ec99f83aff1
github.com/pacardo-games-production/pacardo-todo-server/cmd imports
	github.com/swaggo/gin-swagger tested by
	github.com/swaggo/gin-swagger.test imports
	github.com/gin-contrib/gzip: module lookup disabled by GOPROXY=off
github.com/pacardo-games-production/pacardo-todo-server/cmd imports
	github.com/gin-gonic/gin imports
	github.com/gin-gonic/gin/binding imports
	github.com/golang/protobuf/proto tested by
	github.com/golang/protobuf/proto.test imports
	github.com/google/go-cmp/cmp: module lookup disabled by GOPROXY=off
github.com/pacardo-games-production/pacardo-todo-server/cmd imports
	github.com/gin-gonic/gin imports
	github.com/gin-gonic/gin/binding imports
	gopkg.in/yaml.v2 tested by
	gopkg.in/yaml.v2.test imports
	gopkg.in/check.v1: module lookup disabled by GOPROXY=off
github.com/pacardo-games-production/pacardo-todo-server/cmd imports
	github.com/gin-gonic/gin imports
	github.com/gin-gonic/gin/binding imports
	github.com/golang/protobuf/proto imports
	google.golang.org/protobuf/reflect/protoregistry tested by
	google.golang.org/protobuf/reflect/protoregistry.test imports
	github.com/google/go-cmp/cmp/cmpopts: module lookup disabled by GOPROXY=off
github.com/pacardo-games-production/pacardo-todo-server/docs imports
	github.com/swaggo/swag imports
	golang.org/x/tools/go/loader imports
	golang.org/x/tools/go/buildutil tested by
	golang.org/x/tools/go/buildutil.test imports
	golang.org/x/tools/go/packages/packagestest imports
	golang.org/x/xerrors: module lookup disabled by GOPROXY=off


[Error - 7:00:23 PM] 2022/05/23 19:00:23 tidy: diagnosing file:///home/nikitafin/Documents/pacardo-todo-server/go.mod: err: exit status 1: stderr: go: downloading github.com/google/go-cmp v0.5.5
go: downloading github.com/gin-contrib/gzip v0.0.5
go: downloading gopkg.in/check.v1 v1.0.0-20201130134442-10cb98267c6c
go: downloading golang.org/x/xerrors v0.0.0-20200804184101-5ec99f83aff1
github.com/pacardo-games-production/pacardo-todo-server/cmd imports
	github.com/swaggo/gin-swagger tested by
	github.com/swaggo/gin-swagger.test imports
	github.com/gin-contrib/gzip: module lookup disabled by GOPROXY=off
github.com/pacardo-games-production/pacardo-todo-server/cmd imports
	github.com/gin-gonic/gin imports
	github.com/gin-gonic/gin/binding imports
	github.com/golang/protobuf/proto tested by
	github.com/golang/protobuf/proto.test imports
	github.com/google/go-cmp/cmp: module lookup disabled by GOPROXY=off
github.com/pacardo-games-production/pacardo-todo-server/cmd imports
	github.com/gin-gonic/gin imports
	github.com/gin-gonic/gin/binding imports
	gopkg.in/yaml.v2 tested by
	gopkg.in/yaml.v2.test imports
	gopkg.in/check.v1: module lookup disabled by GOPROXY=off
github.com/pacardo-games-production/pacardo-todo-server/cmd imports
	github.com/gin-gonic/gin imports
	github.com/gin-gonic/gin/binding imports
	github.com/golang/protobuf/proto imports
	google.golang.org/protobuf/reflect/protoregistry tested by
	google.golang.org/protobuf/reflect/protoregistry.test imports
	github.com/google/go-cmp/cmp/cmpopts: module lookup disabled by GOPROXY=off
github.com/pacardo-games-production/pacardo-todo-server/docs imports
	github.com/swaggo/swag imports
	golang.org/x/tools/go/loader imports
	golang.org/x/tools/go/buildutil tested by
	golang.org/x/tools/go/buildutil.test imports
	golang.org/x/tools/go/packages/packagestest imports
	golang.org/x/xerrors: module lookup disabled by GOPROXY=off


[Error - 7:00:30 PM] 2022/05/23 19:00:30 tidy: diagnosing file:///home/nikitafin/Documents/pacardo-todo-server/go.mod: err: exit status 1: stderr: go: downloading github.com/google/go-cmp v0.5.5
go: downloading github.com/gin-contrib/gzip v0.0.5
go: downloading gopkg.in/check.v1 v1.0.0-20201130134442-10cb98267c6c
go: downloading golang.org/x/xerrors v0.0.0-20200804184101-5ec99f83aff1
github.com/pacardo-games-production/pacardo-todo-server/cmd imports
	github.com/swaggo/gin-swagger tested by
	github.com/swaggo/gin-swagger.test imports
	github.com/gin-contrib/gzip: module lookup disabled by GOPROXY=off
github.com/pacardo-games-production/pacardo-todo-server/cmd imports
	github.com/gin-gonic/gin imports
	github.com/gin-gonic/gin/binding imports
	github.com/golang/protobuf/proto tested by
	github.com/golang/protobuf/proto.test imports
	github.com/google/go-cmp/cmp: module lookup disabled by GOPROXY=off
github.com/pacardo-games-production/pacardo-todo-server/cmd imports
	github.com/gin-gonic/gin imports
	github.com/gin-gonic/gin/binding imports
	gopkg.in/yaml.v2 tested by
	gopkg.in/yaml.v2.test imports
	gopkg.in/check.v1: module lookup disabled by GOPROXY=off
github.com/pacardo-games-production/pacardo-todo-server/cmd imports
	github.com/gin-gonic/gin imports
	github.com/gin-gonic/gin/binding imports
	github.com/golang/protobuf/proto imports
	google.golang.org/protobuf/reflect/protoregistry tested by
	google.golang.org/protobuf/reflect/protoregistry.test imports
	github.com/google/go-cmp/cmp/cmpopts: module lookup disabled by GOPROXY=off
github.com/pacardo-games-production/pacardo-todo-server/docs imports
	github.com/swaggo/swag imports
	golang.org/x/tools/go/loader imports
	golang.org/x/tools/go/buildutil tested by
	golang.org/x/tools/go/buildutil.test imports
	golang.org/x/tools/go/packages/packagestest imports
	golang.org/x/xerrors: module lookup disabled by GOPROXY=off


[Error - 7:00:30 PM] 2022/05/23 19:00:30 tidy: diagnosing file:///home/nikitafin/Documents/pacardo-todo-server/go.mod: err: exit status 1: stderr: go: downloading github.com/google/go-cmp v0.5.5
go: downloading github.com/gin-contrib/gzip v0.0.5
go: downloading gopkg.in/check.v1 v1.0.0-20201130134442-10cb98267c6c
go: downloading golang.org/x/xerrors v0.0.0-20200804184101-5ec99f83aff1
github.com/pacardo-games-production/pacardo-todo-server/cmd imports
	github.com/swaggo/gin-swagger tested by
	github.com/swaggo/gin-swagger.test imports
	github.com/gin-contrib/gzip: module lookup disabled by GOPROXY=off
github.com/pacardo-games-production/pacardo-todo-server/cmd imports
	github.com/gin-gonic/gin imports
	github.com/gin-gonic/gin/binding imports
	github.com/golang/protobuf/proto tested by
	github.com/golang/protobuf/proto.test imports
	github.com/google/go-cmp/cmp: module lookup disabled by GOPROXY=off
github.com/pacardo-games-production/pacardo-todo-server/cmd imports
	github.com/gin-gonic/gin imports
	github.com/gin-gonic/gin/binding imports
	gopkg.in/yaml.v2 tested by
	gopkg.in/yaml.v2.test imports
	gopkg.in/check.v1: module lookup disabled by GOPROXY=off
github.com/pacardo-games-production/pacardo-todo-server/cmd imports
	github.com/gin-gonic/gin imports
	github.com/gin-gonic/gin/binding imports
	github.com/golang/protobuf/proto imports
	google.golang.org/protobuf/reflect/protoregistry tested by
	google.golang.org/protobuf/reflect/protoregistry.test imports
	github.com/google/go-cmp/cmp/cmpopts: module lookup disabled by GOPROXY=off
github.com/pacardo-games-production/pacardo-todo-server/docs imports
	github.com/swaggo/swag imports
	golang.org/x/tools/go/loader imports
	golang.org/x/tools/go/buildutil tested by
	golang.org/x/tools/go/buildutil.test imports
	golang.org/x/tools/go/packages/packagestest imports
	golang.org/x/xerrors: module lookup disabled by GOPROXY=off


[Error - 7:00:30 PM] 2022/05/23 19:00:30 tidy: diagnosing file:///home/nikitafin/Documents/pacardo-todo-server/go.mod: err: exit status 1: stderr: go: downloading github.com/google/go-cmp v0.5.5
go: downloading github.com/gin-contrib/gzip v0.0.5
go: downloading gopkg.in/check.v1 v1.0.0-20201130134442-10cb98267c6c
go: downloading golang.org/x/xerrors v0.0.0-20200804184101-5ec99f83aff1
github.com/pacardo-games-production/pacardo-todo-server/cmd imports
	github.com/swaggo/gin-swagger tested by
	github.com/swaggo/gin-swagger.test imports
	github.com/gin-contrib/gzip: module lookup disabled by GOPROXY=off
github.com/pacardo-games-production/pacardo-todo-server/cmd imports
	github.com/gin-gonic/gin imports
	github.com/gin-gonic/gin/binding imports
	github.com/golang/protobuf/proto tested by
	github.com/golang/protobuf/proto.test imports
	github.com/google/go-cmp/cmp: module lookup disabled by GOPROXY=off
github.com/pacardo-games-production/pacardo-todo-server/cmd imports
	github.com/gin-gonic/gin imports
	github.com/gin-gonic/gin/binding imports
	gopkg.in/yaml.v2 tested by
	gopkg.in/yaml.v2.test imports
	gopkg.in/check.v1: module lookup disabled by GOPROXY=off
github.com/pacardo-games-production/pacardo-todo-server/cmd imports
	github.com/gin-gonic/gin imports
	github.com/gin-gonic/gin/binding imports
	github.com/golang/protobuf/proto imports
	google.golang.org/protobuf/reflect/protoregistry tested by
	google.golang.org/protobuf/reflect/protoregistry.test imports
	github.com/google/go-cmp/cmp/cmpopts: module lookup disabled by GOPROXY=off
github.com/pacardo-games-production/pacardo-todo-server/docs imports
	github.com/swaggo/swag imports
	golang.org/x/tools/go/loader imports
	golang.org/x/tools/go/buildutil tested by
	golang.org/x/tools/go/buildutil.test imports
	golang.org/x/tools/go/packages/packagestest imports
	golang.org/x/xerrors: module lookup disabled by GOPROXY=off


[Error - 7:04:26 PM] 2022/05/23 19:04:26 tidy: diagnosing file:///home/nikitafin/Documents/pacardo-todo-server/go.mod: err: exit status 1: stderr: go: downloading github.com/google/go-cmp v0.5.5
go: downloading github.com/gin-contrib/gzip v0.0.5
go: downloading gopkg.in/check.v1 v1.0.0-20201130134442-10cb98267c6c
go: downloading golang.org/x/xerrors v0.0.0-20200804184101-5ec99f83aff1
github.com/pacardo-games-production/pacardo-todo-server/cmd imports
	github.com/swaggo/gin-swagger tested by
	github.com/swaggo/gin-swagger.test imports
	github.com/gin-contrib/gzip: module lookup disabled by GOPROXY=off
github.com/pacardo-games-production/pacardo-todo-server/cmd imports
	github.com/gin-gonic/gin imports
	github.com/gin-gonic/gin/binding imports
	github.com/golang/protobuf/proto tested by
	github.com/golang/protobuf/proto.test imports
	github.com/google/go-cmp/cmp: module lookup disabled by GOPROXY=off
github.com/pacardo-games-production/pacardo-todo-server/cmd imports
	github.com/gin-gonic/gin imports
	github.com/gin-gonic/gin/binding imports
	gopkg.in/yaml.v2 tested by
	gopkg.in/yaml.v2.test imports
	gopkg.in/check.v1: module lookup disabled by GOPROXY=off
github.com/pacardo-games-production/pacardo-todo-server/cmd imports
	github.com/gin-gonic/gin imports
	github.com/gin-gonic/gin/binding imports
	github.com/golang/protobuf/proto imports
	google.golang.org/protobuf/reflect/protoregistry tested by
	google.golang.org/protobuf/reflect/protoregistry.test imports
	github.com/google/go-cmp/cmp/cmpopts: module lookup disabled by GOPROXY=off
github.com/pacardo-games-production/pacardo-todo-server/docs imports
	github.com/swaggo/swag imports
	golang.org/x/tools/go/loader imports
	golang.org/x/tools/go/buildutil tested by
	golang.org/x/tools/go/buildutil.test imports
	golang.org/x/tools/go/packages/packagestest imports
	golang.org/x/xerrors: module lookup disabled by GOPROXY=off


[Error - 7:04:26 PM] 2022/05/23 19:04:26 tidy: diagnosing file:///home/nikitafin/Documents/pacardo-todo-server/go.mod: err: exit status 1: stderr: go: downloading github.com/google/go-cmp v0.5.5
go: downloading github.com/gin-contrib/gzip v0.0.5
go: downloading gopkg.in/check.v1 v1.0.0-20201130134442-10cb98267c6c
go: downloading golang.org/x/xerrors v0.0.0-20200804184101-5ec99f83aff1
github.com/pacardo-games-production/pacardo-todo-server/cmd imports
	github.com/swaggo/gin-swagger tested by
	github.com/swaggo/gin-swagger.test imports
	github.com/gin-contrib/gzip: module lookup disabled by GOPROXY=off
github.com/pacardo-games-production/pacardo-todo-server/cmd imports
	github.com/gin-gonic/gin imports
	github.com/gin-gonic/gin/binding imports
	github.com/golang/protobuf/proto tested by
	github.com/golang/protobuf/proto.test imports
	github.com/google/go-cmp/cmp: module lookup disabled by GOPROXY=off
github.com/pacardo-games-production/pacardo-todo-server/cmd imports
	github.com/gin-gonic/gin imports
	github.com/gin-gonic/gin/binding imports
	gopkg.in/yaml.v2 tested by
	gopkg.in/yaml.v2.test imports
	gopkg.in/check.v1: module lookup disabled by GOPROXY=off
github.com/pacardo-games-production/pacardo-todo-server/cmd imports
	github.com/gin-gonic/gin imports
	github.com/gin-gonic/gin/binding imports
	github.com/golang/protobuf/proto imports
	google.golang.org/protobuf/reflect/protoregistry tested by
	google.golang.org/protobuf/reflect/protoregistry.test imports
	github.com/google/go-cmp/cmp/cmpopts: module lookup disabled by GOPROXY=off
github.com/pacardo-games-production/pacardo-todo-server/docs imports
	github.com/swaggo/swag imports
	golang.org/x/tools/go/loader imports
	golang.org/x/tools/go/buildutil tested by
	golang.org/x/tools/go/buildutil.test imports
	golang.org/x/tools/go/packages/packagestest imports
	golang.org/x/xerrors: module lookup disabled by GOPROXY=off


[Error - 7:06:36 PM] 2022/05/23 19:06:36 tidy: diagnosing file:///home/nikitafin/Documents/pacardo-todo-server/go.mod: err: exit status 1: stderr: go: downloading github.com/google/go-cmp v0.5.5
go: downloading github.com/gin-contrib/gzip v0.0.5
go: downloading gopkg.in/check.v1 v1.0.0-20201130134442-10cb98267c6c
go: downloading golang.org/x/xerrors v0.0.0-20200804184101-5ec99f83aff1
github.com/pacardo-games-production/pacardo-todo-server/cmd imports
	github.com/swaggo/gin-swagger tested by
	github.com/swaggo/gin-swagger.test imports
	github.com/gin-contrib/gzip: module lookup disabled by GOPROXY=off
github.com/pacardo-games-production/pacardo-todo-server/cmd imports
	github.com/gin-gonic/gin imports
	github.com/gin-gonic/gin/binding imports
	github.com/golang/protobuf/proto tested by
	github.com/golang/protobuf/proto.test imports
	github.com/google/go-cmp/cmp: module lookup disabled by GOPROXY=off
github.com/pacardo-games-production/pacardo-todo-server/cmd imports
	github.com/gin-gonic/gin imports
	github.com/gin-gonic/gin/binding imports
	gopkg.in/yaml.v2 tested by
	gopkg.in/yaml.v2.test imports
	gopkg.in/check.v1: module lookup disabled by GOPROXY=off
github.com/pacardo-games-production/pacardo-todo-server/cmd imports
	github.com/gin-gonic/gin imports
	github.com/gin-gonic/gin/binding imports
	github.com/golang/protobuf/proto imports
	google.golang.org/protobuf/reflect/protoregistry tested by
	google.golang.org/protobuf/reflect/protoregistry.test imports
	github.com/google/go-cmp/cmp/cmpopts: module lookup disabled by GOPROXY=off
github.com/pacardo-games-production/pacardo-todo-server/docs imports
	github.com/swaggo/swag imports
	golang.org/x/tools/go/loader imports
	golang.org/x/tools/go/buildutil tested by
	golang.org/x/tools/go/buildutil.test imports
	golang.org/x/tools/go/packages/packagestest imports
	golang.org/x/xerrors: module lookup disabled by GOPROXY=off


[Error - 7:07:18 PM] 2022/05/23 19:07:18 tidy: diagnosing file:///home/nikitafin/Documents/pacardo-todo-server/go.mod: err: exit status 1: stderr: go: downloading github.com/google/go-cmp v0.5.5
go: downloading github.com/gin-contrib/gzip v0.0.5
go: downloading gopkg.in/check.v1 v1.0.0-20201130134442-10cb98267c6c
go: downloading golang.org/x/xerrors v0.0.0-20200804184101-5ec99f83aff1
github.com/pacardo-games-production/pacardo-todo-server/cmd imports
	github.com/swaggo/gin-swagger tested by
	github.com/swaggo/gin-swagger.test imports
	github.com/gin-contrib/gzip: module lookup disabled by GOPROXY=off
github.com/pacardo-games-production/pacardo-todo-server/cmd imports
	github.com/gin-gonic/gin imports
	github.com/gin-gonic/gin/binding imports
	github.com/golang/protobuf/proto tested by
	github.com/golang/protobuf/proto.test imports
	github.com/google/go-cmp/cmp: module lookup disabled by GOPROXY=off
github.com/pacardo-games-production/pacardo-todo-server/cmd imports
	github.com/gin-gonic/gin imports
	github.com/gin-gonic/gin/binding imports
	gopkg.in/yaml.v2 tested by
	gopkg.in/yaml.v2.test imports
	gopkg.in/check.v1: module lookup disabled by GOPROXY=off
github.com/pacardo-games-production/pacardo-todo-server/cmd imports
	github.com/gin-gonic/gin imports
	github.com/gin-gonic/gin/binding imports
	github.com/golang/protobuf/proto imports
	google.golang.org/protobuf/reflect/protoregistry tested by
	google.golang.org/protobuf/reflect/protoregistry.test imports
	github.com/google/go-cmp/cmp/cmpopts: module lookup disabled by GOPROXY=off
github.com/pacardo-games-production/pacardo-todo-server/docs imports
	github.com/swaggo/swag imports
	golang.org/x/tools/go/loader imports
	golang.org/x/tools/go/buildutil tested by
	golang.org/x/tools/go/buildutil.test imports
	golang.org/x/tools/go/packages/packagestest imports
	golang.org/x/xerrors: module lookup disabled by GOPROXY=off


[Error - 7:07:36 PM] 2022/05/23 19:07:36 tidy: diagnosing file:///home/nikitafin/Documents/pacardo-todo-server/go.mod: err: exit status 1: stderr: go: downloading github.com/gin-contrib/gzip v0.0.5
go: downloading github.com/google/go-cmp v0.5.5
go: downloading gopkg.in/check.v1 v1.0.0-20201130134442-10cb98267c6c
go: downloading golang.org/x/xerrors v0.0.0-20200804184101-5ec99f83aff1
github.com/pacardo-games-production/pacardo-todo-server/cmd imports
	github.com/swaggo/gin-swagger tested by
	github.com/swaggo/gin-swagger.test imports
	github.com/gin-contrib/gzip: module lookup disabled by GOPROXY=off
github.com/pacardo-games-production/pacardo-todo-server/cmd imports
	github.com/gin-gonic/gin imports
	github.com/gin-gonic/gin/binding imports
	github.com/golang/protobuf/proto tested by
	github.com/golang/protobuf/proto.test imports
	github.com/google/go-cmp/cmp: module lookup disabled by GOPROXY=off
github.com/pacardo-games-production/pacardo-todo-server/cmd imports
	github.com/gin-gonic/gin imports
	github.com/gin-gonic/gin/binding imports
	gopkg.in/yaml.v2 tested by
	gopkg.in/yaml.v2.test imports
	gopkg.in/check.v1: module lookup disabled by GOPROXY=off
github.com/pacardo-games-production/pacardo-todo-server/cmd imports
	github.com/gin-gonic/gin imports
	github.com/gin-gonic/gin/binding imports
	github.com/golang/protobuf/proto imports
	google.golang.org/protobuf/reflect/protoregistry tested by
	google.golang.org/protobuf/reflect/protoregistry.test imports
	github.com/google/go-cmp/cmp/cmpopts: module lookup disabled by GOPROXY=off
github.com/pacardo-games-production/pacardo-todo-server/docs imports
	github.com/swaggo/swag imports
	golang.org/x/tools/go/loader imports
	golang.org/x/tools/go/buildutil tested by
	golang.org/x/tools/go/buildutil.test imports
	golang.org/x/tools/go/packages/packagestest imports
	golang.org/x/xerrors: module lookup disabled by GOPROXY=off


[Error - 7:07:41 PM] 2022/05/23 19:07:41 tidy: diagnosing file:///home/nikitafin/Documents/pacardo-todo-server/go.mod: err: exit status 1: stderr: go: downloading github.com/gin-contrib/gzip v0.0.5
go: downloading github.com/google/go-cmp v0.5.5
go: downloading gopkg.in/check.v1 v1.0.0-20201130134442-10cb98267c6c
go: downloading golang.org/x/xerrors v0.0.0-20200804184101-5ec99f83aff1
github.com/pacardo-games-production/pacardo-todo-server/cmd imports
	github.com/swaggo/gin-swagger tested by
	github.com/swaggo/gin-swagger.test imports
	github.com/gin-contrib/gzip: module lookup disabled by GOPROXY=off
github.com/pacardo-games-production/pacardo-todo-server/cmd imports
	github.com/gin-gonic/gin imports
	github.com/gin-gonic/gin/binding imports
	github.com/golang/protobuf/proto tested by
	github.com/golang/protobuf/proto.test imports
	github.com/google/go-cmp/cmp: module lookup disabled by GOPROXY=off
github.com/pacardo-games-production/pacardo-todo-server/cmd imports
	github.com/gin-gonic/gin imports
	github.com/gin-gonic/gin/binding imports
	gopkg.in/yaml.v2 tested by
	gopkg.in/yaml.v2.test imports
	gopkg.in/check.v1: module lookup disabled by GOPROXY=off
github.com/pacardo-games-production/pacardo-todo-server/cmd imports
	github.com/gin-gonic/gin imports
	github.com/gin-gonic/gin/binding imports
	github.com/golang/protobuf/proto imports
	google.golang.org/protobuf/reflect/protoregistry tested by
	google.golang.org/protobuf/reflect/protoregistry.test imports
	github.com/google/go-cmp/cmp/cmpopts: module lookup disabled by GOPROXY=off
github.com/pacardo-games-production/pacardo-todo-server/docs imports
	github.com/swaggo/swag imports
	golang.org/x/tools/go/loader imports
	golang.org/x/tools/go/buildutil tested by
	golang.org/x/tools/go/buildutil.test imports
	golang.org/x/tools/go/packages/packagestest imports
	golang.org/x/xerrors: module lookup disabled by GOPROXY=off


[Error - 7:07:42 PM] 2022/05/23 19:07:42 tidy: diagnosing file:///home/nikitafin/Documents/pacardo-todo-server/go.mod: err: exit status 1: stderr: go: downloading github.com/gin-contrib/gzip v0.0.5
go: downloading github.com/google/go-cmp v0.5.5
go: downloading gopkg.in/check.v1 v1.0.0-20201130134442-10cb98267c6c
go: downloading golang.org/x/xerrors v0.0.0-20200804184101-5ec99f83aff1
github.com/pacardo-games-production/pacardo-todo-server/cmd imports
	github.com/swaggo/gin-swagger tested by
	github.com/swaggo/gin-swagger.test imports
	github.com/gin-contrib/gzip: module lookup disabled by GOPROXY=off
github.com/pacardo-games-production/pacardo-todo-server/cmd imports
	github.com/gin-gonic/gin imports
	github.com/gin-gonic/gin/binding imports
	github.com/golang/protobuf/proto tested by
	github.com/golang/protobuf/proto.test imports
	github.com/google/go-cmp/cmp: module lookup disabled by GOPROXY=off
github.com/pacardo-games-production/pacardo-todo-server/cmd imports
	github.com/gin-gonic/gin imports
	github.com/gin-gonic/gin/binding imports
	gopkg.in/yaml.v2 tested by
	gopkg.in/yaml.v2.test imports
	gopkg.in/check.v1: module lookup disabled by GOPROXY=off
github.com/pacardo-games-production/pacardo-todo-server/cmd imports
	github.com/gin-gonic/gin imports
	github.com/gin-gonic/gin/binding imports
	github.com/golang/protobuf/proto imports
	google.golang.org/protobuf/reflect/protoregistry tested by
	google.golang.org/protobuf/reflect/protoregistry.test imports
	github.com/google/go-cmp/cmp/cmpopts: module lookup disabled by GOPROXY=off
github.com/pacardo-games-production/pacardo-todo-server/docs imports
	github.com/swaggo/swag imports
	golang.org/x/tools/go/loader imports
	golang.org/x/tools/go/buildutil tested by
	golang.org/x/tools/go/buildutil.test imports
	golang.org/x/tools/go/packages/packagestest imports
	golang.org/x/xerrors: module lookup disabled by GOPROXY=off


[Error - 7:07:48 PM] 2022/05/23 19:07:48 tidy: diagnosing file:///home/nikitafin/Documents/pacardo-todo-server/go.mod: err: exit status 1: stderr: go: downloading github.com/gin-contrib/gzip v0.0.5
go: downloading github.com/google/go-cmp v0.5.5
go: downloading gopkg.in/check.v1 v1.0.0-20201130134442-10cb98267c6c
go: downloading golang.org/x/xerrors v0.0.0-20200804184101-5ec99f83aff1
github.com/pacardo-games-production/pacardo-todo-server/cmd imports
	github.com/swaggo/gin-swagger tested by
	github.com/swaggo/gin-swagger.test imports
	github.com/gin-contrib/gzip: module lookup disabled by GOPROXY=off
github.com/pacardo-games-production/pacardo-todo-server/cmd imports
	github.com/gin-gonic/gin imports
	github.com/gin-gonic/gin/binding imports
	github.com/golang/protobuf/proto tested by
	github.com/golang/protobuf/proto.test imports
	github.com/google/go-cmp/cmp: module lookup disabled by GOPROXY=off
github.com/pacardo-games-production/pacardo-todo-server/cmd imports
	github.com/gin-gonic/gin imports
	github.com/gin-gonic/gin/binding imports
	gopkg.in/yaml.v2 tested by
	gopkg.in/yaml.v2.test imports
	gopkg.in/check.v1: module lookup disabled by GOPROXY=off
github.com/pacardo-games-production/pacardo-todo-server/cmd imports
	github.com/gin-gonic/gin imports
	github.com/gin-gonic/gin/binding imports
	github.com/golang/protobuf/proto imports
	google.golang.org/protobuf/reflect/protoregistry tested by
	google.golang.org/protobuf/reflect/protoregistry.test imports
	github.com/google/go-cmp/cmp/cmpopts: module lookup disabled by GOPROXY=off
github.com/pacardo-games-production/pacardo-todo-server/docs imports
	github.com/swaggo/swag imports
	golang.org/x/tools/go/loader imports
	golang.org/x/tools/go/buildutil tested by
	golang.org/x/tools/go/buildutil.test imports
	golang.org/x/tools/go/packages/packagestest imports
	golang.org/x/xerrors: module lookup disabled by GOPROXY=off


[Info  - 7:08:05 PM] 2022/05/23 19:08:05 background imports cache refresh starting

[Info  - 7:08:06 PM] 2022/05/23 19:08:06 background refresh finished after 648.2718ms

[Error - 7:08:23 PM] 2022/05/23 19:08:23 tidy: diagnosing file:///home/nikitafin/Documents/pacardo-todo-server/go.mod: err: exit status 1: stderr: go: downloading github.com/gin-contrib/gzip v0.0.5
go: downloading github.com/google/go-cmp v0.5.5
go: downloading gopkg.in/check.v1 v1.0.0-20201130134442-10cb98267c6c
go: downloading golang.org/x/xerrors v0.0.0-20200804184101-5ec99f83aff1
github.com/pacardo-games-production/pacardo-todo-server/cmd imports
	github.com/swaggo/gin-swagger tested by
	github.com/swaggo/gin-swagger.test imports
	github.com/gin-contrib/gzip: module lookup disabled by GOPROXY=off
github.com/pacardo-games-production/pacardo-todo-server/cmd imports
	github.com/gin-gonic/gin imports
	github.com/gin-gonic/gin/binding imports
	github.com/golang/protobuf/proto tested by
	github.com/golang/protobuf/proto.test imports
	github.com/google/go-cmp/cmp: module lookup disabled by GOPROXY=off
github.com/pacardo-games-production/pacardo-todo-server/cmd imports
	github.com/gin-gonic/gin imports
	github.com/gin-gonic/gin/binding imports
	gopkg.in/yaml.v2 tested by
	gopkg.in/yaml.v2.test imports
	gopkg.in/check.v1: module lookup disabled by GOPROXY=off
github.com/pacardo-games-production/pacardo-todo-server/cmd imports
	github.com/gin-gonic/gin imports
	github.com/gin-gonic/gin/binding imports
	github.com/golang/protobuf/proto imports
	google.golang.org/protobuf/reflect/protoregistry tested by
	google.golang.org/protobuf/reflect/protoregistry.test imports
	github.com/google/go-cmp/cmp/cmpopts: module lookup disabled by GOPROXY=off
github.com/pacardo-games-production/pacardo-todo-server/docs imports
	github.com/swaggo/swag imports
	golang.org/x/tools/go/loader imports
	golang.org/x/tools/go/buildutil tested by
	golang.org/x/tools/go/buildutil.test imports
	golang.org/x/tools/go/packages/packagestest imports
	golang.org/x/xerrors: module lookup disabled by GOPROXY=off


[Error - 7:08:54 PM] 2022/05/23 19:08:54 tidy: diagnosing file:///home/nikitafin/Documents/pacardo-todo-server/go.mod: err: exit status 1: stderr: go: downloading github.com/gin-contrib/gzip v0.0.5
go: downloading github.com/google/go-cmp v0.5.5
go: downloading gopkg.in/check.v1 v1.0.0-20201130134442-10cb98267c6c
go: downloading golang.org/x/xerrors v0.0.0-20200804184101-5ec99f83aff1
github.com/pacardo-games-production/pacardo-todo-server/cmd imports
	github.com/swaggo/gin-swagger tested by
	github.com/swaggo/gin-swagger.test imports
	github.com/gin-contrib/gzip: module lookup disabled by GOPROXY=off
github.com/pacardo-games-production/pacardo-todo-server/cmd imports
	github.com/gin-gonic/gin imports
	github.com/gin-gonic/gin/binding imports
	github.com/golang/protobuf/proto tested by
	github.com/golang/protobuf/proto.test imports
	github.com/google/go-cmp/cmp: module lookup disabled by GOPROXY=off
github.com/pacardo-games-production/pacardo-todo-server/cmd imports
	github.com/gin-gonic/gin imports
	github.com/gin-gonic/gin/binding imports
	gopkg.in/yaml.v2 tested by
	gopkg.in/yaml.v2.test imports
	gopkg.in/check.v1: module lookup disabled by GOPROXY=off
github.com/pacardo-games-production/pacardo-todo-server/cmd imports
	github.com/gin-gonic/gin imports
	github.com/gin-gonic/gin/binding imports
	github.com/golang/protobuf/proto imports
	google.golang.org/protobuf/reflect/protoregistry tested by
	google.golang.org/protobuf/reflect/protoregistry.test imports
	github.com/google/go-cmp/cmp/cmpopts: module lookup disabled by GOPROXY=off
github.com/pacardo-games-production/pacardo-todo-server/docs imports
	github.com/swaggo/swag imports
	golang.org/x/tools/go/loader imports
	golang.org/x/tools/go/buildutil tested by
	golang.org/x/tools/go/buildutil.test imports
	golang.org/x/tools/go/packages/packagestest imports
	golang.org/x/xerrors: module lookup disabled by GOPROXY=off


[Info  - 7:09:57 PM] 2022/05/23 19:09:57 Shutdown session
	shutdown_session=1

[Info  - 7:09:57 PM] 2022/05/23 19:09:57 go env for /home/nikitafin/Documents/pacardo-todo-server
(root /home/nikitafin/Documents/pacardo-todo-server)
(go version go version go1.18.1 linux/amd64)
(valid build configuration = true)
(build flags: [])
GOPATH=/home/nikitafin/go
GOROOT=/usr/lib/go-1.18
GO111MODULE=
GOINSECURE=
GONOSUMDB=
GOPRIVATE=
GOMODCACHE=/home/nikitafin/go/pkg/mod
GOSUMDB=sum.golang.org
GOCACHE=/home/nikitafin/.cache/go-build
GOFLAGS=
GONOPROXY=
GOPROXY=https://proxy.golang.org,direct
GOMOD=/home/nikitafin/Documents/pacardo-todo-server/go.mod


[Info  - 7:09:57 PM] 2022/05/23 19:09:57 go/packages.Load
	snapshot=0
	directory=/home/nikitafin/Documents/pacardo-todo-server
	query=[builtin github.com/pacardo-games-production/pacardo-todo-server/...]
	packages=3

[Info  - 7:09:57 PM] 2022/05/23 19:09:57 falling back to safe trimming due to type errors: [/usr/lib/go-1.18/src/runtime/vdso_linux.go:53:38: invalid operation: division by zero /usr/lib/go-1.18/src/runtime/vdso_linux.go:54:38: invalid operation: division by zero] or still-missing identifiers: map[memRecordCycle:true pageBits:true]
	package="runtime"

[Info  - 7:09:57 PM] 2022/05/23 19:09:57 falling back to safe trimming due to type errors: [/usr/lib/go-1.18/src/internal/buildcfg/exp.go:24:38: 2-valued (func() (goexperiment.Flags, goexperiment.Flags) literal)() (value of type (goexperiment.Flags, goexperiment.Flags)) where single value is expected] or still-missing identifiers: map[]
	package="internal/buildcfg"

[Info  - 7:09:57 PM] 2022/05/23 19:09:57 discovered missing identifiers: map[options:true]
	package="vendor/golang.org/x/text/unicode/bidi"

[Info  - 7:09:57 PM] 2022/05/23 19:09:57 discovered missing identifiers: map[yaml_style_t:true]
	package="gopkg.in/yaml.v2"

[Info  - 7:09:57 PM] 2022/05/23 19:09:57 discovered missing identifiers: map[term:true]
	package="go/types"

[Info  - 7:09:57 PM] 2022/05/23 19:09:57 discovered missing identifiers: map[cardinality:true kind:true syntax:true value:true]
	package="google.golang.org/protobuf/reflect/protoreflect"

[Info  - 7:09:57 PM] 2022/05/23 19:09:57 discovered missing identifiers: map[debugMethod:true]
	package="net/rpc"

[Info  - 7:09:57 PM] 2022/05/23 19:09:57 discovered missing identifiers: map[matcher:true]
	package="golang.org/x/text/language"

[Info  - 7:09:58 PM] 2022/05/23 19:09:58 discovered missing identifiers: map[unknownFieldsA:true]
	package="google.golang.org/protobuf/internal/impl"

[Info  - 7:09:58 PM] 2022/05/23 19:09:58 discovered missing identifiers: map[decPerType:true encPerType:true intf2impl:true]
	package="github.com/ugorji/go/codec"

[Info  - 7:09:58 PM] 2022/05/23 19:09:58 discovered missing identifiers: map[cpuMask:true]
	package="golang.org/x/sys/unix"

[Error - 7:09:58 PM] 2022/05/23 19:09:58 tidy: diagnosing file:///home/nikitafin/Documents/pacardo-todo-server/go.mod: err: exit status 1: stderr: go: downloading github.com/gin-contrib/gzip v0.0.5
go: downloading github.com/google/go-cmp v0.5.5
go: downloading gopkg.in/check.v1 v1.0.0-20201130134442-10cb98267c6c
go: downloading golang.org/x/xerrors v0.0.0-20200804184101-5ec99f83aff1
github.com/pacardo-games-production/pacardo-todo-server/cmd imports
	github.com/swaggo/gin-swagger tested by
	github.com/swaggo/gin-swagger.test imports
	github.com/gin-contrib/gzip: module lookup disabled by GOPROXY=off
github.com/pacardo-games-production/pacardo-todo-server/cmd imports
	github.com/gin-gonic/gin imports
	github.com/gin-gonic/gin/binding imports
	github.com/golang/protobuf/proto tested by
	github.com/golang/protobuf/proto.test imports
	github.com/google/go-cmp/cmp: module lookup disabled by GOPROXY=off
github.com/pacardo-games-production/pacardo-todo-server/cmd imports
	github.com/gin-gonic/gin imports
	github.com/gin-gonic/gin/binding imports
	gopkg.in/yaml.v2 tested by
	gopkg.in/yaml.v2.test imports
	gopkg.in/check.v1: module lookup disabled by GOPROXY=off
github.com/pacardo-games-production/pacardo-todo-server/cmd imports
	github.com/gin-gonic/gin imports
	github.com/gin-gonic/gin/binding imports
	github.com/golang/protobuf/proto imports
	google.golang.org/protobuf/reflect/protoregistry tested by
	google.golang.org/protobuf/reflect/protoregistry.test imports
	github.com/google/go-cmp/cmp/cmpopts: module lookup disabled by GOPROXY=off
github.com/pacardo-games-production/pacardo-todo-server/docs imports
	github.com/swaggo/swag imports
	golang.org/x/tools/go/loader imports
	golang.org/x/tools/go/buildutil tested by
	golang.org/x/tools/go/buildutil.test imports
	golang.org/x/tools/go/packages/packagestest imports
	golang.org/x/xerrors: module lookup disabled by GOPROXY=off


[Error - 7:15:07 PM] 2022/05/23 19:15:07 tidy: diagnosing file:///home/nikitafin/Documents/pacardo-todo-server/go.mod: err: exit status 1: stderr: go: downloading github.com/gin-contrib/gzip v0.0.5
go: downloading github.com/google/go-cmp v0.5.5
go: downloading gopkg.in/check.v1 v1.0.0-20201130134442-10cb98267c6c
go: downloading golang.org/x/xerrors v0.0.0-20200804184101-5ec99f83aff1
github.com/pacardo-games-production/pacardo-todo-server/cmd imports
	github.com/swaggo/gin-swagger tested by
	github.com/swaggo/gin-swagger.test imports
	github.com/gin-contrib/gzip: module lookup disabled by GOPROXY=off
github.com/pacardo-games-production/pacardo-todo-server/cmd imports
	github.com/gin-gonic/gin imports
	github.com/gin-gonic/gin/binding imports
	github.com/golang/protobuf/proto tested by
	github.com/golang/protobuf/proto.test imports
	github.com/google/go-cmp/cmp: module lookup disabled by GOPROXY=off
github.com/pacardo-games-production/pacardo-todo-server/cmd imports
	github.com/gin-gonic/gin imports
	github.com/gin-gonic/gin/binding imports
	gopkg.in/yaml.v2 tested by
	gopkg.in/yaml.v2.test imports
	gopkg.in/check.v1: module lookup disabled by GOPROXY=off
github.com/pacardo-games-production/pacardo-todo-server/cmd imports
	github.com/gin-gonic/gin imports
	github.com/gin-gonic/gin/binding imports
	github.com/golang/protobuf/proto imports
	google.golang.org/protobuf/reflect/protoregistry tested by
	google.golang.org/protobuf/reflect/protoregistry.test imports
	github.com/google/go-cmp/cmp/cmpopts: module lookup disabled by GOPROXY=off
github.com/pacardo-games-production/pacardo-todo-server/docs imports
	github.com/swaggo/swag imports
	golang.org/x/tools/go/loader imports
	golang.org/x/tools/go/buildutil tested by
	golang.org/x/tools/go/buildutil.test imports
	golang.org/x/tools/go/packages/packagestest imports
	golang.org/x/xerrors: module lookup disabled by GOPROXY=off


[Error - 7:15:30 PM] 2022/05/23 19:15:30 tidy: diagnosing file:///home/nikitafin/Documents/pacardo-todo-server/go.mod: err: exit status 1: stderr: go: downloading github.com/gin-contrib/gzip v0.0.5
go: downloading github.com/google/go-cmp v0.5.5
go: downloading gopkg.in/check.v1 v1.0.0-20201130134442-10cb98267c6c
go: downloading golang.org/x/xerrors v0.0.0-20200804184101-5ec99f83aff1
github.com/pacardo-games-production/pacardo-todo-server/cmd imports
	github.com/swaggo/gin-swagger tested by
	github.com/swaggo/gin-swagger.test imports
	github.com/gin-contrib/gzip: module lookup disabled by GOPROXY=off
github.com/pacardo-games-production/pacardo-todo-server/cmd imports
	github.com/gin-gonic/gin imports
	github.com/gin-gonic/gin/binding imports
	github.com/golang/protobuf/proto tested by
	github.com/golang/protobuf/proto.test imports
	github.com/google/go-cmp/cmp: module lookup disabled by GOPROXY=off
github.com/pacardo-games-production/pacardo-todo-server/cmd imports
	github.com/gin-gonic/gin imports
	github.com/gin-gonic/gin/binding imports
	gopkg.in/yaml.v2 tested by
	gopkg.in/yaml.v2.test imports
	gopkg.in/check.v1: module lookup disabled by GOPROXY=off
github.com/pacardo-games-production/pacardo-todo-server/cmd imports
	github.com/gin-gonic/gin imports
	github.com/gin-gonic/gin/binding imports
	github.com/golang/protobuf/proto imports
	google.golang.org/protobuf/reflect/protoregistry tested by
	google.golang.org/protobuf/reflect/protoregistry.test imports
	github.com/google/go-cmp/cmp/cmpopts: module lookup disabled by GOPROXY=off
github.com/pacardo-games-production/pacardo-todo-server/docs imports
	github.com/swaggo/swag imports
	golang.org/x/tools/go/loader imports
	golang.org/x/tools/go/buildutil tested by
	golang.org/x/tools/go/buildutil.test imports
	golang.org/x/tools/go/packages/packagestest imports
	golang.org/x/xerrors: module lookup disabled by GOPROXY=off


[Error - 7:15:41 PM] 2022/05/23 19:15:41 tidy: diagnosing file:///home/nikitafin/Documents/pacardo-todo-server/go.mod: err: exit status 1: stderr: go: downloading github.com/gin-contrib/gzip v0.0.5
go: downloading github.com/google/go-cmp v0.5.5
go: downloading gopkg.in/check.v1 v1.0.0-20201130134442-10cb98267c6c
go: downloading golang.org/x/xerrors v0.0.0-20200804184101-5ec99f83aff1
github.com/pacardo-games-production/pacardo-todo-server/cmd imports
	github.com/swaggo/gin-swagger tested by
	github.com/swaggo/gin-swagger.test imports
	github.com/gin-contrib/gzip: module lookup disabled by GOPROXY=off
github.com/pacardo-games-production/pacardo-todo-server/cmd imports
	github.com/gin-gonic/gin imports
	github.com/gin-gonic/gin/binding imports
	github.com/golang/protobuf/proto tested by
	github.com/golang/protobuf/proto.test imports
	github.com/google/go-cmp/cmp: module lookup disabled by GOPROXY=off
github.com/pacardo-games-production/pacardo-todo-server/cmd imports
	github.com/gin-gonic/gin imports
	github.com/gin-gonic/gin/binding imports
	gopkg.in/yaml.v2 tested by
	gopkg.in/yaml.v2.test imports
	gopkg.in/check.v1: module lookup disabled by GOPROXY=off
github.com/pacardo-games-production/pacardo-todo-server/cmd imports
	github.com/gin-gonic/gin imports
	github.com/gin-gonic/gin/binding imports
	github.com/golang/protobuf/proto imports
	google.golang.org/protobuf/reflect/protoregistry tested by
	google.golang.org/protobuf/reflect/protoregistry.test imports
	github.com/google/go-cmp/cmp/cmpopts: module lookup disabled by GOPROXY=off
github.com/pacardo-games-production/pacardo-todo-server/docs imports
	github.com/swaggo/swag imports
	golang.org/x/tools/go/loader imports
	golang.org/x/tools/go/buildutil tested by
	golang.org/x/tools/go/buildutil.test imports
	golang.org/x/tools/go/packages/packagestest imports
	golang.org/x/xerrors: module lookup disabled by GOPROXY=off


[Info  - 7:16:00 PM] 2022/05/23 19:16:00 background imports cache refresh starting

[Info  - 7:16:00 PM] 2022/05/23 19:16:00 background refresh finished after 112.179174ms

[Info  - 7:16:31 PM] 2022/05/23 19:16:31 background imports cache refresh starting

[Info  - 7:16:31 PM] 2022/05/23 19:16:31 background refresh finished after 19.411177ms

[Error - 7:21:00 PM] 2022/05/23 19:21:00 tidy: diagnosing file:///home/nikitafin/Documents/pacardo-todo-server/go.mod: err: exit status 1: stderr: go: downloading github.com/gin-contrib/gzip v0.0.5
go: downloading github.com/google/go-cmp v0.5.5
go: downloading gopkg.in/check.v1 v1.0.0-20201130134442-10cb98267c6c
go: downloading golang.org/x/xerrors v0.0.0-20200804184101-5ec99f83aff1
github.com/pacardo-games-production/pacardo-todo-server/cmd imports
	github.com/swaggo/gin-swagger tested by
	github.com/swaggo/gin-swagger.test imports
	github.com/gin-contrib/gzip: module lookup disabled by GOPROXY=off
github.com/pacardo-games-production/pacardo-todo-server/cmd imports
	github.com/gin-gonic/gin imports
	github.com/gin-gonic/gin/binding imports
	github.com/golang/protobuf/proto tested by
	github.com/golang/protobuf/proto.test imports
	github.com/google/go-cmp/cmp: module lookup disabled by GOPROXY=off
github.com/pacardo-games-production/pacardo-todo-server/cmd imports
	github.com/gin-gonic/gin imports
	github.com/gin-gonic/gin/binding imports
	gopkg.in/yaml.v2 tested by
	gopkg.in/yaml.v2.test imports
	gopkg.in/check.v1: module lookup disabled by GOPROXY=off
github.com/pacardo-games-production/pacardo-todo-server/cmd imports
	github.com/gin-gonic/gin imports
	github.com/gin-gonic/gin/binding imports
	github.com/golang/protobuf/proto imports
	google.golang.org/protobuf/reflect/protoregistry tested by
	google.golang.org/protobuf/reflect/protoregistry.test imports
	github.com/google/go-cmp/cmp/cmpopts: module lookup disabled by GOPROXY=off
github.com/pacardo-games-production/pacardo-todo-server/docs imports
	github.com/swaggo/swag imports
	golang.org/x/tools/go/loader imports
	golang.org/x/tools/go/buildutil tested by
	golang.org/x/tools/go/buildutil.test imports
	golang.org/x/tools/go/packages/packagestest imports
	golang.org/x/xerrors: module lookup disabled by GOPROXY=off


